 Number of Domains=
 ./Parameter/00064Ndom.in      
 ./Parameter/00064Nedg.in      
          20
 GH  -5.38748089001123       -4.60368244955074       -3.94476404011563     
  -3.34785456738322       -2.78880605842813       -2.25497400208928     
  -1.73853771211659       -1.23407621539532      -0.737473728545395     
 -0.245340708300902       0.245340708300902       0.737473728545395     
   1.23407621539532        1.73853771211659        2.25497400208928     
   2.78880605842813        3.34785456738322        3.94476404011563     
   4.60368244955074        5.38748089001123     
 GHW  0.898591961453179       0.704332961176934       0.622278696191411     
  0.575262442852504       0.544851742364519       0.524080350948556     
  0.509679027117457       0.499920871336290       0.493843385272053     
  0.490921500666746       0.490921500666746       0.493843385272053     
  0.499920871336290       0.509679027117457       0.524080350948556     
  0.544851742364519       0.575262442852504       0.622278696191411     
  0.704332961176934       0.898591961453179     
 wp  0.898591935634613       0.704332947731018       0.622278690338135     
  0.575262427330017       0.544851720333099       0.524080336093903     
  0.509679019451141       0.499920874834061       0.493843376636505     
  0.490921497344971       0.490921497344971       0.493843376636505     
  0.499920874834061       0.509679019451141       0.524080336093903     
  0.544851720333099       0.575262427330017       0.622278690338135     
  0.704332947731018       0.898591935634613     
  -5.38748089001123       -4.60368244955074       -3.94476404011563     
  -3.34785456738322       -2.78880605842813       -2.25497400208928     
  -1.73853771211659       -1.23407621539532      -0.737473728545395     
 -0.245340708300902       0.245340708300902       0.737473728545395     
   1.23407621539532        1.73853771211659        2.25497400208928     
   2.78880605842813        3.34785456738322        3.94476404011563     
   4.60368244955074        5.38748089001123     
 Theta           0 I_prob           3
 Ux1 -0.750000000000000       0.749999781320639       0.749999781320639     
  0.749999781320639       0.749999781320639       0.749999781320640     
  0.749999781320639       0.749999781320640       0.749999781320640     
  0.749999781320639       0.749999781320639       0.749999781320639     
  0.749999781320640       0.749999781320639       0.749999781320639     
  0.749999781320639       0.749999781320639     
 Uy1 -0.500000000000000       0.499999951176770       0.499999951176770     
  0.499999951176770       0.499999951176770       0.499999951176770     
  0.499999951176769       0.499999951176770       0.499999951176770     
  0.499999951176770       0.499999951176770       0.499999951176769     
  0.499999951176770       0.499999951176770       0.499999951176770     
  0.499999951176769       0.499999951176769     
 Z1  0.142000000000000       0.142000106001394       0.142000106001396     
  0.142000106001394       0.142000106001394       0.142000106001395     
  0.142000106001396       0.142000106001395       0.142000106001395     
  0.142000106001397       0.142000106001396       0.142000106001397     
  0.142000106001395       0.142000106001396       0.142000106001397     
  0.142000106001397       0.142000106001396     
 T1   2.07800000000000        2.07799836093688        2.07799836093688     
   2.07799836093688        2.07799836093688        2.07799836093688     
   2.07799836093688        2.07799836093688        2.07799836093688     
   2.07799836093688        2.07799836093688        2.07799836093688     
   2.07799836093688        2.07799836093688        2.07799836093688     
   2.07799836093688        2.07799836093688     
 R_loc  0.927008554655396       0.927008554655408       0.927008554655400     
  0.927008554655398       0.927008554655407       0.927008554655408     
  0.927008554655406       0.927008554655401       0.927008554655416     
  0.927008554655412       0.927008554655414       0.927008554655406     
  0.927008554655413       0.927008554655418       0.927008554655414     
  0.927008554655412     
 End of DG2D Initial
 a_max   5.38748089001123     
 dt =   2.577993160892666E-003 Deg=           4
 Domain #:     28  at x=: 0.0000  at y=: 0.0000  Density= 1.0901
 Domain #:     29  at x=: 0.0000  at y=: 0.0000  Density= 1.2264
 Domain #:     36  at x=: 0.0000  at y=: 0.0000  Density= 1.1762
 Domain #:     37  at x=: 0.0000  at y=: 0.0000  Density= 1.0948
 time=  2.577993160892666E-003
 Domain #:     28  at x=: 0.0000  at y=: 0.0000  Density= 1.1389
 Domain #:     29  at x=: 0.0000  at y=: 0.0000  Density= 1.2106
 Domain #:     36  at x=: 0.0000  at y=: 0.0000  Density= 1.1786
 Domain #:     37  at x=: 0.0000  at y=: 0.0000  Density= 1.1440
 time=  5.155986321785331E-003
 Domain #:     28  at x=: 0.0000  at y=: 0.0000  Density= 1.1730
 Domain #:     29  at x=: 0.0000  at y=: 0.0000  Density= 1.2083
 Domain #:     36  at x=: 0.0000  at y=: 0.0000  Density= 1.1863
 Domain #:     37  at x=: 0.0000  at y=: 0.0000  Density= 1.1774
 time=  7.733979482677997E-003
 Domain #:     28  at x=: 0.0000  at y=: 0.0000  Density= 1.1945
 Domain #:     29  at x=: 0.0000  at y=: 0.0000  Density= 1.2146
 Domain #:     36  at x=: 0.0000  at y=: 0.0000  Density= 1.1969
 Domain #:     37  at x=: 0.0000  at y=: 0.0000  Density= 1.1978
 time=  1.031197264357066E-002
 Domain #:     28  at x=: 0.0000  at y=: 0.0000  Density= 1.2070
 Domain #:     29  at x=: 0.0000  at y=: 0.0000  Density= 1.2251
 Domain #:     36  at x=: 0.0000  at y=: 0.0000  Density= 1.2081
 Domain #:     37  at x=: 0.0000  at y=: 0.0000  Density= 1.2088
 time=  1.288996580446333E-002
 Domain #:     28  at x=: 0.0000  at y=: 0.0000  Density= 1.2132
 Domain #:     29  at x=: 0.0000  at y=: 0.0000  Density= 1.2367
 Domain #:     36  at x=: 0.0000  at y=: 0.0000  Density= 1.2183
 Domain #:     37  at x=: 0.0000  at y=: 0.0000  Density= 1.2135
 time=  1.546795896535600E-002
 Domain #:     28  at x=: 0.0000  at y=: 0.0000  Density= 1.2155
 Domain #:     29  at x=: 0.0000  at y=: 0.0000  Density= 1.2475
 Domain #:     36  at x=: 0.0000  at y=: 0.0000  Density= 1.2269
 Domain #:     37  at x=: 0.0000  at y=: 0.0000  Density= 1.2145
 time=  1.804595212624866E-002
 Domain #:     28  at x=: 0.0000  at y=: 0.0000  Density= 1.2155
 Domain #:     29  at x=: 0.0000  at y=: 0.0000  Density= 1.2562
 Domain #:     36  at x=: 0.0000  at y=: 0.0000  Density= 1.2332
 Domain #:     37  at x=: 0.0000  at y=: 0.0000  Density= 1.2134
 time=  2.062394528714133E-002
 Domain #:     28  at x=: 0.0000  at y=: 0.0000  Density= 1.2143
 Domain #:     29  at x=: 0.0000  at y=: 0.0000  Density= 1.2623
 Domain #:     36  at x=: 0.0000  at y=: 0.0000  Density= 1.2374
 Domain #:     37  at x=: 0.0000  at y=: 0.0000  Density= 1.2112
 time=  2.320193844803399E-002
 Domain #:     28  at x=: 0.0000  at y=: 0.0000  Density= 1.2123
 Domain #:     29  at x=: 0.0000  at y=: 0.0000  Density= 1.2655
 Domain #:     36  at x=: 0.0000  at y=: 0.0000  Density= 1.2395
 Domain #:     37  at x=: 0.0000  at y=: 0.0000  Density= 1.2086
 time=  2.577993160892665E-002
 Domain #:     28  at x=: 0.0000  at y=: 0.0000  Density= 1.2100
 Domain #:     29  at x=: 0.0000  at y=: 0.0000  Density= 1.2660
 Domain #:     36  at x=: 0.0000  at y=: 0.0000  Density= 1.2397
 Domain #:     37  at x=: 0.0000  at y=: 0.0000  Density= 1.2059
 time=  2.835792476981932E-002
 Domain #:     28  at x=: 0.0000  at y=: 0.0000  Density= 1.2075
 Domain #:     29  at x=: 0.0000  at y=: 0.0000  Density= 1.2640
 Domain #:     36  at x=: 0.0000  at y=: 0.0000  Density= 1.2383
 Domain #:     37  at x=: 0.0000  at y=: 0.0000  Density= 1.2031
 time=  3.093591793071198E-002
 Domain #:     28  at x=: 0.0000  at y=: 0.0000  Density= 1.2049
 Domain #:     29  at x=: 0.0000  at y=: 0.0000  Density= 1.2598
 Domain #:     36  at x=: 0.0000  at y=: 0.0000  Density= 1.2354
 Domain #:     37  at x=: 0.0000  at y=: 0.0000  Density= 1.2004
 time=  3.351391109160465E-002
 Domain #:     28  at x=: 0.0000  at y=: 0.0000  Density= 1.2022
 Domain #:     29  at x=: 0.0000  at y=: 0.0000  Density= 1.2540
 Domain #:     36  at x=: 0.0000  at y=: 0.0000  Density= 1.2315
 Domain #:     37  at x=: 0.0000  at y=: 0.0000  Density= 1.1978
 time=  3.609190425249732E-002
 Domain #:     28  at x=: 0.0000  at y=: 0.0000  Density= 1.1994
 Domain #:     29  at x=: 0.0000  at y=: 0.0000  Density= 1.2468
 Domain #:     36  at x=: 0.0000  at y=: 0.0000  Density= 1.2268
 Domain #:     37  at x=: 0.0000  at y=: 0.0000  Density= 1.1950
 time=  3.866989741338998E-002
 Domain #:     28  at x=: 0.0000  at y=: 0.0000  Density= 1.1965
 Domain #:     29  at x=: 0.0000  at y=: 0.0000  Density= 1.2388
 Domain #:     36  at x=: 0.0000  at y=: 0.0000  Density= 1.2214
 Domain #:     37  at x=: 0.0000  at y=: 0.0000  Density= 1.1922
 time=  4.124789057428265E-002
 Domain #:     28  at x=: 0.0000  at y=: 0.0000  Density= 1.1935
 Domain #:     29  at x=: 0.0000  at y=: 0.0000  Density= 1.2303
 Domain #:     36  at x=: 0.0000  at y=: 0.0000  Density= 1.2158
 Domain #:     37  at x=: 0.0000  at y=: 0.0000  Density= 1.1893
 time=  4.382588373517532E-002
 Domain #:     28  at x=: 0.0000  at y=: 0.0000  Density= 1.1904
 Domain #:     29  at x=: 0.0000  at y=: 0.0000  Density= 1.2216
 Domain #:     36  at x=: 0.0000  at y=: 0.0000  Density= 1.2101
 Domain #:     37  at x=: 0.0000  at y=: 0.0000  Density= 1.1862
 time=  4.640387689606799E-002
 Domain #:     28  at x=: 0.0000  at y=: 0.0000  Density= 1.1871
 Domain #:     29  at x=: 0.0000  at y=: 0.0000  Density= 1.2131
 Domain #:     36  at x=: 0.0000  at y=: 0.0000  Density= 1.2045
 Domain #:     37  at x=: 0.0000  at y=: 0.0000  Density= 1.1829
 time=  4.898187005696066E-002
 Domain #:     28  at x=: 0.0000  at y=: 0.0000  Density= 1.1838
 Domain #:     29  at x=: 0.0000  at y=: 0.0000  Density= 1.2050
 Domain #:     36  at x=: 0.0000  at y=: 0.0000  Density= 1.1991
 Domain #:     37  at x=: 0.0000  at y=: 0.0000  Density= 1.1796
 time=  5.155986321785332E-002
 Domain #:     28  at x=: 0.0000  at y=: 0.0000  Density= 1.1803
 Domain #:     29  at x=: 0.0000  at y=: 0.0000  Density= 1.1975
 Domain #:     36  at x=: 0.0000  at y=: 0.0000  Density= 1.1941
 Domain #:     37  at x=: 0.0000  at y=: 0.0000  Density= 1.1762
 time=  5.413785637874599E-002
 Domain #:     28  at x=: 0.0000  at y=: 0.0000  Density= 1.1768
 Domain #:     29  at x=: 0.0000  at y=: 0.0000  Density= 1.1907
 Domain #:     36  at x=: 0.0000  at y=: 0.0000  Density= 1.1894
 Domain #:     37  at x=: 0.0000  at y=: 0.0000  Density= 1.1728
 time=  5.671584953963866E-002
 Domain #:     28  at x=: 0.0000  at y=: 0.0000  Density= 1.1734
 Domain #:     29  at x=: 0.0000  at y=: 0.0000  Density= 1.1846
 Domain #:     36  at x=: 0.0000  at y=: 0.0000  Density= 1.1851
 Domain #:     37  at x=: 0.0000  at y=: 0.0000  Density= 1.1694
 time=  5.929384270053133E-002
 Domain #:     28  at x=: 0.0000  at y=: 0.0000  Density= 1.1700
 Domain #:     29  at x=: 0.0000  at y=: 0.0000  Density= 1.1794
 Domain #:     36  at x=: 0.0000  at y=: 0.0000  Density= 1.1813
 Domain #:     37  at x=: 0.0000  at y=: 0.0000  Density= 1.1662
 time=  6.187183586142399E-002
 Domain #:     28  at x=: 0.0000  at y=: 0.0000  Density= 1.1668
 Domain #:     29  at x=: 0.0000  at y=: 0.0000  Density= 1.1749
 Domain #:     36  at x=: 0.0000  at y=: 0.0000  Density= 1.1778
 Domain #:     37  at x=: 0.0000  at y=: 0.0000  Density= 1.1633
 time=  6.444982902231666E-002
 Domain #:     28  at x=: 0.0000  at y=: 0.0000  Density= 1.1638
 Domain #:     29  at x=: 0.0000  at y=: 0.0000  Density= 1.1712
 Domain #:     36  at x=: 0.0000  at y=: 0.0000  Density= 1.1748
 Domain #:     37  at x=: 0.0000  at y=: 0.0000  Density= 1.1606
 time=  6.702782218320932E-002
 Domain #:     28  at x=: 0.0000  at y=: 0.0000  Density= 1.1612
 Domain #:     29  at x=: 0.0000  at y=: 0.0000  Density= 1.1682
 Domain #:     36  at x=: 0.0000  at y=: 0.0000  Density= 1.1721
 Domain #:     37  at x=: 0.0000  at y=: 0.0000  Density= 1.1582
 time=  6.960581534410198E-002
 Domain #:     28  at x=: 0.0000  at y=: 0.0000  Density= 1.1589
 Domain #:     29  at x=: 0.0000  at y=: 0.0000  Density= 1.1658
 Domain #:     36  at x=: 0.0000  at y=: 0.0000  Density= 1.1698
 Domain #:     37  at x=: 0.0000  at y=: 0.0000  Density= 1.1561
 time=  7.218380850499465E-002
 Domain #:     28  at x=: 0.0000  at y=: 0.0000  Density= 1.1570
 Domain #:     29  at x=: 0.0000  at y=: 0.0000  Density= 1.1639
 Domain #:     36  at x=: 0.0000  at y=: 0.0000  Density= 1.1679
 Domain #:     37  at x=: 0.0000  at y=: 0.0000  Density= 1.1544
 time=  7.476180166588731E-002
 Domain #:     28  at x=: 0.0000  at y=: 0.0000  Density= 1.1554
 Domain #:     29  at x=: 0.0000  at y=: 0.0000  Density= 1.1626
 Domain #:     36  at x=: 0.0000  at y=: 0.0000  Density= 1.1663
 Domain #:     37  at x=: 0.0000  at y=: 0.0000  Density= 1.1531
 time=  7.733979482677997E-002
 Domain #:     28  at x=: 0.0000  at y=: 0.0000  Density= 1.1543
 Domain #:     29  at x=: 0.0000  at y=: 0.0000  Density= 1.1617
 Domain #:     36  at x=: 0.0000  at y=: 0.0000  Density= 1.1651
 Domain #:     37  at x=: 0.0000  at y=: 0.0000  Density= 1.1521
 time=  7.991778798767263E-002
 Domain #:     28  at x=: 0.0000  at y=: 0.0000  Density= 1.1536
 Domain #:     29  at x=: 0.0000  at y=: 0.0000  Density= 1.1612
 Domain #:     36  at x=: 0.0000  at y=: 0.0000  Density= 1.1642
 Domain #:     37  at x=: 0.0000  at y=: 0.0000  Density= 1.1515
 time=  8.249578114856529E-002
 Domain #:     28  at x=: 0.0000  at y=: 0.0000  Density= 1.1532
 Domain #:     29  at x=: 0.0000  at y=: 0.0000  Density= 1.1610
 Domain #:     36  at x=: 0.0000  at y=: 0.0000  Density= 1.1636
 Domain #:     37  at x=: 0.0000  at y=: 0.0000  Density= 1.1513
 time=  8.507377430945795E-002
 Domain #:     28  at x=: 0.0000  at y=: 0.0000  Density= 1.1533
 Domain #:     29  at x=: 0.0000  at y=: 0.0000  Density= 1.1611
 Domain #:     36  at x=: 0.0000  at y=: 0.0000  Density= 1.1633
 Domain #:     37  at x=: 0.0000  at y=: 0.0000  Density= 1.1514
 time=  8.765176747035061E-002
 Domain #:     28  at x=: 0.0000  at y=: 0.0000  Density= 1.1536
 Domain #:     29  at x=: 0.0000  at y=: 0.0000  Density= 1.1615
 Domain #:     36  at x=: 0.0000  at y=: 0.0000  Density= 1.1634
 Domain #:     37  at x=: 0.0000  at y=: 0.0000  Density= 1.1519
 time=  9.022976063124327E-002
 Domain #:     28  at x=: 0.0000  at y=: 0.0000  Density= 1.1543
 Domain #:     29  at x=: 0.0000  at y=: 0.0000  Density= 1.1622
 Domain #:     36  at x=: 0.0000  at y=: 0.0000  Density= 1.1637
 Domain #:     37  at x=: 0.0000  at y=: 0.0000  Density= 1.1526
 time=  9.280775379213593E-002
 Domain #:     28  at x=: 0.0000  at y=: 0.0000  Density= 1.1553
 Domain #:     29  at x=: 0.0000  at y=: 0.0000  Density= 1.1631
 Domain #:     36  at x=: 0.0000  at y=: 0.0000  Density= 1.1642
 Domain #:     37  at x=: 0.0000  at y=: 0.0000  Density= 1.1537
 time=  9.538574695302859E-002
 Domain #:     28  at x=: 0.0000  at y=: 0.0000  Density= 1.1565
 Domain #:     29  at x=: 0.0000  at y=: 0.0000  Density= 1.1643
 Domain #:     36  at x=: 0.0000  at y=: 0.0000  Density= 1.1651
 Domain #:     37  at x=: 0.0000  at y=: 0.0000  Density= 1.1550
 time=  9.796374011392125E-002
 Domain #:     28  at x=: 0.0000  at y=: 0.0000  Density= 1.1580
 Domain #:     29  at x=: 0.0000  at y=: 0.0000  Density= 1.1656
 Domain #:     36  at x=: 0.0000  at y=: 0.0000  Density= 1.1661
 Domain #:     37  at x=: 0.0000  at y=: 0.0000  Density= 1.1566
 time=  0.100541733274814     
 Domain #:     28  at x=: 0.0000  at y=: 0.0000  Density= 1.1598
 Domain #:     29  at x=: 0.0000  at y=: 0.0000  Density= 1.1671
 Domain #:     36  at x=: 0.0000  at y=: 0.0000  Density= 1.1674
 Domain #:     37  at x=: 0.0000  at y=: 0.0000  Density= 1.1583
 time=  0.103119726435707     
 Domain #:     28  at x=: 0.0000  at y=: 0.0000  Density= 1.1617
 Domain #:     29  at x=: 0.0000  at y=: 0.0000  Density= 1.1688
 Domain #:     36  at x=: 0.0000  at y=: 0.0000  Density= 1.1689
 Domain #:     37  at x=: 0.0000  at y=: 0.0000  Density= 1.1603
 time=  0.105697719596599     
 Domain #:     28  at x=: 0.0000  at y=: 0.0000  Density= 1.1638
 Domain #:     29  at x=: 0.0000  at y=: 0.0000  Density= 1.1707
 Domain #:     36  at x=: 0.0000  at y=: 0.0000  Density= 1.1706
 Domain #:     37  at x=: 0.0000  at y=: 0.0000  Density= 1.1625
 time=  0.108275712757492     
 Domain #:     28  at x=: 0.0000  at y=: 0.0000  Density= 1.1660
 Domain #:     29  at x=: 0.0000  at y=: 0.0000  Density= 1.1727
 Domain #:     36  at x=: 0.0000  at y=: 0.0000  Density= 1.1724
 Domain #:     37  at x=: 0.0000  at y=: 0.0000  Density= 1.1648
 time=  0.110853705918385     
 Domain #:     28  at x=: 0.0000  at y=: 0.0000  Density= 1.1684
 Domain #:     29  at x=: 0.0000  at y=: 0.0000  Density= 1.1748
 Domain #:     36  at x=: 0.0000  at y=: 0.0000  Density= 1.1743
 Domain #:     37  at x=: 0.0000  at y=: 0.0000  Density= 1.1672
 time=  0.113431699079277     
 Domain #:     28  at x=: 0.0000  at y=: 0.0000  Density= 1.1709
 Domain #:     29  at x=: 0.0000  at y=: 0.0000  Density= 1.1770
 Domain #:     36  at x=: 0.0000  at y=: 0.0000  Density= 1.1763
 Domain #:     37  at x=: 0.0000  at y=: 0.0000  Density= 1.1697
 time=  0.116009692240170     
 Domain #:     28  at x=: 0.0000  at y=: 0.0000  Density= 1.1734
 Domain #:     29  at x=: 0.0000  at y=: 0.0000  Density= 1.1792
 Domain #:     36  at x=: 0.0000  at y=: 0.0000  Density= 1.1785
 Domain #:     37  at x=: 0.0000  at y=: 0.0000  Density= 1.1723
 time=  0.118587685401063     
 Domain #:     28  at x=: 0.0000  at y=: 0.0000  Density= 1.1760
 Domain #:     29  at x=: 0.0000  at y=: 0.0000  Density= 1.1816
 Domain #:     36  at x=: 0.0000  at y=: 0.0000  Density= 1.1806
 Domain #:     37  at x=: 0.0000  at y=: 0.0000  Density= 1.1749
 time=  0.121165678561955     
 Domain #:     28  at x=: 0.0000  at y=: 0.0000  Density= 1.1786
 Domain #:     29  at x=: 0.0000  at y=: 0.0000  Density= 1.1839
 Domain #:     36  at x=: 0.0000  at y=: 0.0000  Density= 1.1829
 Domain #:     37  at x=: 0.0000  at y=: 0.0000  Density= 1.1776
 time=  0.123743671722848     
 Domain #:     28  at x=: 0.0000  at y=: 0.0000  Density= 1.1812
 Domain #:     29  at x=: 0.0000  at y=: 0.0000  Density= 1.1863
 Domain #:     36  at x=: 0.0000  at y=: 0.0000  Density= 1.1851
 Domain #:     37  at x=: 0.0000  at y=: 0.0000  Density= 1.1802
 time=  0.126321664883741     
 Domain #:     28  at x=: 0.0000  at y=: 0.0000  Density= 1.1837
 Domain #:     29  at x=: 0.0000  at y=: 0.0000  Density= 1.1887
 Domain #:     36  at x=: 0.0000  at y=: 0.0000  Density= 1.1873
 Domain #:     37  at x=: 0.0000  at y=: 0.0000  Density= 1.1828
 time=  0.128899658044633     
 Domain #:     28  at x=: 0.0000  at y=: 0.0000  Density= 1.1862
 Domain #:     29  at x=: 0.0000  at y=: 0.0000  Density= 1.1910
 Domain #:     36  at x=: 0.0000  at y=: 0.0000  Density= 1.1895
 Domain #:     37  at x=: 0.0000  at y=: 0.0000  Density= 1.1853
 time=  0.131477651205526     
 Domain #:     28  at x=: 0.0000  at y=: 0.0000  Density= 1.1887
 Domain #:     29  at x=: 0.0000  at y=: 0.0000  Density= 1.1932
 Domain #:     36  at x=: 0.0000  at y=: 0.0000  Density= 1.1917
 Domain #:     37  at x=: 0.0000  at y=: 0.0000  Density= 1.1878
 time=  0.134055644366419     
 Domain #:     28  at x=: 0.0000  at y=: 0.0000  Density= 1.1910
 Domain #:     29  at x=: 0.0000  at y=: 0.0000  Density= 1.1954
 Domain #:     36  at x=: 0.0000  at y=: 0.0000  Density= 1.1938
 Domain #:     37  at x=: 0.0000  at y=: 0.0000  Density= 1.1901
 time=  0.136633637527311     
 Domain #:     28  at x=: 0.0000  at y=: 0.0000  Density= 1.1933
 Domain #:     29  at x=: 0.0000  at y=: 0.0000  Density= 1.1975
 Domain #:     36  at x=: 0.0000  at y=: 0.0000  Density= 1.1958
 Domain #:     37  at x=: 0.0000  at y=: 0.0000  Density= 1.1924
 time=  0.139211630688204     
 Domain #:     28  at x=: 0.0000  at y=: 0.0000  Density= 1.1954
 Domain #:     29  at x=: 0.0000  at y=: 0.0000  Density= 1.1995
 Domain #:     36  at x=: 0.0000  at y=: 0.0000  Density= 1.1977
 Domain #:     37  at x=: 0.0000  at y=: 0.0000  Density= 1.1945
 time=  0.141789623849096     
 Domain #:     28  at x=: 0.0000  at y=: 0.0000  Density= 1.1974
 Domain #:     29  at x=: 0.0000  at y=: 0.0000  Density= 1.2014
 Domain #:     36  at x=: 0.0000  at y=: 0.0000  Density= 1.1996
 Domain #:     37  at x=: 0.0000  at y=: 0.0000  Density= 1.1965
 time=  0.144367617009989     
 Domain #:     28  at x=: 0.0000  at y=: 0.0000  Density= 1.1993
 Domain #:     29  at x=: 0.0000  at y=: 0.0000  Density= 1.2032
 Domain #:     36  at x=: 0.0000  at y=: 0.0000  Density= 1.2013
 Domain #:     37  at x=: 0.0000  at y=: 0.0000  Density= 1.1984
 time=  0.146945610170882     
 Domain #:     28  at x=: 0.0000  at y=: 0.0000  Density= 1.2010
 Domain #:     29  at x=: 0.0000  at y=: 0.0000  Density= 1.2048
 Domain #:     36  at x=: 0.0000  at y=: 0.0000  Density= 1.2029
 Domain #:     37  at x=: 0.0000  at y=: 0.0000  Density= 1.2001
 time=  0.149523603331774     
 Domain #:     28  at x=: 0.0000  at y=: 0.0000  Density= 1.2026
 Domain #:     29  at x=: 0.0000  at y=: 0.0000  Density= 1.2063
 Domain #:     36  at x=: 0.0000  at y=: 0.0000  Density= 1.2044
 Domain #:     37  at x=: 0.0000  at y=: 0.0000  Density= 1.2017
 time=  0.152101596492667     
 Domain #:     28  at x=: 0.0000  at y=: 0.0000  Density= 1.2040
 Domain #:     29  at x=: 0.0000  at y=: 0.0000  Density= 1.2076
 Domain #:     36  at x=: 0.0000  at y=: 0.0000  Density= 1.2057
 Domain #:     37  at x=: 0.0000  at y=: 0.0000  Density= 1.2031
 time=  0.154679589653560     
 Domain #:     28  at x=: 0.0000  at y=: 0.0000  Density= 1.2053
 Domain #:     29  at x=: 0.0000  at y=: 0.0000  Density= 1.2088
 Domain #:     36  at x=: 0.0000  at y=: 0.0000  Density= 1.2070
 Domain #:     37  at x=: 0.0000  at y=: 0.0000  Density= 1.2044
 time=  0.157257582814452     
 Domain #:     28  at x=: 0.0000  at y=: 0.0000  Density= 1.2064
 Domain #:     29  at x=: 0.0000  at y=: 0.0000  Density= 1.2099
 Domain #:     36  at x=: 0.0000  at y=: 0.0000  Density= 1.2081
 Domain #:     37  at x=: 0.0000  at y=: 0.0000  Density= 1.2055
 time=  0.159835575975345     
 Domain #:     28  at x=: 0.0000  at y=: 0.0000  Density= 1.2074
 Domain #:     29  at x=: 0.0000  at y=: 0.0000  Density= 1.2109
 Domain #:     36  at x=: 0.0000  at y=: 0.0000  Density= 1.2091
 Domain #:     37  at x=: 0.0000  at y=: 0.0000  Density= 1.2065
 time=  0.162413569136238     
 Domain #:     28  at x=: 0.0000  at y=: 0.0000  Density= 1.2083
 Domain #:     29  at x=: 0.0000  at y=: 0.0000  Density= 1.2117
 Domain #:     36  at x=: 0.0000  at y=: 0.0000  Density= 1.2100
 Domain #:     37  at x=: 0.0000  at y=: 0.0000  Density= 1.2075
 time=  0.164991562297130     
 Domain #:     28  at x=: 0.0000  at y=: 0.0000  Density= 1.2091
 Domain #:     29  at x=: 0.0000  at y=: 0.0000  Density= 1.2124
 Domain #:     36  at x=: 0.0000  at y=: 0.0000  Density= 1.2108
 Domain #:     37  at x=: 0.0000  at y=: 0.0000  Density= 1.2083
 time=  0.167569555458023     
 Domain #:     28  at x=: 0.0000  at y=: 0.0000  Density= 1.2098
 Domain #:     29  at x=: 0.0000  at y=: 0.0000  Density= 1.2131
 Domain #:     36  at x=: 0.0000  at y=: 0.0000  Density= 1.2115
 Domain #:     37  at x=: 0.0000  at y=: 0.0000  Density= 1.2090
 time=  0.170147548618916     
 Domain #:     28  at x=: 0.0000  at y=: 0.0000  Density= 1.2104
 Domain #:     29  at x=: 0.0000  at y=: 0.0000  Density= 1.2136
 Domain #:     36  at x=: 0.0000  at y=: 0.0000  Density= 1.2121
 Domain #:     37  at x=: 0.0000  at y=: 0.0000  Density= 1.2096
 time=  0.172725541779808     
 Domain #:     28  at x=: 0.0000  at y=: 0.0000  Density= 1.2109
 Domain #:     29  at x=: 0.0000  at y=: 0.0000  Density= 1.2141
 Domain #:     36  at x=: 0.0000  at y=: 0.0000  Density= 1.2127
 Domain #:     37  at x=: 0.0000  at y=: 0.0000  Density= 1.2101
 time=  0.175303534940701     
 Domain #:     28  at x=: 0.0000  at y=: 0.0000  Density= 1.2113
 Domain #:     29  at x=: 0.0000  at y=: 0.0000  Density= 1.2144
 Domain #:     36  at x=: 0.0000  at y=: 0.0000  Density= 1.2132
 Domain #:     37  at x=: 0.0000  at y=: 0.0000  Density= 1.2106
 time=  0.177881528101594     
 Domain #:     28  at x=: 0.0000  at y=: 0.0000  Density= 1.2117
 Domain #:     29  at x=: 0.0000  at y=: 0.0000  Density= 1.2148
 Domain #:     36  at x=: 0.0000  at y=: 0.0000  Density= 1.2136
 Domain #:     37  at x=: 0.0000  at y=: 0.0000  Density= 1.2111
 time=  0.180459521262486     
 Domain #:     28  at x=: 0.0000  at y=: 0.0000  Density= 1.2121
 Domain #:     29  at x=: 0.0000  at y=: 0.0000  Density= 1.2150
 Domain #:     36  at x=: 0.0000  at y=: 0.0000  Density= 1.2140
 Domain #:     37  at x=: 0.0000  at y=: 0.0000  Density= 1.2115
 time=  0.183037514423379     
 Domain #:     28  at x=: 0.0000  at y=: 0.0000  Density= 1.2124
 Domain #:     29  at x=: 0.0000  at y=: 0.0000  Density= 1.2153
 Domain #:     36  at x=: 0.0000  at y=: 0.0000  Density= 1.2143
 Domain #:     37  at x=: 0.0000  at y=: 0.0000  Density= 1.2118
 time=  0.185615507584272     
 Domain #:     28  at x=: 0.0000  at y=: 0.0000  Density= 1.2127
 Domain #:     29  at x=: 0.0000  at y=: 0.0000  Density= 1.2155
 Domain #:     36  at x=: 0.0000  at y=: 0.0000  Density= 1.2147
 Domain #:     37  at x=: 0.0000  at y=: 0.0000  Density= 1.2122
 time=  0.188193500745164     
 Domain #:     28  at x=: 0.0000  at y=: 0.0000  Density= 1.2130
 Domain #:     29  at x=: 0.0000  at y=: 0.0000  Density= 1.2157
 Domain #:     36  at x=: 0.0000  at y=: 0.0000  Density= 1.2149
 Domain #:     37  at x=: 0.0000  at y=: 0.0000  Density= 1.2125
 time=  0.190771493906057     
 Domain #:     28  at x=: 0.0000  at y=: 0.0000  Density= 1.2133
 Domain #:     29  at x=: 0.0000  at y=: 0.0000  Density= 1.2159
 Domain #:     36  at x=: 0.0000  at y=: 0.0000  Density= 1.2152
 Domain #:     37  at x=: 0.0000  at y=: 0.0000  Density= 1.2128
 time=  0.193349487066950     
 Domain #:     28  at x=: 0.0000  at y=: 0.0000  Density= 1.2136
 Domain #:     29  at x=: 0.0000  at y=: 0.0000  Density= 1.2160
 Domain #:     36  at x=: 0.0000  at y=: 0.0000  Density= 1.2155
 Domain #:     37  at x=: 0.0000  at y=: 0.0000  Density= 1.2132
 time=  0.195927480227842     
 Domain #:     28  at x=: 0.0000  at y=: 0.0000  Density= 1.2139
 Domain #:     29  at x=: 0.0000  at y=: 0.0000  Density= 1.2162
 Domain #:     36  at x=: 0.0000  at y=: 0.0000  Density= 1.2158
 Domain #:     37  at x=: 0.0000  at y=: 0.0000  Density= 1.2135
 time=  0.198505473388735     
 Domain #:     28  at x=: 0.0000  at y=: 0.0000  Density= 1.2137
 Domain #:     29  at x=: 0.0000  at y=: 0.0000  Density= 1.2161
 Domain #:     36  at x=: 0.0000  at y=: 0.0000  Density= 1.2156
 Domain #:     37  at x=: 0.0000  at y=: 0.0000  Density= 1.2133
 time=  0.200000000000000     
 error_L2=   1.41421356203244      error_max=  0.999938347152488     
Fortran, cost   198.158875 s
