 Number of Domains=
 ./Parameter/00256Ndom.in      
 ./Parameter/00256Nedg.in      
          20
 GH  -5.38748089001123       -4.60368244955074       -3.94476404011563     
  -3.34785456738322       -2.78880605842813       -2.25497400208928     
  -1.73853771211659       -1.23407621539532      -0.737473728545395     
 -0.245340708300902       0.245340708300902       0.737473728545395     
   1.23407621539532        1.73853771211659        2.25497400208928     
   2.78880605842813        3.34785456738322        3.94476404011563     
   4.60368244955074        5.38748089001123     
 GHW  0.898591961453179       0.704332961176934       0.622278696191411     
  0.575262442852504       0.544851742364519       0.524080350948556     
  0.509679027117457       0.499920871336290       0.493843385272053     
  0.490921500666746       0.490921500666746       0.493843385272053     
  0.499920871336290       0.509679027117457       0.524080350948556     
  0.544851742364519       0.575262442852504       0.622278696191411     
  0.704332961176934       0.898591961453179     
 wp  0.898591935634613       0.704332947731018       0.622278690338135     
  0.575262427330017       0.544851720333099       0.524080336093903     
  0.509679019451141       0.499920874834061       0.493843376636505     
  0.490921497344971       0.490921497344971       0.493843376636505     
  0.499920874834061       0.509679019451141       0.524080336093903     
  0.544851720333099       0.575262427330017       0.622278690338135     
  0.704332947731018       0.898591935634613     
  -5.38748089001123       -4.60368244955074       -3.94476404011563     
  -3.34785456738322       -2.78880605842813       -2.25497400208928     
  -1.73853771211659       -1.23407621539532      -0.737473728545395     
 -0.245340708300902       0.245340708300902       0.737473728545395     
   1.23407621539532        1.73853771211659        2.25497400208928     
   2.78880605842813        3.34785456738322        3.94476404011563     
   4.60368244955074        5.38748089001123     
 Theta           0 I_prob           3
 Ux1 -0.750000000000000       0.749999781320640       0.749999781320639     
  0.749999781320640       0.749999781320639       0.749999781320640     
  0.749999781320640       0.749999781320640       0.749999781320640     
  0.749999781320639       0.749999781320640       0.749999781320639     
  0.749999781320640       0.749999781320639       0.749999781320639     
  0.749999781320639       0.749999781320639     
 Uy1 -0.500000000000000       0.499999951176770       0.499999951176770     
  0.499999951176770       0.499999951176770       0.499999951176770     
  0.499999951176770       0.499999951176770       0.499999951176770     
  0.499999951176770       0.499999951176770       0.499999951176770     
  0.499999951176770       0.499999951176770       0.499999951176770     
  0.499999951176770       0.499999951176770     
 Z1  0.142000000000000       0.142000106001377       0.142000106001375     
  0.142000106001379       0.142000106001374       0.142000106001386     
  0.142000106001381       0.142000106001388       0.142000106001380     
  0.142000106001389       0.142000106001387       0.142000106001389     
  0.142000106001385       0.142000106001392       0.142000106001389     
  0.142000106001394       0.142000106001388     
 T1   2.07800000000000        2.07799836093688        2.07799836093688     
   2.07799836093688        2.07799836093688        2.07799836093688     
   2.07799836093688        2.07799836093688        2.07799836093688     
   2.07799836093688        2.07799836093688        2.07799836093688     
   2.07799836093688        2.07799836093688        2.07799836093688     
   2.07799836093688        2.07799836093688     
 R_loc  0.927008554655286       0.927008554655276       0.927008554655300     
  0.927008554655266       0.927008554655342       0.927008554655314     
  0.927008554655355       0.927008554655307       0.927008554655362     
  0.927008554655348       0.927008554655362       0.927008554655338     
  0.927008554655382       0.927008554655363       0.927008554655394     
  0.927008554655356     
 End of DG2D Initial
 a_max   5.38748089001123     
 dt =   8.923822480013073E-004 Deg=           6
 Domain #:    120  at x=: 0.0000  at y=: 0.0000  Density= 1.2247
 Domain #:    121  at x=: 0.0000  at y=: 0.0000  Density= 1.1877
 Domain #:    136  at x=: 0.0000  at y=: 0.0000  Density= 1.1943
 Domain #:    137  at x=: 0.0000  at y=: 0.0000  Density= 1.2264
 time=  8.923822480013073E-004
 Domain #:    120  at x=: 0.0000  at y=: 0.0000  Density= 1.2119
 Domain #:    121  at x=: 0.0000  at y=: 0.0000  Density= 1.1952
 Domain #:    136  at x=: 0.0000  at y=: 0.0000  Density= 1.1955
 Domain #:    137  at x=: 0.0000  at y=: 0.0000  Density= 1.2110
 time=  1.784764496002615E-003
 Domain #:    120  at x=: 0.0000  at y=: 0.0000  Density= 1.1954
 Domain #:    121  at x=: 0.0000  at y=: 0.0000  Density= 1.1976
 Domain #:    136  at x=: 0.0000  at y=: 0.0000  Density= 1.1919
 Domain #:    137  at x=: 0.0000  at y=: 0.0000  Density= 1.1921
 time=  2.677146744003922E-003
 Domain #:    120  at x=: 0.0000  at y=: 0.0000  Density= 1.1786
 Domain #:    121  at x=: 0.0000  at y=: 0.0000  Density= 1.1950
 Domain #:    136  at x=: 0.0000  at y=: 0.0000  Density= 1.1848
 Domain #:    137  at x=: 0.0000  at y=: 0.0000  Density= 1.1733
 time=  3.569528992005229E-003
 Domain #:    120  at x=: 0.0000  at y=: 0.0000  Density= 1.1629
 Domain #:    121  at x=: 0.0000  at y=: 0.0000  Density= 1.1883
 Domain #:    136  at x=: 0.0000  at y=: 0.0000  Density= 1.1753
 Domain #:    137  at x=: 0.0000  at y=: 0.0000  Density= 1.1563
 time=  4.461911240006536E-003
 Domain #:    120  at x=: 0.0000  at y=: 0.0000  Density= 1.1489
 Domain #:    121  at x=: 0.0000  at y=: 0.0000  Density= 1.1784
 Domain #:    136  at x=: 0.0000  at y=: 0.0000  Density= 1.1646
 Domain #:    137  at x=: 0.0000  at y=: 0.0000  Density= 1.1414
 time=  5.354293488007844E-003
 Domain #:    120  at x=: 0.0000  at y=: 0.0000  Density= 1.1367
 Domain #:    121  at x=: 0.0000  at y=: 0.0000  Density= 1.1665
 Domain #:    136  at x=: 0.0000  at y=: 0.0000  Density= 1.1534
 Domain #:    137  at x=: 0.0000  at y=: 0.0000  Density= 1.1287
 time=  6.246675736009151E-003
 Domain #:    120  at x=: 0.0000  at y=: 0.0000  Density= 1.1263
 Domain #:    121  at x=: 0.0000  at y=: 0.0000  Density= 1.1535
 Domain #:    136  at x=: 0.0000  at y=: 0.0000  Density= 1.1425
 Domain #:    137  at x=: 0.0000  at y=: 0.0000  Density= 1.1181
 time=  7.139057984010459E-003
 Domain #:    120  at x=: 0.0000  at y=: 0.0000  Density= 1.1175
 Domain #:    121  at x=: 0.0000  at y=: 0.0000  Density= 1.1405
 Domain #:    136  at x=: 0.0000  at y=: 0.0000  Density= 1.1322
 Domain #:    137  at x=: 0.0000  at y=: 0.0000  Density= 1.1096
 time=  8.031440232011767E-003
 Domain #:    120  at x=: 0.0000  at y=: 0.0000  Density= 1.1102
 Domain #:    121  at x=: 0.0000  at y=: 0.0000  Density= 1.1283
 Domain #:    136  at x=: 0.0000  at y=: 0.0000  Density= 1.1231
 Domain #:    137  at x=: 0.0000  at y=: 0.0000  Density= 1.1028
 time=  8.923822480013074E-003
 Domain #:    120  at x=: 0.0000  at y=: 0.0000  Density= 1.1045
 Domain #:    121  at x=: 0.0000  at y=: 0.0000  Density= 1.1175
 Domain #:    136  at x=: 0.0000  at y=: 0.0000  Density= 1.1155
 Domain #:    137  at x=: 0.0000  at y=: 0.0000  Density= 1.0977
 time=  9.816204728014382E-003
 Domain #:    120  at x=: 0.0000  at y=: 0.0000  Density= 1.1002
 Domain #:    121  at x=: 0.0000  at y=: 0.0000  Density= 1.1086
 Domain #:    136  at x=: 0.0000  at y=: 0.0000  Density= 1.1094
 Domain #:    137  at x=: 0.0000  at y=: 0.0000  Density= 1.0941
 time=  1.070858697601569E-002
 Domain #:    120  at x=: 0.0000  at y=: 0.0000  Density= 1.0971
 Domain #:    121  at x=: 0.0000  at y=: 0.0000  Density= 1.1016
 Domain #:    136  at x=: 0.0000  at y=: 0.0000  Density= 1.1050
 Domain #:    137  at x=: 0.0000  at y=: 0.0000  Density= 1.0917
 time=  1.160096922401700E-002
 Domain #:    120  at x=: 0.0000  at y=: 0.0000  Density= 1.0951
 Domain #:    121  at x=: 0.0000  at y=: 0.0000  Density= 1.0967
 Domain #:    136  at x=: 0.0000  at y=: 0.0000  Density= 1.1020
 Domain #:    137  at x=: 0.0000  at y=: 0.0000  Density= 1.0905
 time=  1.249335147201830E-002
 Domain #:    120  at x=: 0.0000  at y=: 0.0000  Density= 1.0940
 Domain #:    121  at x=: 0.0000  at y=: 0.0000  Density= 1.0937
 Domain #:    136  at x=: 0.0000  at y=: 0.0000  Density= 1.1003
 Domain #:    137  at x=: 0.0000  at y=: 0.0000  Density= 1.0903
 time=  1.338573372001961E-002
 Domain #:    120  at x=: 0.0000  at y=: 0.0000  Density= 1.0938
 Domain #:    121  at x=: 0.0000  at y=: 0.0000  Density= 1.0923
 Domain #:    136  at x=: 0.0000  at y=: 0.0000  Density= 1.0997
 Domain #:    137  at x=: 0.0000  at y=: 0.0000  Density= 1.0908
 time=  1.427811596802092E-002
 Domain #:    120  at x=: 0.0000  at y=: 0.0000  Density= 1.0942
 Domain #:    121  at x=: 0.0000  at y=: 0.0000  Density= 1.0923
 Domain #:    136  at x=: 0.0000  at y=: 0.0000  Density= 1.1000
 Domain #:    137  at x=: 0.0000  at y=: 0.0000  Density= 1.0920
 time=  1.517049821602223E-002
 Domain #:    120  at x=: 0.0000  at y=: 0.0000  Density= 1.0951
 Domain #:    121  at x=: 0.0000  at y=: 0.0000  Density= 1.0934
 Domain #:    136  at x=: 0.0000  at y=: 0.0000  Density= 1.1010
 Domain #:    137  at x=: 0.0000  at y=: 0.0000  Density= 1.0937
 time=  1.606288046402353E-002
 Domain #:    120  at x=: 0.0000  at y=: 0.0000  Density= 1.0966
 Domain #:    121  at x=: 0.0000  at y=: 0.0000  Density= 1.0954
 Domain #:    136  at x=: 0.0000  at y=: 0.0000  Density= 1.1024
 Domain #:    137  at x=: 0.0000  at y=: 0.0000  Density= 1.0958
 time=  1.695526271202484E-002
 Domain #:    120  at x=: 0.0000  at y=: 0.0000  Density= 1.0984
 Domain #:    121  at x=: 0.0000  at y=: 0.0000  Density= 1.0980
 Domain #:    136  at x=: 0.0000  at y=: 0.0000  Density= 1.1043
 Domain #:    137  at x=: 0.0000  at y=: 0.0000  Density= 1.0981
 time=  1.784764496002615E-002
 Domain #:    120  at x=: 0.0000  at y=: 0.0000  Density= 1.1005
 Domain #:    121  at x=: 0.0000  at y=: 0.0000  Density= 1.1010
 Domain #:    136  at x=: 0.0000  at y=: 0.0000  Density= 1.1064
 Domain #:    137  at x=: 0.0000  at y=: 0.0000  Density= 1.1007
 time=  1.874002720802746E-002
 Domain #:    120  at x=: 0.0000  at y=: 0.0000  Density= 1.1029
 Domain #:    121  at x=: 0.0000  at y=: 0.0000  Density= 1.1042
 Domain #:    136  at x=: 0.0000  at y=: 0.0000  Density= 1.1087
 Domain #:    137  at x=: 0.0000  at y=: 0.0000  Density= 1.1035
 time=  1.963240945602876E-002
 Domain #:    120  at x=: 0.0000  at y=: 0.0000  Density= 1.1054
 Domain #:    121  at x=: 0.0000  at y=: 0.0000  Density= 1.1076
 Domain #:    136  at x=: 0.0000  at y=: 0.0000  Density= 1.1111
 Domain #:    137  at x=: 0.0000  at y=: 0.0000  Density= 1.1063
 time=  2.052479170403007E-002
 Domain #:    120  at x=: 0.0000  at y=: 0.0000  Density= 1.1081
 Domain #:    121  at x=: 0.0000  at y=: 0.0000  Density= 1.1111
 Domain #:    136  at x=: 0.0000  at y=: 0.0000  Density= 1.1137
 Domain #:    137  at x=: 0.0000  at y=: 0.0000  Density= 1.1092
 time=  2.141717395203138E-002
 Domain #:    120  at x=: 0.0000  at y=: 0.0000  Density= 1.1109
 Domain #:    121  at x=: 0.0000  at y=: 0.0000  Density= 1.1144
 Domain #:    136  at x=: 0.0000  at y=: 0.0000  Density= 1.1162
 Domain #:    137  at x=: 0.0000  at y=: 0.0000  Density= 1.1121
 time=  2.230955620003269E-002
 Domain #:    120  at x=: 0.0000  at y=: 0.0000  Density= 1.1137
 Domain #:    121  at x=: 0.0000  at y=: 0.0000  Density= 1.1177
 Domain #:    136  at x=: 0.0000  at y=: 0.0000  Density= 1.1187
 Domain #:    137  at x=: 0.0000  at y=: 0.0000  Density= 1.1150
 time=  2.320193844803399E-002
 Domain #:    120  at x=: 0.0000  at y=: 0.0000  Density= 1.1165
 Domain #:    121  at x=: 0.0000  at y=: 0.0000  Density= 1.1209
 Domain #:    136  at x=: 0.0000  at y=: 0.0000  Density= 1.1212
 Domain #:    137  at x=: 0.0000  at y=: 0.0000  Density= 1.1179
 time=  2.409432069603530E-002
 Domain #:    120  at x=: 0.0000  at y=: 0.0000  Density= 1.1193
 Domain #:    121  at x=: 0.0000  at y=: 0.0000  Density= 1.1238
 Domain #:    136  at x=: 0.0000  at y=: 0.0000  Density= 1.1237
 Domain #:    137  at x=: 0.0000  at y=: 0.0000  Density= 1.1207
 time=  2.498670294403661E-002
 Domain #:    120  at x=: 0.0000  at y=: 0.0000  Density= 1.1221
 Domain #:    121  at x=: 0.0000  at y=: 0.0000  Density= 1.1267
 Domain #:    136  at x=: 0.0000  at y=: 0.0000  Density= 1.1261
 Domain #:    137  at x=: 0.0000  at y=: 0.0000  Density= 1.1233
 time=  2.587908519203792E-002
 Domain #:    120  at x=: 0.0000  at y=: 0.0000  Density= 1.1247
 Domain #:    121  at x=: 0.0000  at y=: 0.0000  Density= 1.1293
 Domain #:    136  at x=: 0.0000  at y=: 0.0000  Density= 1.1284
 Domain #:    137  at x=: 0.0000  at y=: 0.0000  Density= 1.1259
 time=  2.677146744003922E-002
 Domain #:    120  at x=: 0.0000  at y=: 0.0000  Density= 1.1272
 Domain #:    121  at x=: 0.0000  at y=: 0.0000  Density= 1.1317
 Domain #:    136  at x=: 0.0000  at y=: 0.0000  Density= 1.1306
 Domain #:    137  at x=: 0.0000  at y=: 0.0000  Density= 1.1283
 time=  2.766384968804053E-002
 Domain #:    120  at x=: 0.0000  at y=: 0.0000  Density= 1.1297
 Domain #:    121  at x=: 0.0000  at y=: 0.0000  Density= 1.1340
 Domain #:    136  at x=: 0.0000  at y=: 0.0000  Density= 1.1327
 Domain #:    137  at x=: 0.0000  at y=: 0.0000  Density= 1.1307
 time=  2.855623193604184E-002
 Domain #:    120  at x=: 0.0000  at y=: 0.0000  Density= 1.1319
 Domain #:    121  at x=: 0.0000  at y=: 0.0000  Density= 1.1361
 Domain #:    136  at x=: 0.0000  at y=: 0.0000  Density= 1.1347
 Domain #:    137  at x=: 0.0000  at y=: 0.0000  Density= 1.1328
 time=  2.944861418404315E-002
 Domain #:    120  at x=: 0.0000  at y=: 0.0000  Density= 1.1341
 Domain #:    121  at x=: 0.0000  at y=: 0.0000  Density= 1.1381
 Domain #:    136  at x=: 0.0000  at y=: 0.0000  Density= 1.1365
 Domain #:    137  at x=: 0.0000  at y=: 0.0000  Density= 1.1348
 time=  3.034099643204445E-002
 Domain #:    120  at x=: 0.0000  at y=: 0.0000  Density= 1.1361
 Domain #:    121  at x=: 0.0000  at y=: 0.0000  Density= 1.1398
 Domain #:    136  at x=: 0.0000  at y=: 0.0000  Density= 1.1382
 Domain #:    137  at x=: 0.0000  at y=: 0.0000  Density= 1.1367
 time=  3.123337868004576E-002
 Domain #:    120  at x=: 0.0000  at y=: 0.0000  Density= 1.1379
 Domain #:    121  at x=: 0.0000  at y=: 0.0000  Density= 1.1415
 Domain #:    136  at x=: 0.0000  at y=: 0.0000  Density= 1.1398
 Domain #:    137  at x=: 0.0000  at y=: 0.0000  Density= 1.1384
 time=  3.212576092804707E-002
 Domain #:    120  at x=: 0.0000  at y=: 0.0000  Density= 1.1396
 Domain #:    121  at x=: 0.0000  at y=: 0.0000  Density= 1.1430
 Domain #:    136  at x=: 0.0000  at y=: 0.0000  Density= 1.1413
 Domain #:    137  at x=: 0.0000  at y=: 0.0000  Density= 1.1400
 time=  3.301814317604837E-002
 Domain #:    120  at x=: 0.0000  at y=: 0.0000  Density= 1.1412
 Domain #:    121  at x=: 0.0000  at y=: 0.0000  Density= 1.1443
 Domain #:    136  at x=: 0.0000  at y=: 0.0000  Density= 1.1427
 Domain #:    137  at x=: 0.0000  at y=: 0.0000  Density= 1.1414
 time=  3.391052542404967E-002
 Domain #:    120  at x=: 0.0000  at y=: 0.0000  Density= 1.1426
 Domain #:    121  at x=: 0.0000  at y=: 0.0000  Density= 1.1455
 Domain #:    136  at x=: 0.0000  at y=: 0.0000  Density= 1.1439
 Domain #:    137  at x=: 0.0000  at y=: 0.0000  Density= 1.1428
 time=  3.480290767205098E-002
 Domain #:    120  at x=: 0.0000  at y=: 0.0000  Density= 1.1439
 Domain #:    121  at x=: 0.0000  at y=: 0.0000  Density= 1.1466
 Domain #:    136  at x=: 0.0000  at y=: 0.0000  Density= 1.1450
 Domain #:    137  at x=: 0.0000  at y=: 0.0000  Density= 1.1440
 time=  3.569528992005228E-002
 Domain #:    120  at x=: 0.0000  at y=: 0.0000  Density= 1.1451
 Domain #:    121  at x=: 0.0000  at y=: 0.0000  Density= 1.1476
 Domain #:    136  at x=: 0.0000  at y=: 0.0000  Density= 1.1461
 Domain #:    137  at x=: 0.0000  at y=: 0.0000  Density= 1.1450
 time=  3.658767216805359E-002
 Domain #:    120  at x=: 0.0000  at y=: 0.0000  Density= 1.1461
 Domain #:    121  at x=: 0.0000  at y=: 0.0000  Density= 1.1484
 Domain #:    136  at x=: 0.0000  at y=: 0.0000  Density= 1.1470
 Domain #:    137  at x=: 0.0000  at y=: 0.0000  Density= 1.1460
 time=  3.748005441605489E-002
 Domain #:    120  at x=: 0.0000  at y=: 0.0000  Density= 1.1471
 Domain #:    121  at x=: 0.0000  at y=: 0.0000  Density= 1.1492
 Domain #:    136  at x=: 0.0000  at y=: 0.0000  Density= 1.1478
 Domain #:    137  at x=: 0.0000  at y=: 0.0000  Density= 1.1469
 time=  3.837243666405619E-002
 Domain #:    120  at x=: 0.0000  at y=: 0.0000  Density= 1.1479
 Domain #:    121  at x=: 0.0000  at y=: 0.0000  Density= 1.1499
 Domain #:    136  at x=: 0.0000  at y=: 0.0000  Density= 1.1485
 Domain #:    137  at x=: 0.0000  at y=: 0.0000  Density= 1.1477
 time=  3.926481891205750E-002
 Domain #:    120  at x=: 0.0000  at y=: 0.0000  Density= 1.1486
 Domain #:    121  at x=: 0.0000  at y=: 0.0000  Density= 1.1504
 Domain #:    136  at x=: 0.0000  at y=: 0.0000  Density= 1.1492
 Domain #:    137  at x=: 0.0000  at y=: 0.0000  Density= 1.1484
 time=  4.015720116005880E-002
 Domain #:    120  at x=: 0.0000  at y=: 0.0000  Density= 1.1493
 Domain #:    121  at x=: 0.0000  at y=: 0.0000  Density= 1.1509
 Domain #:    136  at x=: 0.0000  at y=: 0.0000  Density= 1.1498
 Domain #:    137  at x=: 0.0000  at y=: 0.0000  Density= 1.1490
 time=  4.104958340806011E-002
 Domain #:    120  at x=: 0.0000  at y=: 0.0000  Density= 1.1499
 Domain #:    121  at x=: 0.0000  at y=: 0.0000  Density= 1.1514
 Domain #:    136  at x=: 0.0000  at y=: 0.0000  Density= 1.1503
 Domain #:    137  at x=: 0.0000  at y=: 0.0000  Density= 1.1496
 time=  4.194196565606141E-002
 Domain #:    120  at x=: 0.0000  at y=: 0.0000  Density= 1.1504
 Domain #:    121  at x=: 0.0000  at y=: 0.0000  Density= 1.1517
 Domain #:    136  at x=: 0.0000  at y=: 0.0000  Density= 1.1508
 Domain #:    137  at x=: 0.0000  at y=: 0.0000  Density= 1.1501
 time=  4.283434790406272E-002
 Domain #:    120  at x=: 0.0000  at y=: 0.0000  Density= 1.1509
 Domain #:    121  at x=: 0.0000  at y=: 0.0000  Density= 1.1521
 Domain #:    136  at x=: 0.0000  at y=: 0.0000  Density= 1.1513
 Domain #:    137  at x=: 0.0000  at y=: 0.0000  Density= 1.1505
 time=  4.372673015206402E-002
 Domain #:    120  at x=: 0.0000  at y=: 0.0000  Density= 1.1513
 Domain #:    121  at x=: 0.0000  at y=: 0.0000  Density= 1.1524
 Domain #:    136  at x=: 0.0000  at y=: 0.0000  Density= 1.1517
 Domain #:    137  at x=: 0.0000  at y=: 0.0000  Density= 1.1510
 time=  4.461911240006532E-002
 Domain #:    120  at x=: 0.0000  at y=: 0.0000  Density= 1.1517
 Domain #:    121  at x=: 0.0000  at y=: 0.0000  Density= 1.1526
 Domain #:    136  at x=: 0.0000  at y=: 0.0000  Density= 1.1520
 Domain #:    137  at x=: 0.0000  at y=: 0.0000  Density= 1.1514
 time=  4.551149464806663E-002
 Domain #:    120  at x=: 0.0000  at y=: 0.0000  Density= 1.1520
 Domain #:    121  at x=: 0.0000  at y=: 0.0000  Density= 1.1529
 Domain #:    136  at x=: 0.0000  at y=: 0.0000  Density= 1.1524
 Domain #:    137  at x=: 0.0000  at y=: 0.0000  Density= 1.1518
 time=  4.640387689606793E-002
 Domain #:    120  at x=: 0.0000  at y=: 0.0000  Density= 1.1524
 Domain #:    121  at x=: 0.0000  at y=: 0.0000  Density= 1.1531
 Domain #:    136  at x=: 0.0000  at y=: 0.0000  Density= 1.1527
 Domain #:    137  at x=: 0.0000  at y=: 0.0000  Density= 1.1521
 time=  4.729625914406924E-002
 Domain #:    120  at x=: 0.0000  at y=: 0.0000  Density= 1.1527
 Domain #:    121  at x=: 0.0000  at y=: 0.0000  Density= 1.1533
 Domain #:    136  at x=: 0.0000  at y=: 0.0000  Density= 1.1530
 Domain #:    137  at x=: 0.0000  at y=: 0.0000  Density= 1.1525
 time=  4.818864139207054E-002
 Domain #:    120  at x=: 0.0000  at y=: 0.0000  Density= 1.1530
 Domain #:    121  at x=: 0.0000  at y=: 0.0000  Density= 1.1536
 Domain #:    136  at x=: 0.0000  at y=: 0.0000  Density= 1.1534
 Domain #:    137  at x=: 0.0000  at y=: 0.0000  Density= 1.1529
 time=  4.908102364007184E-002
 Domain #:    120  at x=: 0.0000  at y=: 0.0000  Density= 1.1533
 Domain #:    121  at x=: 0.0000  at y=: 0.0000  Density= 1.1538
 Domain #:    136  at x=: 0.0000  at y=: 0.0000  Density= 1.1537
 Domain #:    137  at x=: 0.0000  at y=: 0.0000  Density= 1.1532
 time=  4.997340588807315E-002
 Domain #:    120  at x=: 0.0000  at y=: 0.0000  Density= 1.1537
 Domain #:    121  at x=: 0.0000  at y=: 0.0000  Density= 1.1541
 Domain #:    136  at x=: 0.0000  at y=: 0.0000  Density= 1.1540
 Domain #:    137  at x=: 0.0000  at y=: 0.0000  Density= 1.1536
 time=  5.086578813607445E-002
 Domain #:    120  at x=: 0.0000  at y=: 0.0000  Density= 1.1540
 Domain #:    121  at x=: 0.0000  at y=: 0.0000  Density= 1.1543
 Domain #:    136  at x=: 0.0000  at y=: 0.0000  Density= 1.1544
 Domain #:    137  at x=: 0.0000  at y=: 0.0000  Density= 1.1539
 time=  5.175817038407576E-002
 Domain #:    120  at x=: 0.0000  at y=: 0.0000  Density= 1.1543
 Domain #:    121  at x=: 0.0000  at y=: 0.0000  Density= 1.1546
 Domain #:    136  at x=: 0.0000  at y=: 0.0000  Density= 1.1547
 Domain #:    137  at x=: 0.0000  at y=: 0.0000  Density= 1.1543
 time=  5.265055263207706E-002
 Domain #:    120  at x=: 0.0000  at y=: 0.0000  Density= 1.1547
 Domain #:    121  at x=: 0.0000  at y=: 0.0000  Density= 1.1549
 Domain #:    136  at x=: 0.0000  at y=: 0.0000  Density= 1.1551
 Domain #:    137  at x=: 0.0000  at y=: 0.0000  Density= 1.1547
 time=  5.354293488007836E-002
 Domain #:    120  at x=: 0.0000  at y=: 0.0000  Density= 1.1551
 Domain #:    121  at x=: 0.0000  at y=: 0.0000  Density= 1.1553
 Domain #:    136  at x=: 0.0000  at y=: 0.0000  Density= 1.1555
 Domain #:    137  at x=: 0.0000  at y=: 0.0000  Density= 1.1551
 time=  5.443531712807967E-002
 Domain #:    120  at x=: 0.0000  at y=: 0.0000  Density= 1.1555
 Domain #:    121  at x=: 0.0000  at y=: 0.0000  Density= 1.1557
 Domain #:    136  at x=: 0.0000  at y=: 0.0000  Density= 1.1559
 Domain #:    137  at x=: 0.0000  at y=: 0.0000  Density= 1.1556
 time=  5.532769937608097E-002
 Domain #:    120  at x=: 0.0000  at y=: 0.0000  Density= 1.1559
 Domain #:    121  at x=: 0.0000  at y=: 0.0000  Density= 1.1561
 Domain #:    136  at x=: 0.0000  at y=: 0.0000  Density= 1.1563
 Domain #:    137  at x=: 0.0000  at y=: 0.0000  Density= 1.1560
 time=  5.622008162408228E-002
 Domain #:    120  at x=: 0.0000  at y=: 0.0000  Density= 1.1563
 Domain #:    121  at x=: 0.0000  at y=: 0.0000  Density= 1.1565
 Domain #:    136  at x=: 0.0000  at y=: 0.0000  Density= 1.1567
 Domain #:    137  at x=: 0.0000  at y=: 0.0000  Density= 1.1565
 time=  5.711246387208358E-002
 Domain #:    120  at x=: 0.0000  at y=: 0.0000  Density= 1.1568
 Domain #:    121  at x=: 0.0000  at y=: 0.0000  Density= 1.1569
 Domain #:    136  at x=: 0.0000  at y=: 0.0000  Density= 1.1572
 Domain #:    137  at x=: 0.0000  at y=: 0.0000  Density= 1.1570
 time=  5.800484612008489E-002
 Domain #:    120  at x=: 0.0000  at y=: 0.0000  Density= 1.1572
 Domain #:    121  at x=: 0.0000  at y=: 0.0000  Density= 1.1574
 Domain #:    136  at x=: 0.0000  at y=: 0.0000  Density= 1.1577
 Domain #:    137  at x=: 0.0000  at y=: 0.0000  Density= 1.1575
 time=  5.889722836808619E-002
 Domain #:    120  at x=: 0.0000  at y=: 0.0000  Density= 1.1577
 Domain #:    121  at x=: 0.0000  at y=: 0.0000  Density= 1.1579
 Domain #:    136  at x=: 0.0000  at y=: 0.0000  Density= 1.1582
 Domain #:    137  at x=: 0.0000  at y=: 0.0000  Density= 1.1580
 time=  5.978961061608749E-002
 Domain #:    120  at x=: 0.0000  at y=: 0.0000  Density= 1.1582
 Domain #:    121  at x=: 0.0000  at y=: 0.0000  Density= 1.1584
 Domain #:    136  at x=: 0.0000  at y=: 0.0000  Density= 1.1587
 Domain #:    137  at x=: 0.0000  at y=: 0.0000  Density= 1.1585
 time=  6.068199286408880E-002
 Domain #:    120  at x=: 0.0000  at y=: 0.0000  Density= 1.1588
 Domain #:    121  at x=: 0.0000  at y=: 0.0000  Density= 1.1589
 Domain #:    136  at x=: 0.0000  at y=: 0.0000  Density= 1.1592
 Domain #:    137  at x=: 0.0000  at y=: 0.0000  Density= 1.1590
 time=  6.157437511209010E-002
 Domain #:    120  at x=: 0.0000  at y=: 0.0000  Density= 1.1593
 Domain #:    121  at x=: 0.0000  at y=: 0.0000  Density= 1.1594
 Domain #:    136  at x=: 0.0000  at y=: 0.0000  Density= 1.1597
 Domain #:    137  at x=: 0.0000  at y=: 0.0000  Density= 1.1596
 time=  6.246675736009141E-002
 Domain #:    120  at x=: 0.0000  at y=: 0.0000  Density= 1.1598
 Domain #:    121  at x=: 0.0000  at y=: 0.0000  Density= 1.1600
 Domain #:    136  at x=: 0.0000  at y=: 0.0000  Density= 1.1602
 Domain #:    137  at x=: 0.0000  at y=: 0.0000  Density= 1.1601
 time=  6.335913960809271E-002
 Domain #:    120  at x=: 0.0000  at y=: 0.0000  Density= 1.1604
 Domain #:    121  at x=: 0.0000  at y=: 0.0000  Density= 1.1605
 Domain #:    136  at x=: 0.0000  at y=: 0.0000  Density= 1.1608
 Domain #:    137  at x=: 0.0000  at y=: 0.0000  Density= 1.1607
 time=  6.425152185609402E-002
 Domain #:    120  at x=: 0.0000  at y=: 0.0000  Density= 1.1609
 Domain #:    121  at x=: 0.0000  at y=: 0.0000  Density= 1.1611
 Domain #:    136  at x=: 0.0000  at y=: 0.0000  Density= 1.1613
 Domain #:    137  at x=: 0.0000  at y=: 0.0000  Density= 1.1613
 time=  6.514390410409533E-002
 Domain #:    120  at x=: 0.0000  at y=: 0.0000  Density= 1.1615
 Domain #:    121  at x=: 0.0000  at y=: 0.0000  Density= 1.1617
 Domain #:    136  at x=: 0.0000  at y=: 0.0000  Density= 1.1619
 Domain #:    137  at x=: 0.0000  at y=: 0.0000  Density= 1.1618
 time=  6.603628635209664E-002
 Domain #:    120  at x=: 0.0000  at y=: 0.0000  Density= 1.1621
 Domain #:    121  at x=: 0.0000  at y=: 0.0000  Density= 1.1622
 Domain #:    136  at x=: 0.0000  at y=: 0.0000  Density= 1.1624
 Domain #:    137  at x=: 0.0000  at y=: 0.0000  Density= 1.1624
 time=  6.692866860009795E-002
 Domain #:    120  at x=: 0.0000  at y=: 0.0000  Density= 1.1627
 Domain #:    121  at x=: 0.0000  at y=: 0.0000  Density= 1.1628
 Domain #:    136  at x=: 0.0000  at y=: 0.0000  Density= 1.1630
 Domain #:    137  at x=: 0.0000  at y=: 0.0000  Density= 1.1630
 time=  6.782105084809927E-002
 Domain #:    120  at x=: 0.0000  at y=: 0.0000  Density= 1.1632
 Domain #:    121  at x=: 0.0000  at y=: 0.0000  Density= 1.1634
 Domain #:    136  at x=: 0.0000  at y=: 0.0000  Density= 1.1636
 Domain #:    137  at x=: 0.0000  at y=: 0.0000  Density= 1.1636
 time=  6.871343309610058E-002
 Domain #:    120  at x=: 0.0000  at y=: 0.0000  Density= 1.1638
 Domain #:    121  at x=: 0.0000  at y=: 0.0000  Density= 1.1640
 Domain #:    136  at x=: 0.0000  at y=: 0.0000  Density= 1.1641
 Domain #:    137  at x=: 0.0000  at y=: 0.0000  Density= 1.1641
 time=  6.960581534410189E-002
 Domain #:    120  at x=: 0.0000  at y=: 0.0000  Density= 1.1644
 Domain #:    121  at x=: 0.0000  at y=: 0.0000  Density= 1.1646
 Domain #:    136  at x=: 0.0000  at y=: 0.0000  Density= 1.1647
 Domain #:    137  at x=: 0.0000  at y=: 0.0000  Density= 1.1647
 time=  7.049819759210320E-002
 Domain #:    120  at x=: 0.0000  at y=: 0.0000  Density= 1.1650
 Domain #:    121  at x=: 0.0000  at y=: 0.0000  Density= 1.1651
 Domain #:    136  at x=: 0.0000  at y=: 0.0000  Density= 1.1653
 Domain #:    137  at x=: 0.0000  at y=: 0.0000  Density= 1.1653
 time=  7.139057984010451E-002
 Domain #:    120  at x=: 0.0000  at y=: 0.0000  Density= 1.1655
 Domain #:    121  at x=: 0.0000  at y=: 0.0000  Density= 1.1657
 Domain #:    136  at x=: 0.0000  at y=: 0.0000  Density= 1.1658
 Domain #:    137  at x=: 0.0000  at y=: 0.0000  Density= 1.1658
 time=  7.228296208810582E-002
 Domain #:    120  at x=: 0.0000  at y=: 0.0000  Density= 1.1661
 Domain #:    121  at x=: 0.0000  at y=: 0.0000  Density= 1.1663
 Domain #:    136  at x=: 0.0000  at y=: 0.0000  Density= 1.1664
 Domain #:    137  at x=: 0.0000  at y=: 0.0000  Density= 1.1664
 time=  7.317534433610713E-002
 Domain #:    120  at x=: 0.0000  at y=: 0.0000  Density= 1.1667
 Domain #:    121  at x=: 0.0000  at y=: 0.0000  Density= 1.1669
 Domain #:    136  at x=: 0.0000  at y=: 0.0000  Density= 1.1670
 Domain #:    137  at x=: 0.0000  at y=: 0.0000  Density= 1.1670
 time=  7.406772658410844E-002
 Domain #:    120  at x=: 0.0000  at y=: 0.0000  Density= 1.1673
 Domain #:    121  at x=: 0.0000  at y=: 0.0000  Density= 1.1674
 Domain #:    136  at x=: 0.0000  at y=: 0.0000  Density= 1.1675
 Domain #:    137  at x=: 0.0000  at y=: 0.0000  Density= 1.1675
 time=  7.496010883210975E-002
 Domain #:    120  at x=: 0.0000  at y=: 0.0000  Density= 1.1678
 Domain #:    121  at x=: 0.0000  at y=: 0.0000  Density= 1.1680
 Domain #:    136  at x=: 0.0000  at y=: 0.0000  Density= 1.1681
 Domain #:    137  at x=: 0.0000  at y=: 0.0000  Density= 1.1681
 time=  7.585249108011106E-002
 Domain #:    120  at x=: 0.0000  at y=: 0.0000  Density= 1.1684
 Domain #:    121  at x=: 0.0000  at y=: 0.0000  Density= 1.1686
 Domain #:    136  at x=: 0.0000  at y=: 0.0000  Density= 1.1686
 Domain #:    137  at x=: 0.0000  at y=: 0.0000  Density= 1.1686
 time=  7.674487332811238E-002
 Domain #:    120  at x=: 0.0000  at y=: 0.0000  Density= 1.1689
 Domain #:    121  at x=: 0.0000  at y=: 0.0000  Density= 1.1691
 Domain #:    136  at x=: 0.0000  at y=: 0.0000  Density= 1.1692
 Domain #:    137  at x=: 0.0000  at y=: 0.0000  Density= 1.1691
 time=  7.763725557611369E-002
 Domain #:    120  at x=: 0.0000  at y=: 0.0000  Density= 1.1695
 Domain #:    121  at x=: 0.0000  at y=: 0.0000  Density= 1.1697
 Domain #:    136  at x=: 0.0000  at y=: 0.0000  Density= 1.1697
 Domain #:    137  at x=: 0.0000  at y=: 0.0000  Density= 1.1697
 time=  7.852963782411500E-002
 Domain #:    120  at x=: 0.0000  at y=: 0.0000  Density= 1.1700
 Domain #:    121  at x=: 0.0000  at y=: 0.0000  Density= 1.1702
 Domain #:    136  at x=: 0.0000  at y=: 0.0000  Density= 1.1702
 Domain #:    137  at x=: 0.0000  at y=: 0.0000  Density= 1.1702
 time=  7.942202007211631E-002
 Domain #:    120  at x=: 0.0000  at y=: 0.0000  Density= 1.1706
 Domain #:    121  at x=: 0.0000  at y=: 0.0000  Density= 1.1707
 Domain #:    136  at x=: 0.0000  at y=: 0.0000  Density= 1.1707
 Domain #:    137  at x=: 0.0000  at y=: 0.0000  Density= 1.1707
 time=  8.031440232011762E-002
 Domain #:    120  at x=: 0.0000  at y=: 0.0000  Density= 1.1711
 Domain #:    121  at x=: 0.0000  at y=: 0.0000  Density= 1.1713
 Domain #:    136  at x=: 0.0000  at y=: 0.0000  Density= 1.1713
 Domain #:    137  at x=: 0.0000  at y=: 0.0000  Density= 1.1713
 time=  8.120678456811893E-002
 Domain #:    120  at x=: 0.0000  at y=: 0.0000  Density= 1.1716
 Domain #:    121  at x=: 0.0000  at y=: 0.0000  Density= 1.1718
 Domain #:    136  at x=: 0.0000  at y=: 0.0000  Density= 1.1718
 Domain #:    137  at x=: 0.0000  at y=: 0.0000  Density= 1.1718
 time=  8.209916681612024E-002
 Domain #:    120  at x=: 0.0000  at y=: 0.0000  Density= 1.1722
 Domain #:    121  at x=: 0.0000  at y=: 0.0000  Density= 1.1723
 Domain #:    136  at x=: 0.0000  at y=: 0.0000  Density= 1.1723
 Domain #:    137  at x=: 0.0000  at y=: 0.0000  Density= 1.1723
 time=  8.299154906412155E-002
 Domain #:    120  at x=: 0.0000  at y=: 0.0000  Density= 1.1727
 Domain #:    121  at x=: 0.0000  at y=: 0.0000  Density= 1.1728
 Domain #:    136  at x=: 0.0000  at y=: 0.0000  Density= 1.1728
 Domain #:    137  at x=: 0.0000  at y=: 0.0000  Density= 1.1728
 time=  8.388393131212286E-002
 Domain #:    120  at x=: 0.0000  at y=: 0.0000  Density= 1.1732
 Domain #:    121  at x=: 0.0000  at y=: 0.0000  Density= 1.1733
 Domain #:    136  at x=: 0.0000  at y=: 0.0000  Density= 1.1733
 Domain #:    137  at x=: 0.0000  at y=: 0.0000  Density= 1.1733
 time=  8.477631356012418E-002
 Domain #:    120  at x=: 0.0000  at y=: 0.0000  Density= 1.1737
 Domain #:    121  at x=: 0.0000  at y=: 0.0000  Density= 1.1738
 Domain #:    136  at x=: 0.0000  at y=: 0.0000  Density= 1.1738
 Domain #:    137  at x=: 0.0000  at y=: 0.0000  Density= 1.1738
 time=  8.566869580812549E-002
 Domain #:    120  at x=: 0.0000  at y=: 0.0000  Density= 1.1742
 Domain #:    121  at x=: 0.0000  at y=: 0.0000  Density= 1.1743
 Domain #:    136  at x=: 0.0000  at y=: 0.0000  Density= 1.1743
 Domain #:    137  at x=: 0.0000  at y=: 0.0000  Density= 1.1743
 time=  8.656107805612680E-002
 Domain #:    120  at x=: 0.0000  at y=: 0.0000  Density= 1.1747
 Domain #:    121  at x=: 0.0000  at y=: 0.0000  Density= 1.1748
 Domain #:    136  at x=: 0.0000  at y=: 0.0000  Density= 1.1747
 Domain #:    137  at x=: 0.0000  at y=: 0.0000  Density= 1.1748
 time=  8.745346030412811E-002
 Domain #:    120  at x=: 0.0000  at y=: 0.0000  Density= 1.1752
 Domain #:    121  at x=: 0.0000  at y=: 0.0000  Density= 1.1753
 Domain #:    136  at x=: 0.0000  at y=: 0.0000  Density= 1.1752
 Domain #:    137  at x=: 0.0000  at y=: 0.0000  Density= 1.1752
 time=  8.834584255212942E-002
 Domain #:    120  at x=: 0.0000  at y=: 0.0000  Density= 1.1757
 Domain #:    121  at x=: 0.0000  at y=: 0.0000  Density= 1.1758
 Domain #:    136  at x=: 0.0000  at y=: 0.0000  Density= 1.1757
 Domain #:    137  at x=: 0.0000  at y=: 0.0000  Density= 1.1757
 time=  8.923822480013073E-002
 Domain #:    120  at x=: 0.0000  at y=: 0.0000  Density= 1.1761
 Domain #:    121  at x=: 0.0000  at y=: 0.0000  Density= 1.1762
 Domain #:    136  at x=: 0.0000  at y=: 0.0000  Density= 1.1762
 Domain #:    137  at x=: 0.0000  at y=: 0.0000  Density= 1.1762
 time=  9.013060704813204E-002
 Domain #:    120  at x=: 0.0000  at y=: 0.0000  Density= 1.1766
 Domain #:    121  at x=: 0.0000  at y=: 0.0000  Density= 1.1767
 Domain #:    136  at x=: 0.0000  at y=: 0.0000  Density= 1.1766
 Domain #:    137  at x=: 0.0000  at y=: 0.0000  Density= 1.1766
 time=  9.102298929613335E-002
 Domain #:    120  at x=: 0.0000  at y=: 0.0000  Density= 1.1771
 Domain #:    121  at x=: 0.0000  at y=: 0.0000  Density= 1.1772
 Domain #:    136  at x=: 0.0000  at y=: 0.0000  Density= 1.1771
 Domain #:    137  at x=: 0.0000  at y=: 0.0000  Density= 1.1771
 time=  9.191537154413466E-002
 Domain #:    120  at x=: 0.0000  at y=: 0.0000  Density= 1.1775
 Domain #:    121  at x=: 0.0000  at y=: 0.0000  Density= 1.1776
 Domain #:    136  at x=: 0.0000  at y=: 0.0000  Density= 1.1775
 Domain #:    137  at x=: 0.0000  at y=: 0.0000  Density= 1.1775
 time=  9.280775379213597E-002
 Domain #:    120  at x=: 0.0000  at y=: 0.0000  Density= 1.1780
 Domain #:    121  at x=: 0.0000  at y=: 0.0000  Density= 1.1780
 Domain #:    136  at x=: 0.0000  at y=: 0.0000  Density= 1.1780
 Domain #:    137  at x=: 0.0000  at y=: 0.0000  Density= 1.1780
 time=  9.370013604013729E-002
 Domain #:    120  at x=: 0.0000  at y=: 0.0000  Density= 1.1784
 Domain #:    121  at x=: 0.0000  at y=: 0.0000  Density= 1.1785
 Domain #:    136  at x=: 0.0000  at y=: 0.0000  Density= 1.1784
 Domain #:    137  at x=: 0.0000  at y=: 0.0000  Density= 1.1784
 time=  9.459251828813860E-002
 Domain #:    120  at x=: 0.0000  at y=: 0.0000  Density= 1.1789
 Domain #:    121  at x=: 0.0000  at y=: 0.0000  Density= 1.1789
 Domain #:    136  at x=: 0.0000  at y=: 0.0000  Density= 1.1788
 Domain #:    137  at x=: 0.0000  at y=: 0.0000  Density= 1.1789
 time=  9.548490053613991E-002
 Domain #:    120  at x=: 0.0000  at y=: 0.0000  Density= 1.1793
 Domain #:    121  at x=: 0.0000  at y=: 0.0000  Density= 1.1794
 Domain #:    136  at x=: 0.0000  at y=: 0.0000  Density= 1.1793
 Domain #:    137  at x=: 0.0000  at y=: 0.0000  Density= 1.1793
 time=  9.637728278414122E-002
 Domain #:    120  at x=: 0.0000  at y=: 0.0000  Density= 1.1797
 Domain #:    121  at x=: 0.0000  at y=: 0.0000  Density= 1.1798
 Domain #:    136  at x=: 0.0000  at y=: 0.0000  Density= 1.1797
 Domain #:    137  at x=: 0.0000  at y=: 0.0000  Density= 1.1797
 time=  9.726966503214253E-002
 Domain #:    120  at x=: 0.0000  at y=: 0.0000  Density= 1.1802
 Domain #:    121  at x=: 0.0000  at y=: 0.0000  Density= 1.1802
 Domain #:    136  at x=: 0.0000  at y=: 0.0000  Density= 1.1801
 Domain #:    137  at x=: 0.0000  at y=: 0.0000  Density= 1.1802
 time=  9.816204728014384E-002
 Domain #:    120  at x=: 0.0000  at y=: 0.0000  Density= 1.1806
 Domain #:    121  at x=: 0.0000  at y=: 0.0000  Density= 1.1806
 Domain #:    136  at x=: 0.0000  at y=: 0.0000  Density= 1.1805
 Domain #:    137  at x=: 0.0000  at y=: 0.0000  Density= 1.1806
 time=  9.905442952814515E-002
 Domain #:    120  at x=: 0.0000  at y=: 0.0000  Density= 1.1810
 Domain #:    121  at x=: 0.0000  at y=: 0.0000  Density= 1.1810
 Domain #:    136  at x=: 0.0000  at y=: 0.0000  Density= 1.1809
 Domain #:    137  at x=: 0.0000  at y=: 0.0000  Density= 1.1810
 time=  9.994681177614646E-002
 Domain #:    120  at x=: 0.0000  at y=: 0.0000  Density= 1.1814
 Domain #:    121  at x=: 0.0000  at y=: 0.0000  Density= 1.1814
 Domain #:    136  at x=: 0.0000  at y=: 0.0000  Density= 1.1814
 Domain #:    137  at x=: 0.0000  at y=: 0.0000  Density= 1.1814
 time=  0.100839194024148     
 Domain #:    120  at x=: 0.0000  at y=: 0.0000  Density= 1.1818
 Domain #:    121  at x=: 0.0000  at y=: 0.0000  Density= 1.1818
 Domain #:    136  at x=: 0.0000  at y=: 0.0000  Density= 1.1818
 Domain #:    137  at x=: 0.0000  at y=: 0.0000  Density= 1.1818
 time=  0.101731576272149     
 Domain #:    120  at x=: 0.0000  at y=: 0.0000  Density= 1.1822
 Domain #:    121  at x=: 0.0000  at y=: 0.0000  Density= 1.1822
 Domain #:    136  at x=: 0.0000  at y=: 0.0000  Density= 1.1822
 Domain #:    137  at x=: 0.0000  at y=: 0.0000  Density= 1.1822
 time=  0.102623958520150     
 Domain #:    120  at x=: 0.0000  at y=: 0.0000  Density= 1.1826
 Domain #:    121  at x=: 0.0000  at y=: 0.0000  Density= 1.1826
 Domain #:    136  at x=: 0.0000  at y=: 0.0000  Density= 1.1826
 Domain #:    137  at x=: 0.0000  at y=: 0.0000  Density= 1.1826
 time=  0.103516340768152     
 Domain #:    120  at x=: 0.0000  at y=: 0.0000  Density= 1.1830
 Domain #:    121  at x=: 0.0000  at y=: 0.0000  Density= 1.1830
 Domain #:    136  at x=: 0.0000  at y=: 0.0000  Density= 1.1830
 Domain #:    137  at x=: 0.0000  at y=: 0.0000  Density= 1.1830
 time=  0.104408723016153     
 Domain #:    120  at x=: 0.0000  at y=: 0.0000  Density= 1.1834
 Domain #:    121  at x=: 0.0000  at y=: 0.0000  Density= 1.1834
 Domain #:    136  at x=: 0.0000  at y=: 0.0000  Density= 1.1834
 Domain #:    137  at x=: 0.0000  at y=: 0.0000  Density= 1.1834
 time=  0.105301105264154     
 Domain #:    120  at x=: 0.0000  at y=: 0.0000  Density= 1.1838
 Domain #:    121  at x=: 0.0000  at y=: 0.0000  Density= 1.1838
 Domain #:    136  at x=: 0.0000  at y=: 0.0000  Density= 1.1838
 Domain #:    137  at x=: 0.0000  at y=: 0.0000  Density= 1.1838
 time=  0.106193487512156     
 Domain #:    120  at x=: 0.0000  at y=: 0.0000  Density= 1.1842
 Domain #:    121  at x=: 0.0000  at y=: 0.0000  Density= 1.1842
 Domain #:    136  at x=: 0.0000  at y=: 0.0000  Density= 1.1841
 Domain #:    137  at x=: 0.0000  at y=: 0.0000  Density= 1.1842
 time=  0.107085869760157     
 Domain #:    120  at x=: 0.0000  at y=: 0.0000  Density= 1.1846
 Domain #:    121  at x=: 0.0000  at y=: 0.0000  Density= 1.1846
 Domain #:    136  at x=: 0.0000  at y=: 0.0000  Density= 1.1845
 Domain #:    137  at x=: 0.0000  at y=: 0.0000  Density= 1.1846
 time=  0.107978252008158     
 Domain #:    120  at x=: 0.0000  at y=: 0.0000  Density= 1.1850
 Domain #:    121  at x=: 0.0000  at y=: 0.0000  Density= 1.1850
 Domain #:    136  at x=: 0.0000  at y=: 0.0000  Density= 1.1849
 Domain #:    137  at x=: 0.0000  at y=: 0.0000  Density= 1.1849
 time=  0.108870634256160     
 Domain #:    120  at x=: 0.0000  at y=: 0.0000  Density= 1.1853
 Domain #:    121  at x=: 0.0000  at y=: 0.0000  Density= 1.1853
 Domain #:    136  at x=: 0.0000  at y=: 0.0000  Density= 1.1853
 Domain #:    137  at x=: 0.0000  at y=: 0.0000  Density= 1.1853
 time=  0.109763016504161     
 Domain #:    120  at x=: 0.0000  at y=: 0.0000  Density= 1.1857
 Domain #:    121  at x=: 0.0000  at y=: 0.0000  Density= 1.1857
 Domain #:    136  at x=: 0.0000  at y=: 0.0000  Density= 1.1857
 Domain #:    137  at x=: 0.0000  at y=: 0.0000  Density= 1.1857
 time=  0.110655398752162     
 Domain #:    120  at x=: 0.0000  at y=: 0.0000  Density= 1.1861
 Domain #:    121  at x=: 0.0000  at y=: 0.0000  Density= 1.1861
 Domain #:    136  at x=: 0.0000  at y=: 0.0000  Density= 1.1860
 Domain #:    137  at x=: 0.0000  at y=: 0.0000  Density= 1.1861
 time=  0.111547781000164     
 Domain #:    120  at x=: 0.0000  at y=: 0.0000  Density= 1.1865
 Domain #:    121  at x=: 0.0000  at y=: 0.0000  Density= 1.1865
 Domain #:    136  at x=: 0.0000  at y=: 0.0000  Density= 1.1864
 Domain #:    137  at x=: 0.0000  at y=: 0.0000  Density= 1.1864
 time=  0.112440163248165     
 Domain #:    120  at x=: 0.0000  at y=: 0.0000  Density= 1.1868
 Domain #:    121  at x=: 0.0000  at y=: 0.0000  Density= 1.1868
 Domain #:    136  at x=: 0.0000  at y=: 0.0000  Density= 1.1868
 Domain #:    137  at x=: 0.0000  at y=: 0.0000  Density= 1.1868
 time=  0.113332545496166     
 Domain #:    120  at x=: 0.0000  at y=: 0.0000  Density= 1.1872
 Domain #:    121  at x=: 0.0000  at y=: 0.0000  Density= 1.1872
 Domain #:    136  at x=: 0.0000  at y=: 0.0000  Density= 1.1872
 Domain #:    137  at x=: 0.0000  at y=: 0.0000  Density= 1.1872
 time=  0.114224927744167     
 Domain #:    120  at x=: 0.0000  at y=: 0.0000  Density= 1.1876
 Domain #:    121  at x=: 0.0000  at y=: 0.0000  Density= 1.1876
 Domain #:    136  at x=: 0.0000  at y=: 0.0000  Density= 1.1875
 Domain #:    137  at x=: 0.0000  at y=: 0.0000  Density= 1.1875
 time=  0.115117309992169     
 Domain #:    120  at x=: 0.0000  at y=: 0.0000  Density= 1.1879
 Domain #:    121  at x=: 0.0000  at y=: 0.0000  Density= 1.1879
 Domain #:    136  at x=: 0.0000  at y=: 0.0000  Density= 1.1879
 Domain #:    137  at x=: 0.0000  at y=: 0.0000  Density= 1.1879
 time=  0.116009692240170     
 Domain #:    120  at x=: 0.0000  at y=: 0.0000  Density= 1.1883
 Domain #:    121  at x=: 0.0000  at y=: 0.0000  Density= 1.1883
 Domain #:    136  at x=: 0.0000  at y=: 0.0000  Density= 1.1882
 Domain #:    137  at x=: 0.0000  at y=: 0.0000  Density= 1.1883
 time=  0.116902074488171     
 Domain #:    120  at x=: 0.0000  at y=: 0.0000  Density= 1.1886
 Domain #:    121  at x=: 0.0000  at y=: 0.0000  Density= 1.1886
 Domain #:    136  at x=: 0.0000  at y=: 0.0000  Density= 1.1886
 Domain #:    137  at x=: 0.0000  at y=: 0.0000  Density= 1.1886
 time=  0.117794456736173     
 Domain #:    120  at x=: 0.0000  at y=: 0.0000  Density= 1.1890
 Domain #:    121  at x=: 0.0000  at y=: 0.0000  Density= 1.1890
 Domain #:    136  at x=: 0.0000  at y=: 0.0000  Density= 1.1890
 Domain #:    137  at x=: 0.0000  at y=: 0.0000  Density= 1.1890
 time=  0.118686838984174     
 Domain #:    120  at x=: 0.0000  at y=: 0.0000  Density= 1.1893
 Domain #:    121  at x=: 0.0000  at y=: 0.0000  Density= 1.1893
 Domain #:    136  at x=: 0.0000  at y=: 0.0000  Density= 1.1893
 Domain #:    137  at x=: 0.0000  at y=: 0.0000  Density= 1.1893
 time=  0.119579221232175     
 Domain #:    120  at x=: 0.0000  at y=: 0.0000  Density= 1.1897
 Domain #:    121  at x=: 0.0000  at y=: 0.0000  Density= 1.1897
 Domain #:    136  at x=: 0.0000  at y=: 0.0000  Density= 1.1897
 Domain #:    137  at x=: 0.0000  at y=: 0.0000  Density= 1.1897
 time=  0.120471603480177     
 Domain #:    120  at x=: 0.0000  at y=: 0.0000  Density= 1.1900
 Domain #:    121  at x=: 0.0000  at y=: 0.0000  Density= 1.1900
 Domain #:    136  at x=: 0.0000  at y=: 0.0000  Density= 1.1900
 Domain #:    137  at x=: 0.0000  at y=: 0.0000  Density= 1.1900
 time=  0.121363985728178     
 Domain #:    120  at x=: 0.0000  at y=: 0.0000  Density= 1.1904
 Domain #:    121  at x=: 0.0000  at y=: 0.0000  Density= 1.1904
 Domain #:    136  at x=: 0.0000  at y=: 0.0000  Density= 1.1904
 Domain #:    137  at x=: 0.0000  at y=: 0.0000  Density= 1.1904
 time=  0.122256367976179     
 Domain #:    120  at x=: 0.0000  at y=: 0.0000  Density= 1.1907
 Domain #:    121  at x=: 0.0000  at y=: 0.0000  Density= 1.1907
 Domain #:    136  at x=: 0.0000  at y=: 0.0000  Density= 1.1907
 Domain #:    137  at x=: 0.0000  at y=: 0.0000  Density= 1.1907
 time=  0.123148750224181     
 Domain #:    120  at x=: 0.0000  at y=: 0.0000  Density= 1.1911
 Domain #:    121  at x=: 0.0000  at y=: 0.0000  Density= 1.1911
 Domain #:    136  at x=: 0.0000  at y=: 0.0000  Density= 1.1911
 Domain #:    137  at x=: 0.0000  at y=: 0.0000  Density= 1.1911
 time=  0.124041132472182     
 Domain #:    120  at x=: 0.0000  at y=: 0.0000  Density= 1.1914
 Domain #:    121  at x=: 0.0000  at y=: 0.0000  Density= 1.1914
 Domain #:    136  at x=: 0.0000  at y=: 0.0000  Density= 1.1914
 Domain #:    137  at x=: 0.0000  at y=: 0.0000  Density= 1.1914
 time=  0.124933514720183     
 Domain #:    120  at x=: 0.0000  at y=: 0.0000  Density= 1.1918
 Domain #:    121  at x=: 0.0000  at y=: 0.0000  Density= 1.1918
 Domain #:    136  at x=: 0.0000  at y=: 0.0000  Density= 1.1917
 Domain #:    137  at x=: 0.0000  at y=: 0.0000  Density= 1.1917
 time=  0.125825896968184     
 Domain #:    120  at x=: 0.0000  at y=: 0.0000  Density= 1.1921
 Domain #:    121  at x=: 0.0000  at y=: 0.0000  Density= 1.1921
 Domain #:    136  at x=: 0.0000  at y=: 0.0000  Density= 1.1921
 Domain #:    137  at x=: 0.0000  at y=: 0.0000  Density= 1.1921
 time=  0.126718279216186     
 Domain #:    120  at x=: 0.0000  at y=: 0.0000  Density= 1.1924
 Domain #:    121  at x=: 0.0000  at y=: 0.0000  Density= 1.1924
 Domain #:    136  at x=: 0.0000  at y=: 0.0000  Density= 1.1924
 Domain #:    137  at x=: 0.0000  at y=: 0.0000  Density= 1.1924
 time=  0.127610661464187     
 Domain #:    120  at x=: 0.0000  at y=: 0.0000  Density= 1.1928
 Domain #:    121  at x=: 0.0000  at y=: 0.0000  Density= 1.1928
 Domain #:    136  at x=: 0.0000  at y=: 0.0000  Density= 1.1928
 Domain #:    137  at x=: 0.0000  at y=: 0.0000  Density= 1.1927
 time=  0.128503043712188     
 Domain #:    120  at x=: 0.0000  at y=: 0.0000  Density= 1.1931
 Domain #:    121  at x=: 0.0000  at y=: 0.0000  Density= 1.1931
 Domain #:    136  at x=: 0.0000  at y=: 0.0000  Density= 1.1931
 Domain #:    137  at x=: 0.0000  at y=: 0.0000  Density= 1.1931
 time=  0.129395425960190     
 Domain #:    120  at x=: 0.0000  at y=: 0.0000  Density= 1.1934
 Domain #:    121  at x=: 0.0000  at y=: 0.0000  Density= 1.1934
 Domain #:    136  at x=: 0.0000  at y=: 0.0000  Density= 1.1934
 Domain #:    137  at x=: 0.0000  at y=: 0.0000  Density= 1.1934
 time=  0.130287808208191     
 Domain #:    120  at x=: 0.0000  at y=: 0.0000  Density= 1.1938
 Domain #:    121  at x=: 0.0000  at y=: 0.0000  Density= 1.1938
 Domain #:    136  at x=: 0.0000  at y=: 0.0000  Density= 1.1937
 Domain #:    137  at x=: 0.0000  at y=: 0.0000  Density= 1.1937
 time=  0.131180190456192     
 Domain #:    120  at x=: 0.0000  at y=: 0.0000  Density= 1.1941
 Domain #:    121  at x=: 0.0000  at y=: 0.0000  Density= 1.1941
 Domain #:    136  at x=: 0.0000  at y=: 0.0000  Density= 1.1941
 Domain #:    137  at x=: 0.0000  at y=: 0.0000  Density= 1.1941
 time=  0.132072572704194     
 Domain #:    120  at x=: 0.0000  at y=: 0.0000  Density= 1.1944
 Domain #:    121  at x=: 0.0000  at y=: 0.0000  Density= 1.1944
 Domain #:    136  at x=: 0.0000  at y=: 0.0000  Density= 1.1944
 Domain #:    137  at x=: 0.0000  at y=: 0.0000  Density= 1.1944
 time=  0.132964954952195     
 Domain #:    120  at x=: 0.0000  at y=: 0.0000  Density= 1.1947
 Domain #:    121  at x=: 0.0000  at y=: 0.0000  Density= 1.1947
 Domain #:    136  at x=: 0.0000  at y=: 0.0000  Density= 1.1947
 Domain #:    137  at x=: 0.0000  at y=: 0.0000  Density= 1.1947
 time=  0.133857337200196     
 Domain #:    120  at x=: 0.0000  at y=: 0.0000  Density= 1.1951
 Domain #:    121  at x=: 0.0000  at y=: 0.0000  Density= 1.1950
 Domain #:    136  at x=: 0.0000  at y=: 0.0000  Density= 1.1950
 Domain #:    137  at x=: 0.0000  at y=: 0.0000  Density= 1.1950
 time=  0.134749719448198     
 Domain #:    120  at x=: 0.0000  at y=: 0.0000  Density= 1.1954
 Domain #:    121  at x=: 0.0000  at y=: 0.0000  Density= 1.1954
 Domain #:    136  at x=: 0.0000  at y=: 0.0000  Density= 1.1954
 Domain #:    137  at x=: 0.0000  at y=: 0.0000  Density= 1.1954
 time=  0.135642101696199     
 Domain #:    120  at x=: 0.0000  at y=: 0.0000  Density= 1.1957
 Domain #:    121  at x=: 0.0000  at y=: 0.0000  Density= 1.1957
 Domain #:    136  at x=: 0.0000  at y=: 0.0000  Density= 1.1957
 Domain #:    137  at x=: 0.0000  at y=: 0.0000  Density= 1.1957
 time=  0.136534483944200     
 Domain #:    120  at x=: 0.0000  at y=: 0.0000  Density= 1.1960
 Domain #:    121  at x=: 0.0000  at y=: 0.0000  Density= 1.1960
 Domain #:    136  at x=: 0.0000  at y=: 0.0000  Density= 1.1960
 Domain #:    137  at x=: 0.0000  at y=: 0.0000  Density= 1.1960
 time=  0.137426866192202     
 Domain #:    120  at x=: 0.0000  at y=: 0.0000  Density= 1.1963
 Domain #:    121  at x=: 0.0000  at y=: 0.0000  Density= 1.1963
 Domain #:    136  at x=: 0.0000  at y=: 0.0000  Density= 1.1963
 Domain #:    137  at x=: 0.0000  at y=: 0.0000  Density= 1.1963
 time=  0.138319248440203     
 Domain #:    120  at x=: 0.0000  at y=: 0.0000  Density= 1.1966
 Domain #:    121  at x=: 0.0000  at y=: 0.0000  Density= 1.1966
 Domain #:    136  at x=: 0.0000  at y=: 0.0000  Density= 1.1966
 Domain #:    137  at x=: 0.0000  at y=: 0.0000  Density= 1.1966
 time=  0.139211630688204     
 Domain #:    120  at x=: 0.0000  at y=: 0.0000  Density= 1.1969
 Domain #:    121  at x=: 0.0000  at y=: 0.0000  Density= 1.1969
 Domain #:    136  at x=: 0.0000  at y=: 0.0000  Density= 1.1969
 Domain #:    137  at x=: 0.0000  at y=: 0.0000  Density= 1.1969
 time=  0.140104012936205     
 Domain #:    120  at x=: 0.0000  at y=: 0.0000  Density= 1.1973
 Domain #:    121  at x=: 0.0000  at y=: 0.0000  Density= 1.1972
 Domain #:    136  at x=: 0.0000  at y=: 0.0000  Density= 1.1972
 Domain #:    137  at x=: 0.0000  at y=: 0.0000  Density= 1.1972
 time=  0.140996395184207     
 Domain #:    120  at x=: 0.0000  at y=: 0.0000  Density= 1.1976
 Domain #:    121  at x=: 0.0000  at y=: 0.0000  Density= 1.1976
 Domain #:    136  at x=: 0.0000  at y=: 0.0000  Density= 1.1976
 Domain #:    137  at x=: 0.0000  at y=: 0.0000  Density= 1.1975
 time=  0.141888777432208     
 Domain #:    120  at x=: 0.0000  at y=: 0.0000  Density= 1.1979
 Domain #:    121  at x=: 0.0000  at y=: 0.0000  Density= 1.1979
 Domain #:    136  at x=: 0.0000  at y=: 0.0000  Density= 1.1979
 Domain #:    137  at x=: 0.0000  at y=: 0.0000  Density= 1.1979
 time=  0.142781159680209     
 Domain #:    120  at x=: 0.0000  at y=: 0.0000  Density= 1.1982
 Domain #:    121  at x=: 0.0000  at y=: 0.0000  Density= 1.1982
 Domain #:    136  at x=: 0.0000  at y=: 0.0000  Density= 1.1982
 Domain #:    137  at x=: 0.0000  at y=: 0.0000  Density= 1.1982
 time=  0.143673541928211     
 Domain #:    120  at x=: 0.0000  at y=: 0.0000  Density= 1.1985
 Domain #:    121  at x=: 0.0000  at y=: 0.0000  Density= 1.1985
 Domain #:    136  at x=: 0.0000  at y=: 0.0000  Density= 1.1985
 Domain #:    137  at x=: 0.0000  at y=: 0.0000  Density= 1.1985
 time=  0.144565924176212     
 Domain #:    120  at x=: 0.0000  at y=: 0.0000  Density= 1.1988
 Domain #:    121  at x=: 0.0000  at y=: 0.0000  Density= 1.1988
 Domain #:    136  at x=: 0.0000  at y=: 0.0000  Density= 1.1988
 Domain #:    137  at x=: 0.0000  at y=: 0.0000  Density= 1.1988
 time=  0.145458306424213     
 Domain #:    120  at x=: 0.0000  at y=: 0.0000  Density= 1.1991
 Domain #:    121  at x=: 0.0000  at y=: 0.0000  Density= 1.1991
 Domain #:    136  at x=: 0.0000  at y=: 0.0000  Density= 1.1991
 Domain #:    137  at x=: 0.0000  at y=: 0.0000  Density= 1.1991
 time=  0.146350688672215     
 Domain #:    120  at x=: 0.0000  at y=: 0.0000  Density= 1.1994
 Domain #:    121  at x=: 0.0000  at y=: 0.0000  Density= 1.1994
 Domain #:    136  at x=: 0.0000  at y=: 0.0000  Density= 1.1994
 Domain #:    137  at x=: 0.0000  at y=: 0.0000  Density= 1.1994
 time=  0.147243070920216     
 Domain #:    120  at x=: 0.0000  at y=: 0.0000  Density= 1.1997
 Domain #:    121  at x=: 0.0000  at y=: 0.0000  Density= 1.1997
 Domain #:    136  at x=: 0.0000  at y=: 0.0000  Density= 1.1997
 Domain #:    137  at x=: 0.0000  at y=: 0.0000  Density= 1.1997
 time=  0.148135453168217     
 Domain #:    120  at x=: 0.0000  at y=: 0.0000  Density= 1.2000
 Domain #:    121  at x=: 0.0000  at y=: 0.0000  Density= 1.1999
 Domain #:    136  at x=: 0.0000  at y=: 0.0000  Density= 1.1999
 Domain #:    137  at x=: 0.0000  at y=: 0.0000  Density= 1.1999
 time=  0.149027835416219     
 Domain #:    120  at x=: 0.0000  at y=: 0.0000  Density= 1.2002
 Domain #:    121  at x=: 0.0000  at y=: 0.0000  Density= 1.2002
 Domain #:    136  at x=: 0.0000  at y=: 0.0000  Density= 1.2002
 Domain #:    137  at x=: 0.0000  at y=: 0.0000  Density= 1.2002
 time=  0.149920217664220     
 Domain #:    120  at x=: 0.0000  at y=: 0.0000  Density= 1.2005
 Domain #:    121  at x=: 0.0000  at y=: 0.0000  Density= 1.2005
 Domain #:    136  at x=: 0.0000  at y=: 0.0000  Density= 1.2005
 Domain #:    137  at x=: 0.0000  at y=: 0.0000  Density= 1.2005
 time=  0.150812599912221     
 Domain #:    120  at x=: 0.0000  at y=: 0.0000  Density= 1.2008
 Domain #:    121  at x=: 0.0000  at y=: 0.0000  Density= 1.2008
 Domain #:    136  at x=: 0.0000  at y=: 0.0000  Density= 1.2008
 Domain #:    137  at x=: 0.0000  at y=: 0.0000  Density= 1.2008
 time=  0.151704982160222     
 Domain #:    120  at x=: 0.0000  at y=: 0.0000  Density= 1.2011
 Domain #:    121  at x=: 0.0000  at y=: 0.0000  Density= 1.2011
 Domain #:    136  at x=: 0.0000  at y=: 0.0000  Density= 1.2011
 Domain #:    137  at x=: 0.0000  at y=: 0.0000  Density= 1.2011
 time=  0.152597364408224     
 Domain #:    120  at x=: 0.0000  at y=: 0.0000  Density= 1.2014
 Domain #:    121  at x=: 0.0000  at y=: 0.0000  Density= 1.2014
 Domain #:    136  at x=: 0.0000  at y=: 0.0000  Density= 1.2014
 Domain #:    137  at x=: 0.0000  at y=: 0.0000  Density= 1.2014
 time=  0.153489746656225     
 Domain #:    120  at x=: 0.0000  at y=: 0.0000  Density= 1.2017
 Domain #:    121  at x=: 0.0000  at y=: 0.0000  Density= 1.2017
 Domain #:    136  at x=: 0.0000  at y=: 0.0000  Density= 1.2017
 Domain #:    137  at x=: 0.0000  at y=: 0.0000  Density= 1.2017
 time=  0.154382128904226     
 Domain #:    120  at x=: 0.0000  at y=: 0.0000  Density= 1.2020
 Domain #:    121  at x=: 0.0000  at y=: 0.0000  Density= 1.2020
 Domain #:    136  at x=: 0.0000  at y=: 0.0000  Density= 1.2020
 Domain #:    137  at x=: 0.0000  at y=: 0.0000  Density= 1.2020
 time=  0.155274511152228     
 Domain #:    120  at x=: 0.0000  at y=: 0.0000  Density= 1.2022
 Domain #:    121  at x=: 0.0000  at y=: 0.0000  Density= 1.2022
 Domain #:    136  at x=: 0.0000  at y=: 0.0000  Density= 1.2022
 Domain #:    137  at x=: 0.0000  at y=: 0.0000  Density= 1.2022
 time=  0.156166893400229     
 Domain #:    120  at x=: 0.0000  at y=: 0.0000  Density= 1.2025
 Domain #:    121  at x=: 0.0000  at y=: 0.0000  Density= 1.2025
 Domain #:    136  at x=: 0.0000  at y=: 0.0000  Density= 1.2025
 Domain #:    137  at x=: 0.0000  at y=: 0.0000  Density= 1.2025
 time=  0.157059275648230     
 Domain #:    120  at x=: 0.0000  at y=: 0.0000  Density= 1.2028
 Domain #:    121  at x=: 0.0000  at y=: 0.0000  Density= 1.2028
 Domain #:    136  at x=: 0.0000  at y=: 0.0000  Density= 1.2028
 Domain #:    137  at x=: 0.0000  at y=: 0.0000  Density= 1.2028
 time=  0.157951657896232     
 Domain #:    120  at x=: 0.0000  at y=: 0.0000  Density= 1.2031
 Domain #:    121  at x=: 0.0000  at y=: 0.0000  Density= 1.2031
 Domain #:    136  at x=: 0.0000  at y=: 0.0000  Density= 1.2031
 Domain #:    137  at x=: 0.0000  at y=: 0.0000  Density= 1.2031
 time=  0.158844040144233     
 Domain #:    120  at x=: 0.0000  at y=: 0.0000  Density= 1.2034
 Domain #:    121  at x=: 0.0000  at y=: 0.0000  Density= 1.2033
 Domain #:    136  at x=: 0.0000  at y=: 0.0000  Density= 1.2034
 Domain #:    137  at x=: 0.0000  at y=: 0.0000  Density= 1.2034
 time=  0.159736422392234     
 Domain #:    120  at x=: 0.0000  at y=: 0.0000  Density= 1.2036
 Domain #:    121  at x=: 0.0000  at y=: 0.0000  Density= 1.2036
 Domain #:    136  at x=: 0.0000  at y=: 0.0000  Density= 1.2036
 Domain #:    137  at x=: 0.0000  at y=: 0.0000  Density= 1.2036
 time=  0.160628804640236     
 Domain #:    120  at x=: 0.0000  at y=: 0.0000  Density= 1.2039
 Domain #:    121  at x=: 0.0000  at y=: 0.0000  Density= 1.2039
 Domain #:    136  at x=: 0.0000  at y=: 0.0000  Density= 1.2039
 Domain #:    137  at x=: 0.0000  at y=: 0.0000  Density= 1.2039
 time=  0.161521186888237     
 Domain #:    120  at x=: 0.0000  at y=: 0.0000  Density= 1.2042
 Domain #:    121  at x=: 0.0000  at y=: 0.0000  Density= 1.2042
 Domain #:    136  at x=: 0.0000  at y=: 0.0000  Density= 1.2042
 Domain #:    137  at x=: 0.0000  at y=: 0.0000  Density= 1.2042
 time=  0.162413569136238     
 Domain #:    120  at x=: 0.0000  at y=: 0.0000  Density= 1.2044
 Domain #:    121  at x=: 0.0000  at y=: 0.0000  Density= 1.2044
 Domain #:    136  at x=: 0.0000  at y=: 0.0000  Density= 1.2044
 Domain #:    137  at x=: 0.0000  at y=: 0.0000  Density= 1.2044
 time=  0.163305951384240     
 Domain #:    120  at x=: 0.0000  at y=: 0.0000  Density= 1.2047
 Domain #:    121  at x=: 0.0000  at y=: 0.0000  Density= 1.2047
 Domain #:    136  at x=: 0.0000  at y=: 0.0000  Density= 1.2047
 Domain #:    137  at x=: 0.0000  at y=: 0.0000  Density= 1.2047
 time=  0.164198333632241     
 Domain #:    120  at x=: 0.0000  at y=: 0.0000  Density= 1.2050
 Domain #:    121  at x=: 0.0000  at y=: 0.0000  Density= 1.2050
 Domain #:    136  at x=: 0.0000  at y=: 0.0000  Density= 1.2050
 Domain #:    137  at x=: 0.0000  at y=: 0.0000  Density= 1.2050
 time=  0.165090715880242     
 Domain #:    120  at x=: 0.0000  at y=: 0.0000  Density= 1.2052
 Domain #:    121  at x=: 0.0000  at y=: 0.0000  Density= 1.2052
 Domain #:    136  at x=: 0.0000  at y=: 0.0000  Density= 1.2052
 Domain #:    137  at x=: 0.0000  at y=: 0.0000  Density= 1.2052
 time=  0.165983098128243     
 Domain #:    120  at x=: 0.0000  at y=: 0.0000  Density= 1.2055
 Domain #:    121  at x=: 0.0000  at y=: 0.0000  Density= 1.2055
 Domain #:    136  at x=: 0.0000  at y=: 0.0000  Density= 1.2055
 Domain #:    137  at x=: 0.0000  at y=: 0.0000  Density= 1.2055
 time=  0.166875480376245     
 Domain #:    120  at x=: 0.0000  at y=: 0.0000  Density= 1.2058
 Domain #:    121  at x=: 0.0000  at y=: 0.0000  Density= 1.2058
 Domain #:    136  at x=: 0.0000  at y=: 0.0000  Density= 1.2058
 Domain #:    137  at x=: 0.0000  at y=: 0.0000  Density= 1.2058
 time=  0.167767862624246     
 Domain #:    120  at x=: 0.0000  at y=: 0.0000  Density= 1.2060
 Domain #:    121  at x=: 0.0000  at y=: 0.0000  Density= 1.2060
 Domain #:    136  at x=: 0.0000  at y=: 0.0000  Density= 1.2060
 Domain #:    137  at x=: 0.0000  at y=: 0.0000  Density= 1.2060
 time=  0.168660244872247     
 Domain #:    120  at x=: 0.0000  at y=: 0.0000  Density= 1.2063
 Domain #:    121  at x=: 0.0000  at y=: 0.0000  Density= 1.2063
 Domain #:    136  at x=: 0.0000  at y=: 0.0000  Density= 1.2063
 Domain #:    137  at x=: 0.0000  at y=: 0.0000  Density= 1.2063
 time=  0.169552627120249     
 Domain #:    120  at x=: 0.0000  at y=: 0.0000  Density= 1.2065
 Domain #:    121  at x=: 0.0000  at y=: 0.0000  Density= 1.2065
 Domain #:    136  at x=: 0.0000  at y=: 0.0000  Density= 1.2065
 Domain #:    137  at x=: 0.0000  at y=: 0.0000  Density= 1.2065
 time=  0.170445009368250     
 Domain #:    120  at x=: 0.0000  at y=: 0.0000  Density= 1.2068
 Domain #:    121  at x=: 0.0000  at y=: 0.0000  Density= 1.2068
 Domain #:    136  at x=: 0.0000  at y=: 0.0000  Density= 1.2068
 Domain #:    137  at x=: 0.0000  at y=: 0.0000  Density= 1.2068
 time=  0.171337391616251     
 Domain #:    120  at x=: 0.0000  at y=: 0.0000  Density= 1.2071
 Domain #:    121  at x=: 0.0000  at y=: 0.0000  Density= 1.2070
 Domain #:    136  at x=: 0.0000  at y=: 0.0000  Density= 1.2071
 Domain #:    137  at x=: 0.0000  at y=: 0.0000  Density= 1.2071
 time=  0.172229773864253     
 Domain #:    120  at x=: 0.0000  at y=: 0.0000  Density= 1.2073
 Domain #:    121  at x=: 0.0000  at y=: 0.0000  Density= 1.2073
 Domain #:    136  at x=: 0.0000  at y=: 0.0000  Density= 1.2073
 Domain #:    137  at x=: 0.0000  at y=: 0.0000  Density= 1.2073
 time=  0.173122156112254     
 Domain #:    120  at x=: 0.0000  at y=: 0.0000  Density= 1.2076
 Domain #:    121  at x=: 0.0000  at y=: 0.0000  Density= 1.2076
 Domain #:    136  at x=: 0.0000  at y=: 0.0000  Density= 1.2076
 Domain #:    137  at x=: 0.0000  at y=: 0.0000  Density= 1.2076
 time=  0.174014538360255     
 Domain #:    120  at x=: 0.0000  at y=: 0.0000  Density= 1.2078
 Domain #:    121  at x=: 0.0000  at y=: 0.0000  Density= 1.2078
 Domain #:    136  at x=: 0.0000  at y=: 0.0000  Density= 1.2078
 Domain #:    137  at x=: 0.0000  at y=: 0.0000  Density= 1.2078
 time=  0.174906920608257     
 Domain #:    120  at x=: 0.0000  at y=: 0.0000  Density= 1.2081
 Domain #:    121  at x=: 0.0000  at y=: 0.0000  Density= 1.2081
 Domain #:    136  at x=: 0.0000  at y=: 0.0000  Density= 1.2081
 Domain #:    137  at x=: 0.0000  at y=: 0.0000  Density= 1.2081
 time=  0.175799302856258     
 Domain #:    120  at x=: 0.0000  at y=: 0.0000  Density= 1.2083
 Domain #:    121  at x=: 0.0000  at y=: 0.0000  Density= 1.2083
 Domain #:    136  at x=: 0.0000  at y=: 0.0000  Density= 1.2083
 Domain #:    137  at x=: 0.0000  at y=: 0.0000  Density= 1.2083
 time=  0.176691685104259     
 Domain #:    120  at x=: 0.0000  at y=: 0.0000  Density= 1.2086
 Domain #:    121  at x=: 0.0000  at y=: 0.0000  Density= 1.2086
 Domain #:    136  at x=: 0.0000  at y=: 0.0000  Density= 1.2086
 Domain #:    137  at x=: 0.0000  at y=: 0.0000  Density= 1.2086
 time=  0.177584067352261     
 Domain #:    120  at x=: 0.0000  at y=: 0.0000  Density= 1.2088
 Domain #:    121  at x=: 0.0000  at y=: 0.0000  Density= 1.2088
 Domain #:    136  at x=: 0.0000  at y=: 0.0000  Density= 1.2088
 Domain #:    137  at x=: 0.0000  at y=: 0.0000  Density= 1.2088
 time=  0.178476449600262     
 Domain #:    120  at x=: 0.0000  at y=: 0.0000  Density= 1.2090
 Domain #:    121  at x=: 0.0000  at y=: 0.0000  Density= 1.2090
 Domain #:    136  at x=: 0.0000  at y=: 0.0000  Density= 1.2090
 Domain #:    137  at x=: 0.0000  at y=: 0.0000  Density= 1.2090
 time=  0.179368831848263     
 Domain #:    120  at x=: 0.0000  at y=: 0.0000  Density= 1.2093
 Domain #:    121  at x=: 0.0000  at y=: 0.0000  Density= 1.2093
 Domain #:    136  at x=: 0.0000  at y=: 0.0000  Density= 1.2093
 Domain #:    137  at x=: 0.0000  at y=: 0.0000  Density= 1.2093
 time=  0.180261214096264     
 Domain #:    120  at x=: 0.0000  at y=: 0.0000  Density= 1.2095
 Domain #:    121  at x=: 0.0000  at y=: 0.0000  Density= 1.2095
 Domain #:    136  at x=: 0.0000  at y=: 0.0000  Density= 1.2095
 Domain #:    137  at x=: 0.0000  at y=: 0.0000  Density= 1.2095
 time=  0.181153596344266     
 Domain #:    120  at x=: 0.0000  at y=: 0.0000  Density= 1.2098
 Domain #:    121  at x=: 0.0000  at y=: 0.0000  Density= 1.2098
 Domain #:    136  at x=: 0.0000  at y=: 0.0000  Density= 1.2098
 Domain #:    137  at x=: 0.0000  at y=: 0.0000  Density= 1.2098
 time=  0.182045978592267     
 Domain #:    120  at x=: 0.0000  at y=: 0.0000  Density= 1.2100
 Domain #:    121  at x=: 0.0000  at y=: 0.0000  Density= 1.2100
 Domain #:    136  at x=: 0.0000  at y=: 0.0000  Density= 1.2100
 Domain #:    137  at x=: 0.0000  at y=: 0.0000  Density= 1.2100
 time=  0.182938360840268     
 Domain #:    120  at x=: 0.0000  at y=: 0.0000  Density= 1.2102
 Domain #:    121  at x=: 0.0000  at y=: 0.0000  Density= 1.2102
 Domain #:    136  at x=: 0.0000  at y=: 0.0000  Density= 1.2103
 Domain #:    137  at x=: 0.0000  at y=: 0.0000  Density= 1.2102
 time=  0.183830743088270     
 Domain #:    120  at x=: 0.0000  at y=: 0.0000  Density= 1.2105
 Domain #:    121  at x=: 0.0000  at y=: 0.0000  Density= 1.2105
 Domain #:    136  at x=: 0.0000  at y=: 0.0000  Density= 1.2105
 Domain #:    137  at x=: 0.0000  at y=: 0.0000  Density= 1.2105
 time=  0.184723125336271     
 Domain #:    120  at x=: 0.0000  at y=: 0.0000  Density= 1.2107
 Domain #:    121  at x=: 0.0000  at y=: 0.0000  Density= 1.2107
 Domain #:    136  at x=: 0.0000  at y=: 0.0000  Density= 1.2107
 Domain #:    137  at x=: 0.0000  at y=: 0.0000  Density= 1.2107
 time=  0.185615507584272     
 Domain #:    120  at x=: 0.0000  at y=: 0.0000  Density= 1.2110
 Domain #:    121  at x=: 0.0000  at y=: 0.0000  Density= 1.2110
 Domain #:    136  at x=: 0.0000  at y=: 0.0000  Density= 1.2110
 Domain #:    137  at x=: 0.0000  at y=: 0.0000  Density= 1.2110
 time=  0.186507889832274     
 Domain #:    120  at x=: 0.0000  at y=: 0.0000  Density= 1.2112
 Domain #:    121  at x=: 0.0000  at y=: 0.0000  Density= 1.2112
 Domain #:    136  at x=: 0.0000  at y=: 0.0000  Density= 1.2112
 Domain #:    137  at x=: 0.0000  at y=: 0.0000  Density= 1.2112
 time=  0.187400272080275     
 Domain #:    120  at x=: 0.0000  at y=: 0.0000  Density= 1.2114
 Domain #:    121  at x=: 0.0000  at y=: 0.0000  Density= 1.2114
 Domain #:    136  at x=: 0.0000  at y=: 0.0000  Density= 1.2114
 Domain #:    137  at x=: 0.0000  at y=: 0.0000  Density= 1.2114
 time=  0.188292654328276     
 Domain #:    120  at x=: 0.0000  at y=: 0.0000  Density= 1.2117
 Domain #:    121  at x=: 0.0000  at y=: 0.0000  Density= 1.2117
 Domain #:    136  at x=: 0.0000  at y=: 0.0000  Density= 1.2117
 Domain #:    137  at x=: 0.0000  at y=: 0.0000  Density= 1.2117
 time=  0.189185036576278     
 Domain #:    120  at x=: 0.0000  at y=: 0.0000  Density= 1.2119
 Domain #:    121  at x=: 0.0000  at y=: 0.0000  Density= 1.2119
 Domain #:    136  at x=: 0.0000  at y=: 0.0000  Density= 1.2119
 Domain #:    137  at x=: 0.0000  at y=: 0.0000  Density= 1.2119
 time=  0.190077418824279     
 Domain #:    120  at x=: 0.0000  at y=: 0.0000  Density= 1.2121
 Domain #:    121  at x=: 0.0000  at y=: 0.0000  Density= 1.2121
 Domain #:    136  at x=: 0.0000  at y=: 0.0000  Density= 1.2121
 Domain #:    137  at x=: 0.0000  at y=: 0.0000  Density= 1.2121
 time=  0.190969801072280     
 Domain #:    120  at x=: 0.0000  at y=: 0.0000  Density= 1.2123
 Domain #:    121  at x=: 0.0000  at y=: 0.0000  Density= 1.2123
 Domain #:    136  at x=: 0.0000  at y=: 0.0000  Density= 1.2123
 Domain #:    137  at x=: 0.0000  at y=: 0.0000  Density= 1.2123
 time=  0.191862183320281     
 Domain #:    120  at x=: 0.0000  at y=: 0.0000  Density= 1.2126
 Domain #:    121  at x=: 0.0000  at y=: 0.0000  Density= 1.2126
 Domain #:    136  at x=: 0.0000  at y=: 0.0000  Density= 1.2126
 Domain #:    137  at x=: 0.0000  at y=: 0.0000  Density= 1.2126
 time=  0.192754565568283     
 Domain #:    120  at x=: 0.0000  at y=: 0.0000  Density= 1.2128
 Domain #:    121  at x=: 0.0000  at y=: 0.0000  Density= 1.2128
 Domain #:    136  at x=: 0.0000  at y=: 0.0000  Density= 1.2128
 Domain #:    137  at x=: 0.0000  at y=: 0.0000  Density= 1.2128
 time=  0.193646947816284     
 Domain #:    120  at x=: 0.0000  at y=: 0.0000  Density= 1.2130
 Domain #:    121  at x=: 0.0000  at y=: 0.0000  Density= 1.2130
 Domain #:    136  at x=: 0.0000  at y=: 0.0000  Density= 1.2130
 Domain #:    137  at x=: 0.0000  at y=: 0.0000  Density= 1.2130
 time=  0.194539330064285     
 Domain #:    120  at x=: 0.0000  at y=: 0.0000  Density= 1.2132
 Domain #:    121  at x=: 0.0000  at y=: 0.0000  Density= 1.2132
 Domain #:    136  at x=: 0.0000  at y=: 0.0000  Density= 1.2132
 Domain #:    137  at x=: 0.0000  at y=: 0.0000  Density= 1.2132
 time=  0.195431712312287     
 Domain #:    120  at x=: 0.0000  at y=: 0.0000  Density= 1.2135
 Domain #:    121  at x=: 0.0000  at y=: 0.0000  Density= 1.2135
 Domain #:    136  at x=: 0.0000  at y=: 0.0000  Density= 1.2135
 Domain #:    137  at x=: 0.0000  at y=: 0.0000  Density= 1.2135
 time=  0.196324094560288     
 Domain #:    120  at x=: 0.0000  at y=: 0.0000  Density= 1.2137
 Domain #:    121  at x=: 0.0000  at y=: 0.0000  Density= 1.2137
 Domain #:    136  at x=: 0.0000  at y=: 0.0000  Density= 1.2137
 Domain #:    137  at x=: 0.0000  at y=: 0.0000  Density= 1.2137
 time=  0.197216476808289     
 Domain #:    120  at x=: 0.0000  at y=: 0.0000  Density= 1.2139
 Domain #:    121  at x=: 0.0000  at y=: 0.0000  Density= 1.2139
 Domain #:    136  at x=: 0.0000  at y=: 0.0000  Density= 1.2139
 Domain #:    137  at x=: 0.0000  at y=: 0.0000  Density= 1.2139
 time=  0.198108859056291     
 Domain #:    120  at x=: 0.0000  at y=: 0.0000  Density= 1.2141
 Domain #:    121  at x=: 0.0000  at y=: 0.0000  Density= 1.2141
 Domain #:    136  at x=: 0.0000  at y=: 0.0000  Density= 1.2141
 Domain #:    137  at x=: 0.0000  at y=: 0.0000  Density= 1.2141
 time=  0.199001241304292     
 Domain #:    120  at x=: 0.0000  at y=: 0.0000  Density= 1.2143
 Domain #:    121  at x=: 0.0000  at y=: 0.0000  Density= 1.2143
 Domain #:    136  at x=: 0.0000  at y=: 0.0000  Density= 1.2143
 Domain #:    137  at x=: 0.0000  at y=: 0.0000  Density= 1.2143
 time=  0.199893623552293     
 Domain #:    120  at x=: 0.0000  at y=: 0.0000  Density= 1.2134
 Domain #:    121  at x=: 0.0000  at y=: 0.0000  Density= 1.2134
 Domain #:    136  at x=: 0.0000  at y=: 0.0000  Density= 1.2134
 Domain #:    137  at x=: 0.0000  at y=: 0.0000  Density= 1.2134
 time=  0.200000000000000     
 error_L2=   1.41421356203143      error_max=  0.999938347153330     
Fortran, cost  7930.523376 s
