 Number of Domains=
 ./Parameter/00016Ndom.in      
 ./Parameter/00016Nedg.in      
          20
 GH  -5.38748089001123       -4.60368244955074       -3.94476404011563     
  -3.34785456738322       -2.78880605842813       -2.25497400208928     
  -1.73853771211659       -1.23407621539532      -0.737473728545395     
 -0.245340708300902       0.245340708300902       0.737473728545395     
   1.23407621539532        1.73853771211659        2.25497400208928     
   2.78880605842813        3.34785456738322        3.94476404011563     
   4.60368244955074        5.38748089001123     
 GHW  0.898591961453179       0.704332961176934       0.622278696191411     
  0.575262442852504       0.544851742364519       0.524080350948556     
  0.509679027117457       0.499920871336290       0.493843385272053     
  0.490921500666746       0.490921500666746       0.493843385272053     
  0.499920871336290       0.509679027117457       0.524080350948556     
  0.544851742364519       0.575262442852504       0.622278696191411     
  0.704332961176934       0.898591961453179     
 wp  0.898591935634613       0.704332947731018       0.622278690338135     
  0.575262427330017       0.544851720333099       0.524080336093903     
  0.509679019451141       0.499920874834061       0.493843376636505     
  0.490921497344971       0.490921497344971       0.493843376636505     
  0.499920874834061       0.509679019451141       0.524080336093903     
  0.544851720333099       0.575262427330017       0.622278690338135     
  0.704332947731018       0.898591935634613     
  -5.38748089001123       -4.60368244955074       -3.94476404011563     
  -3.34785456738322       -2.78880605842813       -2.25497400208928     
  -1.73853771211659       -1.23407621539532      -0.737473728545395     
 -0.245340708300902       0.245340708300902       0.737473728545395     
   1.23407621539532        1.73853771211659        2.25497400208928     
   2.78880605842813        3.34785456738322        3.94476404011563     
   4.60368244955074        5.38748089001123     
 Theta           0 I_prob           3
 Ux1 -0.750000000000000       0.749999781320640       0.749999781320639     
  0.749999781320640       0.749999781320639       0.749999781320640     
  0.749999781320640       0.749999781320640       0.749999781320640     
  0.750000000000000       0.750000000000000       0.750000000000000     
  0.750000000000000       0.750000000000001       0.750000000000001     
  0.750000000000000       0.750000000000001     
 Uy1 -0.500000000000000       0.499999951176770       0.499999951176770     
  0.499999951176770       0.499999951176770       0.499999951176770     
  0.499999951176770       0.499999951176770       0.499999951176770     
 -0.500000000000000      -0.500000000000000      -0.500000000000000     
 -0.500000000000000      -0.500000000000000      -0.500000000000000     
 -0.500000000000000      -0.500000000000000     
 Z1  0.142000000000000       0.142000106001399       0.142000106001397     
  0.142000106001398       0.142000106001398       0.142000106001398     
  0.142000106001398       0.142000106001398       0.142000106001398     
  0.663499999999998       0.663499999999998       0.663499999999999     
  0.663499999999999       0.663499999999997       0.663499999999998     
  0.663499999999998       0.663499999999999     
 T1   2.07800000000000        2.07799836093688        2.07799836093688     
   2.07799836093688        2.07799836093688        2.07799836093688     
   2.07799836093688        2.07799836093688        2.07799836093688     
  0.876849999999998       0.876849999999998       0.876849999999998     
  0.876849999999998       0.876849999999998       0.876849999999998     
  0.876849999999998       0.876849999999998     
 R_loc  0.927008554655428       0.927008554655418       0.927008554655424     
  0.927008554655421       0.927008554655424       0.927008554655424     
  0.927008554655424       0.927008554655425        1.82774711139218     
   1.82774711139218        1.82774711139218        1.82774711139218     
   1.82774711139218        1.82774711139218        1.82774711139218     
   1.82774711139218     
 End of DG2D Initial
 a_max   5.38748089001123     
 dt =   5.155986321785331E-003 Deg=           4
 Domain #:      6  at x=: 0.0000  at y=: 0.0000  Density= 1.0950
 Domain #:      7  at x=: 0.0000  at y=: 0.0000  Density= 1.2273
 Domain #:     10  at x=: 0.0000  at y=: 0.0000  Density= 1.1771
 Domain #:     11  at x=: 0.0000  at y=: 0.0000  Density= 1.1004
 time=  5.155986321785331E-003
 Domain #:      6  at x=: 0.0000  at y=: 0.0000  Density= 1.1491
 Domain #:      7  at x=: 0.0000  at y=: 0.0000  Density= 1.2187
 Domain #:     10  at x=: 0.0000  at y=: 0.0000  Density= 1.1845
 Domain #:     11  at x=: 0.0000  at y=: 0.0000  Density= 1.1550
 time=  1.031197264357066E-002
 Domain #:      6  at x=: 0.0000  at y=: 0.0000  Density= 1.1872
 Domain #:      7  at x=: 0.0000  at y=: 0.0000  Density= 1.2260
 Domain #:     10  at x=: 0.0000  at y=: 0.0000  Density= 1.1995
 Domain #:     11  at x=: 0.0000  at y=: 0.0000  Density= 1.1923
 time=  1.546795896535599E-002
 Domain #:      6  at x=: 0.0000  at y=: 0.0000  Density= 1.2125
 Domain #:      7  at x=: 0.0000  at y=: 0.0000  Density= 1.2430
 Domain #:     10  at x=: 0.0000  at y=: 0.0000  Density= 1.2188
 Domain #:     11  at x=: 0.0000  at y=: 0.0000  Density= 1.2162
 time=  2.062394528714133E-002
 Domain #:      6  at x=: 0.0000  at y=: 0.0000  Density= 1.2289
 Domain #:      7  at x=: 0.0000  at y=: 0.0000  Density= 1.2640
 Domain #:     10  at x=: 0.0000  at y=: 0.0000  Density= 1.2391
 Domain #:     11  at x=: 0.0000  at y=: 0.0000  Density= 1.2312
 time=  2.577993160892666E-002
 Domain #:      6  at x=: 0.0000  at y=: 0.0000  Density= 1.2398
 Domain #:      7  at x=: 0.0000  at y=: 0.0000  Density= 1.2853
 Domain #:     10  at x=: 0.0000  at y=: 0.0000  Density= 1.2582
 Domain #:     11  at x=: 0.0000  at y=: 0.0000  Density= 1.2407
 time=  3.093591793071199E-002
 Domain #:      6  at x=: 0.0000  at y=: 0.0000  Density= 1.2474
 Domain #:      7  at x=: 0.0000  at y=: 0.0000  Density= 1.3049
 Domain #:     10  at x=: 0.0000  at y=: 0.0000  Density= 1.2749
 Domain #:     11  at x=: 0.0000  at y=: 0.0000  Density= 1.2471
 time=  3.609190425249732E-002
 Domain #:      6  at x=: 0.0000  at y=: 0.0000  Density= 1.2531
 Domain #:      7  at x=: 0.0000  at y=: 0.0000  Density= 1.3214
 Domain #:     10  at x=: 0.0000  at y=: 0.0000  Density= 1.2889
 Domain #:     11  at x=: 0.0000  at y=: 0.0000  Density= 1.2518
 time=  4.124789057428265E-002
 Domain #:      6  at x=: 0.0000  at y=: 0.0000  Density= 1.2574
 Domain #:      7  at x=: 0.0000  at y=: 0.0000  Density= 1.3343
 Domain #:     10  at x=: 0.0000  at y=: 0.0000  Density= 1.3000
 Domain #:     11  at x=: 0.0000  at y=: 0.0000  Density= 1.2554
 time=  4.640387689606798E-002
 Domain #:      6  at x=: 0.0000  at y=: 0.0000  Density= 1.2609
 Domain #:      7  at x=: 0.0000  at y=: 0.0000  Density= 1.3436
 Domain #:     10  at x=: 0.0000  at y=: 0.0000  Density= 1.3082
 Domain #:     11  at x=: 0.0000  at y=: 0.0000  Density= 1.2583
 time=  5.155986321785331E-002
 Domain #:      6  at x=: 0.0000  at y=: 0.0000  Density= 1.2634
 Domain #:      7  at x=: 0.0000  at y=: 0.0000  Density= 1.3492
 Domain #:     10  at x=: 0.0000  at y=: 0.0000  Density= 1.3137
 Domain #:     11  at x=: 0.0000  at y=: 0.0000  Density= 1.2607
 time=  5.671584953963864E-002
 Domain #:      6  at x=: 0.0000  at y=: 0.0000  Density= 1.2652
 Domain #:      7  at x=: 0.0000  at y=: 0.0000  Density= 1.3513
 Domain #:     10  at x=: 0.0000  at y=: 0.0000  Density= 1.3168
 Domain #:     11  at x=: 0.0000  at y=: 0.0000  Density= 1.2624
 time=  6.187183586142397E-002
 Domain #:      6  at x=: 0.0000  at y=: 0.0000  Density= 1.2662
 Domain #:      7  at x=: 0.0000  at y=: 0.0000  Density= 1.3504
 Domain #:     10  at x=: 0.0000  at y=: 0.0000  Density= 1.3175
 Domain #:     11  at x=: 0.0000  at y=: 0.0000  Density= 1.2635
 time=  6.702782218320930E-002
 Domain #:      6  at x=: 0.0000  at y=: 0.0000  Density= 1.2664
 Domain #:      7  at x=: 0.0000  at y=: 0.0000  Density= 1.3466
 Domain #:     10  at x=: 0.0000  at y=: 0.0000  Density= 1.3161
 Domain #:     11  at x=: 0.0000  at y=: 0.0000  Density= 1.2639
 time=  7.218380850499463E-002
 Domain #:      6  at x=: 0.0000  at y=: 0.0000  Density= 1.2659
 Domain #:      7  at x=: 0.0000  at y=: 0.0000  Density= 1.3404
 Domain #:     10  at x=: 0.0000  at y=: 0.0000  Density= 1.3129
 Domain #:     11  at x=: 0.0000  at y=: 0.0000  Density= 1.2635
 time=  7.733979482677997E-002
 Domain #:      6  at x=: 0.0000  at y=: 0.0000  Density= 1.2646
 Domain #:      7  at x=: 0.0000  at y=: 0.0000  Density= 1.3322
 Domain #:     10  at x=: 0.0000  at y=: 0.0000  Density= 1.3081
 Domain #:     11  at x=: 0.0000  at y=: 0.0000  Density= 1.2624
 time=  8.249578114856530E-002
 Domain #:      6  at x=: 0.0000  at y=: 0.0000  Density= 1.2627
 Domain #:      7  at x=: 0.0000  at y=: 0.0000  Density= 1.3225
 Domain #:     10  at x=: 0.0000  at y=: 0.0000  Density= 1.3021
 Domain #:     11  at x=: 0.0000  at y=: 0.0000  Density= 1.2604
 time=  8.765176747035064E-002
 Domain #:      6  at x=: 0.0000  at y=: 0.0000  Density= 1.2601
 Domain #:      7  at x=: 0.0000  at y=: 0.0000  Density= 1.3117
 Domain #:     10  at x=: 0.0000  at y=: 0.0000  Density= 1.2952
 Domain #:     11  at x=: 0.0000  at y=: 0.0000  Density= 1.2577
 time=  9.280775379213597E-002
 Domain #:      6  at x=: 0.0000  at y=: 0.0000  Density= 1.2567
 Domain #:      7  at x=: 0.0000  at y=: 0.0000  Density= 1.3004
 Domain #:     10  at x=: 0.0000  at y=: 0.0000  Density= 1.2878
 Domain #:     11  at x=: 0.0000  at y=: 0.0000  Density= 1.2542
 time=  9.796374011392131E-002
 Domain #:      6  at x=: 0.0000  at y=: 0.0000  Density= 1.2525
 Domain #:      7  at x=: 0.0000  at y=: 0.0000  Density= 1.2890
 Domain #:     10  at x=: 0.0000  at y=: 0.0000  Density= 1.2801
 Domain #:     11  at x=: 0.0000  at y=: 0.0000  Density= 1.2500
 time=  0.103119726435707     
 Domain #:      6  at x=: 0.0000  at y=: 0.0000  Density= 1.2477
 Domain #:      7  at x=: 0.0000  at y=: 0.0000  Density= 1.2779
 Domain #:     10  at x=: 0.0000  at y=: 0.0000  Density= 1.2725
 Domain #:     11  at x=: 0.0000  at y=: 0.0000  Density= 1.2453
 time=  0.108275712757492     
 Domain #:      6  at x=: 0.0000  at y=: 0.0000  Density= 1.2424
 Domain #:      7  at x=: 0.0000  at y=: 0.0000  Density= 1.2674
 Domain #:     10  at x=: 0.0000  at y=: 0.0000  Density= 1.2650
 Domain #:     11  at x=: 0.0000  at y=: 0.0000  Density= 1.2402
 time=  0.113431699079277     
 Domain #:      6  at x=: 0.0000  at y=: 0.0000  Density= 1.2367
 Domain #:      7  at x=: 0.0000  at y=: 0.0000  Density= 1.2578
 Domain #:     10  at x=: 0.0000  at y=: 0.0000  Density= 1.2580
 Domain #:     11  at x=: 0.0000  at y=: 0.0000  Density= 1.2348
 time=  0.118587685401063     
 Domain #:      6  at x=: 0.0000  at y=: 0.0000  Density= 1.2308
 Domain #:      7  at x=: 0.0000  at y=: 0.0000  Density= 1.2492
 Domain #:     10  at x=: 0.0000  at y=: 0.0000  Density= 1.2513
 Domain #:     11  at x=: 0.0000  at y=: 0.0000  Density= 1.2292
 time=  0.123743671722848     
 Domain #:      6  at x=: 0.0000  at y=: 0.0000  Density= 1.2249
 Domain #:      7  at x=: 0.0000  at y=: 0.0000  Density= 1.2417
 Domain #:     10  at x=: 0.0000  at y=: 0.0000  Density= 1.2451
 Domain #:     11  at x=: 0.0000  at y=: 0.0000  Density= 1.2236
 time=  0.128899658044633     
 Domain #:      6  at x=: 0.0000  at y=: 0.0000  Density= 1.2192
 Domain #:      7  at x=: 0.0000  at y=: 0.0000  Density= 1.2351
 Domain #:     10  at x=: 0.0000  at y=: 0.0000  Density= 1.2395
 Domain #:     11  at x=: 0.0000  at y=: 0.0000  Density= 1.2181
 time=  0.134055644366419     
 Domain #:      6  at x=: 0.0000  at y=: 0.0000  Density= 1.2139
 Domain #:      7  at x=: 0.0000  at y=: 0.0000  Density= 1.2295
 Domain #:     10  at x=: 0.0000  at y=: 0.0000  Density= 1.2343
 Domain #:     11  at x=: 0.0000  at y=: 0.0000  Density= 1.2129
 time=  0.139211630688204     
 Domain #:      6  at x=: 0.0000  at y=: 0.0000  Density= 1.2089
 Domain #:      7  at x=: 0.0000  at y=: 0.0000  Density= 1.2248
 Domain #:     10  at x=: 0.0000  at y=: 0.0000  Density= 1.2297
 Domain #:     11  at x=: 0.0000  at y=: 0.0000  Density= 1.2081
 time=  0.144367617009989     
 Domain #:      6  at x=: 0.0000  at y=: 0.0000  Density= 1.2045
 Domain #:      7  at x=: 0.0000  at y=: 0.0000  Density= 1.2209
 Domain #:     10  at x=: 0.0000  at y=: 0.0000  Density= 1.2256
 Domain #:     11  at x=: 0.0000  at y=: 0.0000  Density= 1.2037
 time=  0.149523603331775     
 Domain #:      6  at x=: 0.0000  at y=: 0.0000  Density= 1.2006
 Domain #:      7  at x=: 0.0000  at y=: 0.0000  Density= 1.2176
 Domain #:     10  at x=: 0.0000  at y=: 0.0000  Density= 1.2220
 Domain #:     11  at x=: 0.0000  at y=: 0.0000  Density= 1.1998
 time=  0.154679589653560     
 Domain #:      6  at x=: 0.0000  at y=: 0.0000  Density= 1.1973
 Domain #:      7  at x=: 0.0000  at y=: 0.0000  Density= 1.2150
 Domain #:     10  at x=: 0.0000  at y=: 0.0000  Density= 1.2189
 Domain #:     11  at x=: 0.0000  at y=: 0.0000  Density= 1.1964
 time=  0.159835575975345     
 Domain #:      6  at x=: 0.0000  at y=: 0.0000  Density= 1.1946
 Domain #:      7  at x=: 0.0000  at y=: 0.0000  Density= 1.2128
 Domain #:     10  at x=: 0.0000  at y=: 0.0000  Density= 1.2164
 Domain #:     11  at x=: 0.0000  at y=: 0.0000  Density= 1.1936
 time=  0.164991562297131     
 Domain #:      6  at x=: 0.0000  at y=: 0.0000  Density= 1.1925
 Domain #:      7  at x=: 0.0000  at y=: 0.0000  Density= 1.2112
 Domain #:     10  at x=: 0.0000  at y=: 0.0000  Density= 1.2143
 Domain #:     11  at x=: 0.0000  at y=: 0.0000  Density= 1.1914
 time=  0.170147548618916     
 Domain #:      6  at x=: 0.0000  at y=: 0.0000  Density= 1.1910
 Domain #:      7  at x=: 0.0000  at y=: 0.0000  Density= 1.2100
 Domain #:     10  at x=: 0.0000  at y=: 0.0000  Density= 1.2128
 Domain #:     11  at x=: 0.0000  at y=: 0.0000  Density= 1.1898
 time=  0.175303534940701     
 Domain #:      6  at x=: 0.0000  at y=: 0.0000  Density= 1.1901
 Domain #:      7  at x=: 0.0000  at y=: 0.0000  Density= 1.2092
 Domain #:     10  at x=: 0.0000  at y=: 0.0000  Density= 1.2117
 Domain #:     11  at x=: 0.0000  at y=: 0.0000  Density= 1.1888
 time=  0.180459521262487     
 Domain #:      6  at x=: 0.0000  at y=: 0.0000  Density= 1.1897
 Domain #:      7  at x=: 0.0000  at y=: 0.0000  Density= 1.2089
 Domain #:     10  at x=: 0.0000  at y=: 0.0000  Density= 1.2111
 Domain #:     11  at x=: 0.0000  at y=: 0.0000  Density= 1.1885
 time=  0.185615507584272     
 Domain #:      6  at x=: 0.0000  at y=: 0.0000  Density= 1.1899
 Domain #:      7  at x=: 0.0000  at y=: 0.0000  Density= 1.2090
 Domain #:     10  at x=: 0.0000  at y=: 0.0000  Density= 1.2110
 Domain #:     11  at x=: 0.0000  at y=: 0.0000  Density= 1.1887
 time=  0.190771493906057     
 Domain #:      6  at x=: 0.0000  at y=: 0.0000  Density= 1.1906
 Domain #:      7  at x=: 0.0000  at y=: 0.0000  Density= 1.2095
 Domain #:     10  at x=: 0.0000  at y=: 0.0000  Density= 1.2113
 Domain #:     11  at x=: 0.0000  at y=: 0.0000  Density= 1.1895
 time=  0.195927480227843     
 Domain #:      6  at x=: 0.0000  at y=: 0.0000  Density= 1.1912
 Domain #:      7  at x=: 0.0000  at y=: 0.0000  Density= 1.2100
 Domain #:     10  at x=: 0.0000  at y=: 0.0000  Density= 1.2117
 Domain #:     11  at x=: 0.0000  at y=: 0.0000  Density= 1.1901
 time=  0.200000000000000     
 error_L2=   1.41421356298349      error_max=  0.999938351020080     
Fortran, cost    23.284460 s
