 Number of Domains=
 ./Parameter/00256Ndom.in      
 ./Parameter/00256Nedg.in      
          20
 GH  -5.38748089001123       -4.60368244955074       -3.94476404011563     
  -3.34785456738322       -2.78880605842813       -2.25497400208928     
  -1.73853771211659       -1.23407621539532      -0.737473728545395     
 -0.245340708300902       0.245340708300902       0.737473728545395     
   1.23407621539532        1.73853771211659        2.25497400208928     
   2.78880605842813        3.34785456738322        3.94476404011563     
   4.60368244955074        5.38748089001123     
 GHW  0.898591961453179       0.704332961176934       0.622278696191411     
  0.575262442852504       0.544851742364519       0.524080350948556     
  0.509679027117457       0.499920871336290       0.493843385272053     
  0.490921500666746       0.490921500666746       0.493843385272053     
  0.499920871336290       0.509679027117457       0.524080350948556     
  0.544851742364519       0.575262442852504       0.622278696191411     
  0.704332961176934       0.898591961453179     
 wp  0.898591935634613       0.704332947731018       0.622278690338135     
  0.575262427330017       0.544851720333099       0.524080336093903     
  0.509679019451141       0.499920874834061       0.493843376636505     
  0.490921497344971       0.490921497344971       0.493843376636505     
  0.499920874834061       0.509679019451141       0.524080336093903     
  0.544851720333099       0.575262427330017       0.622278690338135     
  0.704332947731018       0.898591935634613     
  -5.38748089001123       -4.60368244955074       -3.94476404011563     
  -3.34785456738322       -2.78880605842813       -2.25497400208928     
  -1.73853771211659       -1.23407621539532      -0.737473728545395     
 -0.245340708300902       0.245340708300902       0.737473728545395     
   1.23407621539532        1.73853771211659        2.25497400208928     
   2.78880605842813        3.34785456738322        3.94476404011563     
   4.60368244955074        5.38748089001123     
 Theta           0 I_prob           3
 Ux1 -0.750000000000000       0.749999781320639       0.749999781320640     
  0.749999781320640       0.749999781320639       0.749999781320639     
  0.749999781320640       0.749999781320639       0.749999781320639     
  0.749999781320640       0.749999781320639       0.749999781320640     
  0.749999781320639       0.749999781320639       0.749999781320639     
  0.749999781320640       0.749999781320640     
 Uy1 -0.500000000000000       0.499999951176769       0.499999951176769     
  0.499999951176770       0.499999951176769       0.499999951176769     
  0.499999951176770       0.499999951176769       0.499999951176770     
  0.499999951176770       0.499999951176770       0.499999951176770     
  0.499999951176769       0.499999951176769       0.499999951176769     
  0.499999951176770       0.499999951176769     
 Z1  0.142000000000000       0.142000106001401       0.142000106001398     
  0.142000106001403       0.142000106001398       0.142000106001396     
  0.142000106001395       0.142000106001400       0.142000106001396     
  0.142000106001405       0.142000106001400       0.142000106001406     
  0.142000106001400       0.142000106001400       0.142000106001400     
  0.142000106001403       0.142000106001399     
 T1   2.07800000000000        2.07799836093688        2.07799836093688     
   2.07799836093688        2.07799836093688        2.07799836093688     
   2.07799836093688        2.07799836093688        2.07799836093688     
   2.07799836093688        2.07799836093688        2.07799836093688     
   2.07799836093688        2.07799836093688        2.07799836093688     
   2.07799836093688        2.07799836093688     
 R_loc  0.927008554655442       0.927008554655426       0.927008554655452     
  0.927008554655422       0.927008554655410       0.927008554655406     
  0.927008554655436       0.927008554655410       0.927008554655466     
  0.927008554655436       0.927008554655472       0.927008554655436     
  0.927008554655437       0.927008554655436       0.927008554655453     
  0.927008554655431     
 End of DG2D Initial
 a_max   5.38748089001123     
 dt =   1.288996580446333E-003 Deg=           4
 Domain #:    120  at x=: 0.0000  at y=: 0.0000  Density= 1.0874
 Domain #:    121  at x=: 0.0000  at y=: 0.0000  Density= 1.2263
 Domain #:    136  at x=: 0.0000  at y=: 0.0000  Density= 1.1759
 Domain #:    137  at x=: 0.0000  at y=: 0.0000  Density= 1.0917
 time=  1.288996580446333E-003
 Domain #:    120  at x=: 0.0000  at y=: 0.0000  Density= 1.1325
 Domain #:    121  at x=: 0.0000  at y=: 0.0000  Density= 1.2062
 Domain #:    136  at x=: 0.0000  at y=: 0.0000  Density= 1.1754
 Domain #:    137  at x=: 0.0000  at y=: 0.0000  Density= 1.1370
 time=  2.577993160892666E-003
 Domain #:    120  at x=: 0.0000  at y=: 0.0000  Density= 1.1633
 Domain #:    121  at x=: 0.0000  at y=: 0.0000  Density= 1.1978
 Domain #:    136  at x=: 0.0000  at y=: 0.0000  Density= 1.1787
 Domain #:    137  at x=: 0.0000  at y=: 0.0000  Density= 1.1672
 time=  3.866989741338998E-003
 Domain #:    120  at x=: 0.0000  at y=: 0.0000  Density= 1.1820
 Domain #:    121  at x=: 0.0000  at y=: 0.0000  Density= 1.1966
 Domain #:    136  at x=: 0.0000  at y=: 0.0000  Density= 1.1836
 Domain #:    137  at x=: 0.0000  at y=: 0.0000  Density= 1.1848
 time=  5.155986321785331E-003
 Domain #:    120  at x=: 0.0000  at y=: 0.0000  Density= 1.1915
 Domain #:    121  at x=: 0.0000  at y=: 0.0000  Density= 1.1992
 Domain #:    136  at x=: 0.0000  at y=: 0.0000  Density= 1.1884
 Domain #:    137  at x=: 0.0000  at y=: 0.0000  Density= 1.1930
 time=  6.444982902231665E-003
 Domain #:    120  at x=: 0.0000  at y=: 0.0000  Density= 1.1945
 Domain #:    121  at x=: 0.0000  at y=: 0.0000  Density= 1.2031
 Domain #:    136  at x=: 0.0000  at y=: 0.0000  Density= 1.1923
 Domain #:    137  at x=: 0.0000  at y=: 0.0000  Density= 1.1945
 time=  7.733979482677998E-003
 Domain #:    120  at x=: 0.0000  at y=: 0.0000  Density= 1.1933
 Domain #:    121  at x=: 0.0000  at y=: 0.0000  Density= 1.2068
 Domain #:    136  at x=: 0.0000  at y=: 0.0000  Density= 1.1947
 Domain #:    137  at x=: 0.0000  at y=: 0.0000  Density= 1.1919
 time=  9.022976063124331E-003
 Domain #:    120  at x=: 0.0000  at y=: 0.0000  Density= 1.1896
 Domain #:    121  at x=: 0.0000  at y=: 0.0000  Density= 1.2092
 Domain #:    136  at x=: 0.0000  at y=: 0.0000  Density= 1.1954
 Domain #:    137  at x=: 0.0000  at y=: 0.0000  Density= 1.1869
 time=  1.031197264357066E-002
 Domain #:    120  at x=: 0.0000  at y=: 0.0000  Density= 1.1844
 Domain #:    121  at x=: 0.0000  at y=: 0.0000  Density= 1.2100
 Domain #:    136  at x=: 0.0000  at y=: 0.0000  Density= 1.1946
 Domain #:    137  at x=: 0.0000  at y=: 0.0000  Density= 1.1807
 time=  1.160096922401700E-002
 Domain #:    120  at x=: 0.0000  at y=: 0.0000  Density= 1.1787
 Domain #:    121  at x=: 0.0000  at y=: 0.0000  Density= 1.2089
 Domain #:    136  at x=: 0.0000  at y=: 0.0000  Density= 1.1924
 Domain #:    137  at x=: 0.0000  at y=: 0.0000  Density= 1.1741
 time=  1.288996580446333E-002
 Domain #:    120  at x=: 0.0000  at y=: 0.0000  Density= 1.1728
 Domain #:    121  at x=: 0.0000  at y=: 0.0000  Density= 1.2060
 Domain #:    136  at x=: 0.0000  at y=: 0.0000  Density= 1.1890
 Domain #:    137  at x=: 0.0000  at y=: 0.0000  Density= 1.1677
 time=  1.417896238490966E-002
 Domain #:    120  at x=: 0.0000  at y=: 0.0000  Density= 1.1671
 Domain #:    121  at x=: 0.0000  at y=: 0.0000  Density= 1.2015
 Domain #:    136  at x=: 0.0000  at y=: 0.0000  Density= 1.1847
 Domain #:    137  at x=: 0.0000  at y=: 0.0000  Density= 1.1616
 time=  1.546795896535599E-002
 Domain #:    120  at x=: 0.0000  at y=: 0.0000  Density= 1.1617
 Domain #:    121  at x=: 0.0000  at y=: 0.0000  Density= 1.1957
 Domain #:    136  at x=: 0.0000  at y=: 0.0000  Density= 1.1798
 Domain #:    137  at x=: 0.0000  at y=: 0.0000  Density= 1.1560
 time=  1.675695554580232E-002
 Domain #:    120  at x=: 0.0000  at y=: 0.0000  Density= 1.1567
 Domain #:    121  at x=: 0.0000  at y=: 0.0000  Density= 1.1891
 Domain #:    136  at x=: 0.0000  at y=: 0.0000  Density= 1.1745
 Domain #:    137  at x=: 0.0000  at y=: 0.0000  Density= 1.1511
 time=  1.804595212624866E-002
 Domain #:    120  at x=: 0.0000  at y=: 0.0000  Density= 1.1522
 Domain #:    121  at x=: 0.0000  at y=: 0.0000  Density= 1.1818
 Domain #:    136  at x=: 0.0000  at y=: 0.0000  Density= 1.1690
 Domain #:    137  at x=: 0.0000  at y=: 0.0000  Density= 1.1466
 time=  1.933494870669499E-002
 Domain #:    120  at x=: 0.0000  at y=: 0.0000  Density= 1.1481
 Domain #:    121  at x=: 0.0000  at y=: 0.0000  Density= 1.1744
 Domain #:    136  at x=: 0.0000  at y=: 0.0000  Density= 1.1636
 Domain #:    137  at x=: 0.0000  at y=: 0.0000  Density= 1.1427
 time=  2.062394528714133E-002
 Domain #:    120  at x=: 0.0000  at y=: 0.0000  Density= 1.1444
 Domain #:    121  at x=: 0.0000  at y=: 0.0000  Density= 1.1670
 Domain #:    136  at x=: 0.0000  at y=: 0.0000  Density= 1.1585
 Domain #:    137  at x=: 0.0000  at y=: 0.0000  Density= 1.1392
 time=  2.191294186758766E-002
 Domain #:    120  at x=: 0.0000  at y=: 0.0000  Density= 1.1411
 Domain #:    121  at x=: 0.0000  at y=: 0.0000  Density= 1.1599
 Domain #:    136  at x=: 0.0000  at y=: 0.0000  Density= 1.1536
 Domain #:    137  at x=: 0.0000  at y=: 0.0000  Density= 1.1361
 time=  2.320193844803399E-002
 Domain #:    120  at x=: 0.0000  at y=: 0.0000  Density= 1.1381
 Domain #:    121  at x=: 0.0000  at y=: 0.0000  Density= 1.1532
 Domain #:    136  at x=: 0.0000  at y=: 0.0000  Density= 1.1492
 Domain #:    137  at x=: 0.0000  at y=: 0.0000  Density= 1.1334
 time=  2.449093502848033E-002
 Domain #:    120  at x=: 0.0000  at y=: 0.0000  Density= 1.1354
 Domain #:    121  at x=: 0.0000  at y=: 0.0000  Density= 1.1473
 Domain #:    136  at x=: 0.0000  at y=: 0.0000  Density= 1.1453
 Domain #:    137  at x=: 0.0000  at y=: 0.0000  Density= 1.1310
 time=  2.577993160892666E-002
 Domain #:    120  at x=: 0.0000  at y=: 0.0000  Density= 1.1330
 Domain #:    121  at x=: 0.0000  at y=: 0.0000  Density= 1.1420
 Domain #:    136  at x=: 0.0000  at y=: 0.0000  Density= 1.1419
 Domain #:    137  at x=: 0.0000  at y=: 0.0000  Density= 1.1289
 time=  2.706892818937300E-002
 Domain #:    120  at x=: 0.0000  at y=: 0.0000  Density= 1.1309
 Domain #:    121  at x=: 0.0000  at y=: 0.0000  Density= 1.1376
 Domain #:    136  at x=: 0.0000  at y=: 0.0000  Density= 1.1389
 Domain #:    137  at x=: 0.0000  at y=: 0.0000  Density= 1.1271
 time=  2.835792476981933E-002
 Domain #:    120  at x=: 0.0000  at y=: 0.0000  Density= 1.1291
 Domain #:    121  at x=: 0.0000  at y=: 0.0000  Density= 1.1338
 Domain #:    136  at x=: 0.0000  at y=: 0.0000  Density= 1.1365
 Domain #:    137  at x=: 0.0000  at y=: 0.0000  Density= 1.1256
 time=  2.964692135026566E-002
 Domain #:    120  at x=: 0.0000  at y=: 0.0000  Density= 1.1275
 Domain #:    121  at x=: 0.0000  at y=: 0.0000  Density= 1.1309
 Domain #:    136  at x=: 0.0000  at y=: 0.0000  Density= 1.1345
 Domain #:    137  at x=: 0.0000  at y=: 0.0000  Density= 1.1244
 time=  3.093591793071200E-002
 Domain #:    120  at x=: 0.0000  at y=: 0.0000  Density= 1.1263
 Domain #:    121  at x=: 0.0000  at y=: 0.0000  Density= 1.1286
 Domain #:    136  at x=: 0.0000  at y=: 0.0000  Density= 1.1329
 Domain #:    137  at x=: 0.0000  at y=: 0.0000  Density= 1.1235
 time=  3.222491451115833E-002
 Domain #:    120  at x=: 0.0000  at y=: 0.0000  Density= 1.1253
 Domain #:    121  at x=: 0.0000  at y=: 0.0000  Density= 1.1270
 Domain #:    136  at x=: 0.0000  at y=: 0.0000  Density= 1.1317
 Domain #:    137  at x=: 0.0000  at y=: 0.0000  Density= 1.1229
 time=  3.351391109160466E-002
 Domain #:    120  at x=: 0.0000  at y=: 0.0000  Density= 1.1246
 Domain #:    121  at x=: 0.0000  at y=: 0.0000  Density= 1.1259
 Domain #:    136  at x=: 0.0000  at y=: 0.0000  Density= 1.1309
 Domain #:    137  at x=: 0.0000  at y=: 0.0000  Density= 1.1225
 time=  3.480290767205099E-002
 Domain #:    120  at x=: 0.0000  at y=: 0.0000  Density= 1.1242
 Domain #:    121  at x=: 0.0000  at y=: 0.0000  Density= 1.1253
 Domain #:    136  at x=: 0.0000  at y=: 0.0000  Density= 1.1303
 Domain #:    137  at x=: 0.0000  at y=: 0.0000  Density= 1.1224
 time=  3.609190425249732E-002
 Domain #:    120  at x=: 0.0000  at y=: 0.0000  Density= 1.1241
 Domain #:    121  at x=: 0.0000  at y=: 0.0000  Density= 1.1252
 Domain #:    136  at x=: 0.0000  at y=: 0.0000  Density= 1.1301
 Domain #:    137  at x=: 0.0000  at y=: 0.0000  Density= 1.1226
 time=  3.738090083294365E-002
 Domain #:    120  at x=: 0.0000  at y=: 0.0000  Density= 1.1243
 Domain #:    121  at x=: 0.0000  at y=: 0.0000  Density= 1.1255
 Domain #:    136  at x=: 0.0000  at y=: 0.0000  Density= 1.1301
 Domain #:    137  at x=: 0.0000  at y=: 0.0000  Density= 1.1230
 time=  3.866989741338998E-002
 Domain #:    120  at x=: 0.0000  at y=: 0.0000  Density= 1.1247
 Domain #:    121  at x=: 0.0000  at y=: 0.0000  Density= 1.1261
 Domain #:    136  at x=: 0.0000  at y=: 0.0000  Density= 1.1303
 Domain #:    137  at x=: 0.0000  at y=: 0.0000  Density= 1.1236
 time=  3.995889399383631E-002
 Domain #:    120  at x=: 0.0000  at y=: 0.0000  Density= 1.1253
 Domain #:    121  at x=: 0.0000  at y=: 0.0000  Density= 1.1269
 Domain #:    136  at x=: 0.0000  at y=: 0.0000  Density= 1.1308
 Domain #:    137  at x=: 0.0000  at y=: 0.0000  Density= 1.1244
 time=  4.124789057428264E-002
 Domain #:    120  at x=: 0.0000  at y=: 0.0000  Density= 1.1262
 Domain #:    121  at x=: 0.0000  at y=: 0.0000  Density= 1.1280
 Domain #:    136  at x=: 0.0000  at y=: 0.0000  Density= 1.1315
 Domain #:    137  at x=: 0.0000  at y=: 0.0000  Density= 1.1254
 time=  4.253688715472898E-002
 Domain #:    120  at x=: 0.0000  at y=: 0.0000  Density= 1.1272
 Domain #:    121  at x=: 0.0000  at y=: 0.0000  Density= 1.1292
 Domain #:    136  at x=: 0.0000  at y=: 0.0000  Density= 1.1323
 Domain #:    137  at x=: 0.0000  at y=: 0.0000  Density= 1.1265
 time=  4.382588373517531E-002
 Domain #:    120  at x=: 0.0000  at y=: 0.0000  Density= 1.1284
 Domain #:    121  at x=: 0.0000  at y=: 0.0000  Density= 1.1306
 Domain #:    136  at x=: 0.0000  at y=: 0.0000  Density= 1.1333
 Domain #:    137  at x=: 0.0000  at y=: 0.0000  Density= 1.1278
 time=  4.511488031562164E-002
 Domain #:    120  at x=: 0.0000  at y=: 0.0000  Density= 1.1298
 Domain #:    121  at x=: 0.0000  at y=: 0.0000  Density= 1.1321
 Domain #:    136  at x=: 0.0000  at y=: 0.0000  Density= 1.1344
 Domain #:    137  at x=: 0.0000  at y=: 0.0000  Density= 1.1292
 time=  4.640387689606797E-002
 Domain #:    120  at x=: 0.0000  at y=: 0.0000  Density= 1.1313
 Domain #:    121  at x=: 0.0000  at y=: 0.0000  Density= 1.1337
 Domain #:    136  at x=: 0.0000  at y=: 0.0000  Density= 1.1357
 Domain #:    137  at x=: 0.0000  at y=: 0.0000  Density= 1.1308
 time=  4.769287347651430E-002
 Domain #:    120  at x=: 0.0000  at y=: 0.0000  Density= 1.1329
 Domain #:    121  at x=: 0.0000  at y=: 0.0000  Density= 1.1354
 Domain #:    136  at x=: 0.0000  at y=: 0.0000  Density= 1.1370
 Domain #:    137  at x=: 0.0000  at y=: 0.0000  Density= 1.1324
 time=  4.898187005696063E-002
 Domain #:    120  at x=: 0.0000  at y=: 0.0000  Density= 1.1345
 Domain #:    121  at x=: 0.0000  at y=: 0.0000  Density= 1.1372
 Domain #:    136  at x=: 0.0000  at y=: 0.0000  Density= 1.1384
 Domain #:    137  at x=: 0.0000  at y=: 0.0000  Density= 1.1341
 time=  5.027086663740696E-002
 Domain #:    120  at x=: 0.0000  at y=: 0.0000  Density= 1.1362
 Domain #:    121  at x=: 0.0000  at y=: 0.0000  Density= 1.1389
 Domain #:    136  at x=: 0.0000  at y=: 0.0000  Density= 1.1400
 Domain #:    137  at x=: 0.0000  at y=: 0.0000  Density= 1.1358
 time=  5.155986321785329E-002
 Domain #:    120  at x=: 0.0000  at y=: 0.0000  Density= 1.1380
 Domain #:    121  at x=: 0.0000  at y=: 0.0000  Density= 1.1407
 Domain #:    136  at x=: 0.0000  at y=: 0.0000  Density= 1.1415
 Domain #:    137  at x=: 0.0000  at y=: 0.0000  Density= 1.1376
 time=  5.284885979829962E-002
 Domain #:    120  at x=: 0.0000  at y=: 0.0000  Density= 1.1398
 Domain #:    121  at x=: 0.0000  at y=: 0.0000  Density= 1.1425
 Domain #:    136  at x=: 0.0000  at y=: 0.0000  Density= 1.1431
 Domain #:    137  at x=: 0.0000  at y=: 0.0000  Density= 1.1393
 time=  5.413785637874595E-002
 Domain #:    120  at x=: 0.0000  at y=: 0.0000  Density= 1.1416
 Domain #:    121  at x=: 0.0000  at y=: 0.0000  Density= 1.1443
 Domain #:    136  at x=: 0.0000  at y=: 0.0000  Density= 1.1447
 Domain #:    137  at x=: 0.0000  at y=: 0.0000  Density= 1.1411
 time=  5.542685295919228E-002
 Domain #:    120  at x=: 0.0000  at y=: 0.0000  Density= 1.1434
 Domain #:    121  at x=: 0.0000  at y=: 0.0000  Density= 1.1461
 Domain #:    136  at x=: 0.0000  at y=: 0.0000  Density= 1.1463
 Domain #:    137  at x=: 0.0000  at y=: 0.0000  Density= 1.1429
 time=  5.671584953963861E-002
 Domain #:    120  at x=: 0.0000  at y=: 0.0000  Density= 1.1452
 Domain #:    121  at x=: 0.0000  at y=: 0.0000  Density= 1.1479
 Domain #:    136  at x=: 0.0000  at y=: 0.0000  Density= 1.1480
 Domain #:    137  at x=: 0.0000  at y=: 0.0000  Density= 1.1447
 time=  5.800484612008494E-002
 Domain #:    120  at x=: 0.0000  at y=: 0.0000  Density= 1.1470
 Domain #:    121  at x=: 0.0000  at y=: 0.0000  Density= 1.1496
 Domain #:    136  at x=: 0.0000  at y=: 0.0000  Density= 1.1496
 Domain #:    137  at x=: 0.0000  at y=: 0.0000  Density= 1.1465
 time=  5.929384270053127E-002
 Domain #:    120  at x=: 0.0000  at y=: 0.0000  Density= 1.1488
 Domain #:    121  at x=: 0.0000  at y=: 0.0000  Density= 1.1513
 Domain #:    136  at x=: 0.0000  at y=: 0.0000  Density= 1.1512
 Domain #:    137  at x=: 0.0000  at y=: 0.0000  Density= 1.1482
 time=  6.058283928097760E-002
 Domain #:    120  at x=: 0.0000  at y=: 0.0000  Density= 1.1505
 Domain #:    121  at x=: 0.0000  at y=: 0.0000  Density= 1.1530
 Domain #:    136  at x=: 0.0000  at y=: 0.0000  Density= 1.1527
 Domain #:    137  at x=: 0.0000  at y=: 0.0000  Density= 1.1499
 time=  6.187183586142393E-002
 Domain #:    120  at x=: 0.0000  at y=: 0.0000  Density= 1.1522
 Domain #:    121  at x=: 0.0000  at y=: 0.0000  Density= 1.1546
 Domain #:    136  at x=: 0.0000  at y=: 0.0000  Density= 1.1543
 Domain #:    137  at x=: 0.0000  at y=: 0.0000  Density= 1.1516
 time=  6.316083244187026E-002
 Domain #:    120  at x=: 0.0000  at y=: 0.0000  Density= 1.1538
 Domain #:    121  at x=: 0.0000  at y=: 0.0000  Density= 1.1562
 Domain #:    136  at x=: 0.0000  at y=: 0.0000  Density= 1.1557
 Domain #:    137  at x=: 0.0000  at y=: 0.0000  Density= 1.1532
 time=  6.444982902231659E-002
 Domain #:    120  at x=: 0.0000  at y=: 0.0000  Density= 1.1554
 Domain #:    121  at x=: 0.0000  at y=: 0.0000  Density= 1.1577
 Domain #:    136  at x=: 0.0000  at y=: 0.0000  Density= 1.1572
 Domain #:    137  at x=: 0.0000  at y=: 0.0000  Density= 1.1548
 time=  6.573882560276292E-002
 Domain #:    120  at x=: 0.0000  at y=: 0.0000  Density= 1.1569
 Domain #:    121  at x=: 0.0000  at y=: 0.0000  Density= 1.1591
 Domain #:    136  at x=: 0.0000  at y=: 0.0000  Density= 1.1586
 Domain #:    137  at x=: 0.0000  at y=: 0.0000  Density= 1.1563
 time=  6.702782218320925E-002
 Domain #:    120  at x=: 0.0000  at y=: 0.0000  Density= 1.1583
 Domain #:    121  at x=: 0.0000  at y=: 0.0000  Density= 1.1605
 Domain #:    136  at x=: 0.0000  at y=: 0.0000  Density= 1.1599
 Domain #:    137  at x=: 0.0000  at y=: 0.0000  Density= 1.1577
 time=  6.831681876365558E-002
 Domain #:    120  at x=: 0.0000  at y=: 0.0000  Density= 1.1597
 Domain #:    121  at x=: 0.0000  at y=: 0.0000  Density= 1.1618
 Domain #:    136  at x=: 0.0000  at y=: 0.0000  Density= 1.1612
 Domain #:    137  at x=: 0.0000  at y=: 0.0000  Density= 1.1591
 time=  6.960581534410192E-002
 Domain #:    120  at x=: 0.0000  at y=: 0.0000  Density= 1.1611
 Domain #:    121  at x=: 0.0000  at y=: 0.0000  Density= 1.1631
 Domain #:    136  at x=: 0.0000  at y=: 0.0000  Density= 1.1625
 Domain #:    137  at x=: 0.0000  at y=: 0.0000  Density= 1.1604
 time=  7.089481192454825E-002
 Domain #:    120  at x=: 0.0000  at y=: 0.0000  Density= 1.1623
 Domain #:    121  at x=: 0.0000  at y=: 0.0000  Density= 1.1643
 Domain #:    136  at x=: 0.0000  at y=: 0.0000  Density= 1.1636
 Domain #:    137  at x=: 0.0000  at y=: 0.0000  Density= 1.1617
 time=  7.218380850499458E-002
 Domain #:    120  at x=: 0.0000  at y=: 0.0000  Density= 1.1635
 Domain #:    121  at x=: 0.0000  at y=: 0.0000  Density= 1.1654
 Domain #:    136  at x=: 0.0000  at y=: 0.0000  Density= 1.1648
 Domain #:    137  at x=: 0.0000  at y=: 0.0000  Density= 1.1629
 time=  7.347280508544091E-002
 Domain #:    120  at x=: 0.0000  at y=: 0.0000  Density= 1.1647
 Domain #:    121  at x=: 0.0000  at y=: 0.0000  Density= 1.1665
 Domain #:    136  at x=: 0.0000  at y=: 0.0000  Density= 1.1659
 Domain #:    137  at x=: 0.0000  at y=: 0.0000  Density= 1.1641
 time=  7.476180166588724E-002
 Domain #:    120  at x=: 0.0000  at y=: 0.0000  Density= 1.1658
 Domain #:    121  at x=: 0.0000  at y=: 0.0000  Density= 1.1675
 Domain #:    136  at x=: 0.0000  at y=: 0.0000  Density= 1.1669
 Domain #:    137  at x=: 0.0000  at y=: 0.0000  Density= 1.1652
 time=  7.605079824633357E-002
 Domain #:    120  at x=: 0.0000  at y=: 0.0000  Density= 1.1668
 Domain #:    121  at x=: 0.0000  at y=: 0.0000  Density= 1.1684
 Domain #:    136  at x=: 0.0000  at y=: 0.0000  Density= 1.1679
 Domain #:    137  at x=: 0.0000  at y=: 0.0000  Density= 1.1662
 time=  7.733979482677990E-002
 Domain #:    120  at x=: 0.0000  at y=: 0.0000  Density= 1.1678
 Domain #:    121  at x=: 0.0000  at y=: 0.0000  Density= 1.1694
 Domain #:    136  at x=: 0.0000  at y=: 0.0000  Density= 1.1688
 Domain #:    137  at x=: 0.0000  at y=: 0.0000  Density= 1.1672
 time=  7.862879140722623E-002
 Domain #:    120  at x=: 0.0000  at y=: 0.0000  Density= 1.1687
 Domain #:    121  at x=: 0.0000  at y=: 0.0000  Density= 1.1702
 Domain #:    136  at x=: 0.0000  at y=: 0.0000  Density= 1.1697
 Domain #:    137  at x=: 0.0000  at y=: 0.0000  Density= 1.1682
 time=  7.991778798767256E-002
 Domain #:    120  at x=: 0.0000  at y=: 0.0000  Density= 1.1696
 Domain #:    121  at x=: 0.0000  at y=: 0.0000  Density= 1.1711
 Domain #:    136  at x=: 0.0000  at y=: 0.0000  Density= 1.1706
 Domain #:    137  at x=: 0.0000  at y=: 0.0000  Density= 1.1691
 time=  8.120678456811889E-002
 Domain #:    120  at x=: 0.0000  at y=: 0.0000  Density= 1.1705
 Domain #:    121  at x=: 0.0000  at y=: 0.0000  Density= 1.1718
 Domain #:    136  at x=: 0.0000  at y=: 0.0000  Density= 1.1714
 Domain #:    137  at x=: 0.0000  at y=: 0.0000  Density= 1.1700
 time=  8.249578114856522E-002
 Domain #:    120  at x=: 0.0000  at y=: 0.0000  Density= 1.1713
 Domain #:    121  at x=: 0.0000  at y=: 0.0000  Density= 1.1726
 Domain #:    136  at x=: 0.0000  at y=: 0.0000  Density= 1.1722
 Domain #:    137  at x=: 0.0000  at y=: 0.0000  Density= 1.1708
 time=  8.378477772901155E-002
 Domain #:    120  at x=: 0.0000  at y=: 0.0000  Density= 1.1721
 Domain #:    121  at x=: 0.0000  at y=: 0.0000  Density= 1.1733
 Domain #:    136  at x=: 0.0000  at y=: 0.0000  Density= 1.1729
 Domain #:    137  at x=: 0.0000  at y=: 0.0000  Density= 1.1717
 time=  8.507377430945788E-002
 Domain #:    120  at x=: 0.0000  at y=: 0.0000  Density= 1.1729
 Domain #:    121  at x=: 0.0000  at y=: 0.0000  Density= 1.1740
 Domain #:    136  at x=: 0.0000  at y=: 0.0000  Density= 1.1737
 Domain #:    137  at x=: 0.0000  at y=: 0.0000  Density= 1.1725
 time=  8.636277088990421E-002
 Domain #:    120  at x=: 0.0000  at y=: 0.0000  Density= 1.1736
 Domain #:    121  at x=: 0.0000  at y=: 0.0000  Density= 1.1747
 Domain #:    136  at x=: 0.0000  at y=: 0.0000  Density= 1.1744
 Domain #:    137  at x=: 0.0000  at y=: 0.0000  Density= 1.1732
 time=  8.765176747035054E-002
 Domain #:    120  at x=: 0.0000  at y=: 0.0000  Density= 1.1743
 Domain #:    121  at x=: 0.0000  at y=: 0.0000  Density= 1.1753
 Domain #:    136  at x=: 0.0000  at y=: 0.0000  Density= 1.1751
 Domain #:    137  at x=: 0.0000  at y=: 0.0000  Density= 1.1740
 time=  8.894076405079687E-002
 Domain #:    120  at x=: 0.0000  at y=: 0.0000  Density= 1.1750
 Domain #:    121  at x=: 0.0000  at y=: 0.0000  Density= 1.1760
 Domain #:    136  at x=: 0.0000  at y=: 0.0000  Density= 1.1757
 Domain #:    137  at x=: 0.0000  at y=: 0.0000  Density= 1.1747
 time=  9.022976063124320E-002
 Domain #:    120  at x=: 0.0000  at y=: 0.0000  Density= 1.1757
 Domain #:    121  at x=: 0.0000  at y=: 0.0000  Density= 1.1766
 Domain #:    136  at x=: 0.0000  at y=: 0.0000  Density= 1.1764
 Domain #:    137  at x=: 0.0000  at y=: 0.0000  Density= 1.1754
 time=  9.151875721168953E-002
 Domain #:    120  at x=: 0.0000  at y=: 0.0000  Density= 1.1764
 Domain #:    121  at x=: 0.0000  at y=: 0.0000  Density= 1.1772
 Domain #:    136  at x=: 0.0000  at y=: 0.0000  Density= 1.1770
 Domain #:    137  at x=: 0.0000  at y=: 0.0000  Density= 1.1761
 time=  9.280775379213586E-002
 Domain #:    120  at x=: 0.0000  at y=: 0.0000  Density= 1.1770
 Domain #:    121  at x=: 0.0000  at y=: 0.0000  Density= 1.1778
 Domain #:    136  at x=: 0.0000  at y=: 0.0000  Density= 1.1777
 Domain #:    137  at x=: 0.0000  at y=: 0.0000  Density= 1.1768
 time=  9.409675037258219E-002
 Domain #:    120  at x=: 0.0000  at y=: 0.0000  Density= 1.1776
 Domain #:    121  at x=: 0.0000  at y=: 0.0000  Density= 1.1784
 Domain #:    136  at x=: 0.0000  at y=: 0.0000  Density= 1.1783
 Domain #:    137  at x=: 0.0000  at y=: 0.0000  Density= 1.1774
 time=  9.538574695302852E-002
 Domain #:    120  at x=: 0.0000  at y=: 0.0000  Density= 1.1783
 Domain #:    121  at x=: 0.0000  at y=: 0.0000  Density= 1.1790
 Domain #:    136  at x=: 0.0000  at y=: 0.0000  Density= 1.1789
 Domain #:    137  at x=: 0.0000  at y=: 0.0000  Density= 1.1781
 time=  9.667474353347486E-002
 Domain #:    120  at x=: 0.0000  at y=: 0.0000  Density= 1.1789
 Domain #:    121  at x=: 0.0000  at y=: 0.0000  Density= 1.1795
 Domain #:    136  at x=: 0.0000  at y=: 0.0000  Density= 1.1795
 Domain #:    137  at x=: 0.0000  at y=: 0.0000  Density= 1.1788
 time=  9.796374011392119E-002
 Domain #:    120  at x=: 0.0000  at y=: 0.0000  Density= 1.1795
 Domain #:    121  at x=: 0.0000  at y=: 0.0000  Density= 1.1801
 Domain #:    136  at x=: 0.0000  at y=: 0.0000  Density= 1.1801
 Domain #:    137  at x=: 0.0000  at y=: 0.0000  Density= 1.1794
 time=  9.925273669436752E-002
 Domain #:    120  at x=: 0.0000  at y=: 0.0000  Density= 1.1801
 Domain #:    121  at x=: 0.0000  at y=: 0.0000  Density= 1.1807
 Domain #:    136  at x=: 0.0000  at y=: 0.0000  Density= 1.1807
 Domain #:    137  at x=: 0.0000  at y=: 0.0000  Density= 1.1800
 time=  0.100541733274814     
 Domain #:    120  at x=: 0.0000  at y=: 0.0000  Density= 1.1807
 Domain #:    121  at x=: 0.0000  at y=: 0.0000  Density= 1.1812
 Domain #:    136  at x=: 0.0000  at y=: 0.0000  Density= 1.1812
 Domain #:    137  at x=: 0.0000  at y=: 0.0000  Density= 1.1807
 time=  0.101830729855260     
 Domain #:    120  at x=: 0.0000  at y=: 0.0000  Density= 1.1813
 Domain #:    121  at x=: 0.0000  at y=: 0.0000  Density= 1.1818
 Domain #:    136  at x=: 0.0000  at y=: 0.0000  Density= 1.1818
 Domain #:    137  at x=: 0.0000  at y=: 0.0000  Density= 1.1813
 time=  0.103119726435707     
 Domain #:    120  at x=: 0.0000  at y=: 0.0000  Density= 1.1819
 Domain #:    121  at x=: 0.0000  at y=: 0.0000  Density= 1.1824
 Domain #:    136  at x=: 0.0000  at y=: 0.0000  Density= 1.1824
 Domain #:    137  at x=: 0.0000  at y=: 0.0000  Density= 1.1819
 time=  0.104408723016153     
 Domain #:    120  at x=: 0.0000  at y=: 0.0000  Density= 1.1825
 Domain #:    121  at x=: 0.0000  at y=: 0.0000  Density= 1.1829
 Domain #:    136  at x=: 0.0000  at y=: 0.0000  Density= 1.1829
 Domain #:    137  at x=: 0.0000  at y=: 0.0000  Density= 1.1825
 time=  0.105697719596599     
 Domain #:    120  at x=: 0.0000  at y=: 0.0000  Density= 1.1831
 Domain #:    121  at x=: 0.0000  at y=: 0.0000  Density= 1.1835
 Domain #:    136  at x=: 0.0000  at y=: 0.0000  Density= 1.1835
 Domain #:    137  at x=: 0.0000  at y=: 0.0000  Density= 1.1831
 time=  0.106986716177045     
 Domain #:    120  at x=: 0.0000  at y=: 0.0000  Density= 1.1837
 Domain #:    121  at x=: 0.0000  at y=: 0.0000  Density= 1.1840
 Domain #:    136  at x=: 0.0000  at y=: 0.0000  Density= 1.1841
 Domain #:    137  at x=: 0.0000  at y=: 0.0000  Density= 1.1837
 time=  0.108275712757492     
 Domain #:    120  at x=: 0.0000  at y=: 0.0000  Density= 1.1843
 Domain #:    121  at x=: 0.0000  at y=: 0.0000  Density= 1.1846
 Domain #:    136  at x=: 0.0000  at y=: 0.0000  Density= 1.1846
 Domain #:    137  at x=: 0.0000  at y=: 0.0000  Density= 1.1843
 time=  0.109564709337938     
 Domain #:    120  at x=: 0.0000  at y=: 0.0000  Density= 1.1849
 Domain #:    121  at x=: 0.0000  at y=: 0.0000  Density= 1.1851
 Domain #:    136  at x=: 0.0000  at y=: 0.0000  Density= 1.1852
 Domain #:    137  at x=: 0.0000  at y=: 0.0000  Density= 1.1849
 time=  0.110853705918384     
 Domain #:    120  at x=: 0.0000  at y=: 0.0000  Density= 1.1854
 Domain #:    121  at x=: 0.0000  at y=: 0.0000  Density= 1.1857
 Domain #:    136  at x=: 0.0000  at y=: 0.0000  Density= 1.1857
 Domain #:    137  at x=: 0.0000  at y=: 0.0000  Density= 1.1855
 time=  0.112142702498831     
 Domain #:    120  at x=: 0.0000  at y=: 0.0000  Density= 1.1860
 Domain #:    121  at x=: 0.0000  at y=: 0.0000  Density= 1.1862
 Domain #:    136  at x=: 0.0000  at y=: 0.0000  Density= 1.1863
 Domain #:    137  at x=: 0.0000  at y=: 0.0000  Density= 1.1861
 time=  0.113431699079277     
 Domain #:    120  at x=: 0.0000  at y=: 0.0000  Density= 1.1866
 Domain #:    121  at x=: 0.0000  at y=: 0.0000  Density= 1.1868
 Domain #:    136  at x=: 0.0000  at y=: 0.0000  Density= 1.1868
 Domain #:    137  at x=: 0.0000  at y=: 0.0000  Density= 1.1867
 time=  0.114720695659723     
 Domain #:    120  at x=: 0.0000  at y=: 0.0000  Density= 1.1871
 Domain #:    121  at x=: 0.0000  at y=: 0.0000  Density= 1.1873
 Domain #:    136  at x=: 0.0000  at y=: 0.0000  Density= 1.1874
 Domain #:    137  at x=: 0.0000  at y=: 0.0000  Density= 1.1872
 time=  0.116009692240170     
 Domain #:    120  at x=: 0.0000  at y=: 0.0000  Density= 1.1877
 Domain #:    121  at x=: 0.0000  at y=: 0.0000  Density= 1.1879
 Domain #:    136  at x=: 0.0000  at y=: 0.0000  Density= 1.1879
 Domain #:    137  at x=: 0.0000  at y=: 0.0000  Density= 1.1878
 time=  0.117298688820616     
 Domain #:    120  at x=: 0.0000  at y=: 0.0000  Density= 1.1882
 Domain #:    121  at x=: 0.0000  at y=: 0.0000  Density= 1.1884
 Domain #:    136  at x=: 0.0000  at y=: 0.0000  Density= 1.1885
 Domain #:    137  at x=: 0.0000  at y=: 0.0000  Density= 1.1883
 time=  0.118587685401062     
 Domain #:    120  at x=: 0.0000  at y=: 0.0000  Density= 1.1888
 Domain #:    121  at x=: 0.0000  at y=: 0.0000  Density= 1.1889
 Domain #:    136  at x=: 0.0000  at y=: 0.0000  Density= 1.1890
 Domain #:    137  at x=: 0.0000  at y=: 0.0000  Density= 1.1889
 time=  0.119876681981509     
 Domain #:    120  at x=: 0.0000  at y=: 0.0000  Density= 1.1893
 Domain #:    121  at x=: 0.0000  at y=: 0.0000  Density= 1.1895
 Domain #:    136  at x=: 0.0000  at y=: 0.0000  Density= 1.1895
 Domain #:    137  at x=: 0.0000  at y=: 0.0000  Density= 1.1894
 time=  0.121165678561955     
 Domain #:    120  at x=: 0.0000  at y=: 0.0000  Density= 1.1898
 Domain #:    121  at x=: 0.0000  at y=: 0.0000  Density= 1.1900
 Domain #:    136  at x=: 0.0000  at y=: 0.0000  Density= 1.1900
 Domain #:    137  at x=: 0.0000  at y=: 0.0000  Density= 1.1900
 time=  0.122454675142401     
 Domain #:    120  at x=: 0.0000  at y=: 0.0000  Density= 1.1904
 Domain #:    121  at x=: 0.0000  at y=: 0.0000  Density= 1.1905
 Domain #:    136  at x=: 0.0000  at y=: 0.0000  Density= 1.1905
 Domain #:    137  at x=: 0.0000  at y=: 0.0000  Density= 1.1905
 time=  0.123743671722848     
 Domain #:    120  at x=: 0.0000  at y=: 0.0000  Density= 1.1909
 Domain #:    121  at x=: 0.0000  at y=: 0.0000  Density= 1.1910
 Domain #:    136  at x=: 0.0000  at y=: 0.0000  Density= 1.1911
 Domain #:    137  at x=: 0.0000  at y=: 0.0000  Density= 1.1910
 time=  0.125032668303294     
 Domain #:    120  at x=: 0.0000  at y=: 0.0000  Density= 1.1914
 Domain #:    121  at x=: 0.0000  at y=: 0.0000  Density= 1.1915
 Domain #:    136  at x=: 0.0000  at y=: 0.0000  Density= 1.1916
 Domain #:    137  at x=: 0.0000  at y=: 0.0000  Density= 1.1915
 time=  0.126321664883740     
 Domain #:    120  at x=: 0.0000  at y=: 0.0000  Density= 1.1919
 Domain #:    121  at x=: 0.0000  at y=: 0.0000  Density= 1.1920
 Domain #:    136  at x=: 0.0000  at y=: 0.0000  Density= 1.1921
 Domain #:    137  at x=: 0.0000  at y=: 0.0000  Density= 1.1921
 time=  0.127610661464187     
 Domain #:    120  at x=: 0.0000  at y=: 0.0000  Density= 1.1924
 Domain #:    121  at x=: 0.0000  at y=: 0.0000  Density= 1.1925
 Domain #:    136  at x=: 0.0000  at y=: 0.0000  Density= 1.1926
 Domain #:    137  at x=: 0.0000  at y=: 0.0000  Density= 1.1926
 time=  0.128899658044633     
 Domain #:    120  at x=: 0.0000  at y=: 0.0000  Density= 1.1929
 Domain #:    121  at x=: 0.0000  at y=: 0.0000  Density= 1.1930
 Domain #:    136  at x=: 0.0000  at y=: 0.0000  Density= 1.1931
 Domain #:    137  at x=: 0.0000  at y=: 0.0000  Density= 1.1931
 time=  0.130188654625080     
 Domain #:    120  at x=: 0.0000  at y=: 0.0000  Density= 1.1934
 Domain #:    121  at x=: 0.0000  at y=: 0.0000  Density= 1.1935
 Domain #:    136  at x=: 0.0000  at y=: 0.0000  Density= 1.1936
 Domain #:    137  at x=: 0.0000  at y=: 0.0000  Density= 1.1936
 time=  0.131477651205526     
 Domain #:    120  at x=: 0.0000  at y=: 0.0000  Density= 1.1939
 Domain #:    121  at x=: 0.0000  at y=: 0.0000  Density= 1.1940
 Domain #:    136  at x=: 0.0000  at y=: 0.0000  Density= 1.1941
 Domain #:    137  at x=: 0.0000  at y=: 0.0000  Density= 1.1941
 time=  0.132766647785972     
 Domain #:    120  at x=: 0.0000  at y=: 0.0000  Density= 1.1944
 Domain #:    121  at x=: 0.0000  at y=: 0.0000  Density= 1.1945
 Domain #:    136  at x=: 0.0000  at y=: 0.0000  Density= 1.1945
 Domain #:    137  at x=: 0.0000  at y=: 0.0000  Density= 1.1945
 time=  0.134055644366419     
 Domain #:    120  at x=: 0.0000  at y=: 0.0000  Density= 1.1949
 Domain #:    121  at x=: 0.0000  at y=: 0.0000  Density= 1.1950
 Domain #:    136  at x=: 0.0000  at y=: 0.0000  Density= 1.1950
 Domain #:    137  at x=: 0.0000  at y=: 0.0000  Density= 1.1950
 time=  0.135344640946865     
 Domain #:    120  at x=: 0.0000  at y=: 0.0000  Density= 1.1954
 Domain #:    121  at x=: 0.0000  at y=: 0.0000  Density= 1.1955
 Domain #:    136  at x=: 0.0000  at y=: 0.0000  Density= 1.1955
 Domain #:    137  at x=: 0.0000  at y=: 0.0000  Density= 1.1955
 time=  0.136633637527311     
 Domain #:    120  at x=: 0.0000  at y=: 0.0000  Density= 1.1959
 Domain #:    121  at x=: 0.0000  at y=: 0.0000  Density= 1.1960
 Domain #:    136  at x=: 0.0000  at y=: 0.0000  Density= 1.1960
 Domain #:    137  at x=: 0.0000  at y=: 0.0000  Density= 1.1960
 time=  0.137922634107758     
 Domain #:    120  at x=: 0.0000  at y=: 0.0000  Density= 1.1963
 Domain #:    121  at x=: 0.0000  at y=: 0.0000  Density= 1.1964
 Domain #:    136  at x=: 0.0000  at y=: 0.0000  Density= 1.1965
 Domain #:    137  at x=: 0.0000  at y=: 0.0000  Density= 1.1965
 time=  0.139211630688204     
 Domain #:    120  at x=: 0.0000  at y=: 0.0000  Density= 1.1968
 Domain #:    121  at x=: 0.0000  at y=: 0.0000  Density= 1.1969
 Domain #:    136  at x=: 0.0000  at y=: 0.0000  Density= 1.1969
 Domain #:    137  at x=: 0.0000  at y=: 0.0000  Density= 1.1969
 time=  0.140500627268650     
 Domain #:    120  at x=: 0.0000  at y=: 0.0000  Density= 1.1973
 Domain #:    121  at x=: 0.0000  at y=: 0.0000  Density= 1.1974
 Domain #:    136  at x=: 0.0000  at y=: 0.0000  Density= 1.1974
 Domain #:    137  at x=: 0.0000  at y=: 0.0000  Density= 1.1974
 time=  0.141789623849097     
 Domain #:    120  at x=: 0.0000  at y=: 0.0000  Density= 1.1977
 Domain #:    121  at x=: 0.0000  at y=: 0.0000  Density= 1.1978
 Domain #:    136  at x=: 0.0000  at y=: 0.0000  Density= 1.1978
 Domain #:    137  at x=: 0.0000  at y=: 0.0000  Density= 1.1979
 time=  0.143078620429543     
 Domain #:    120  at x=: 0.0000  at y=: 0.0000  Density= 1.1982
 Domain #:    121  at x=: 0.0000  at y=: 0.0000  Density= 1.1983
 Domain #:    136  at x=: 0.0000  at y=: 0.0000  Density= 1.1983
 Domain #:    137  at x=: 0.0000  at y=: 0.0000  Density= 1.1983
 time=  0.144367617009989     
 Domain #:    120  at x=: 0.0000  at y=: 0.0000  Density= 1.1987
 Domain #:    121  at x=: 0.0000  at y=: 0.0000  Density= 1.1988
 Domain #:    136  at x=: 0.0000  at y=: 0.0000  Density= 1.1988
 Domain #:    137  at x=: 0.0000  at y=: 0.0000  Density= 1.1988
 time=  0.145656613590436     
 Domain #:    120  at x=: 0.0000  at y=: 0.0000  Density= 1.1991
 Domain #:    121  at x=: 0.0000  at y=: 0.0000  Density= 1.1992
 Domain #:    136  at x=: 0.0000  at y=: 0.0000  Density= 1.1992
 Domain #:    137  at x=: 0.0000  at y=: 0.0000  Density= 1.1992
 time=  0.146945610170882     
 Domain #:    120  at x=: 0.0000  at y=: 0.0000  Density= 1.1996
 Domain #:    121  at x=: 0.0000  at y=: 0.0000  Density= 1.1997
 Domain #:    136  at x=: 0.0000  at y=: 0.0000  Density= 1.1996
 Domain #:    137  at x=: 0.0000  at y=: 0.0000  Density= 1.1997
 time=  0.148234606751328     
 Domain #:    120  at x=: 0.0000  at y=: 0.0000  Density= 1.2000
 Domain #:    121  at x=: 0.0000  at y=: 0.0000  Density= 1.2001
 Domain #:    136  at x=: 0.0000  at y=: 0.0000  Density= 1.2001
 Domain #:    137  at x=: 0.0000  at y=: 0.0000  Density= 1.2001
 time=  0.149523603331775     
 Domain #:    120  at x=: 0.0000  at y=: 0.0000  Density= 1.2004
 Domain #:    121  at x=: 0.0000  at y=: 0.0000  Density= 1.2005
 Domain #:    136  at x=: 0.0000  at y=: 0.0000  Density= 1.2005
 Domain #:    137  at x=: 0.0000  at y=: 0.0000  Density= 1.2005
 time=  0.150812599912221     
 Domain #:    120  at x=: 0.0000  at y=: 0.0000  Density= 1.2009
 Domain #:    121  at x=: 0.0000  at y=: 0.0000  Density= 1.2010
 Domain #:    136  at x=: 0.0000  at y=: 0.0000  Density= 1.2010
 Domain #:    137  at x=: 0.0000  at y=: 0.0000  Density= 1.2010
 time=  0.152101596492667     
 Domain #:    120  at x=: 0.0000  at y=: 0.0000  Density= 1.2013
 Domain #:    121  at x=: 0.0000  at y=: 0.0000  Density= 1.2014
 Domain #:    136  at x=: 0.0000  at y=: 0.0000  Density= 1.2014
 Domain #:    137  at x=: 0.0000  at y=: 0.0000  Density= 1.2014
 time=  0.153390593073114     
 Domain #:    120  at x=: 0.0000  at y=: 0.0000  Density= 1.2018
 Domain #:    121  at x=: 0.0000  at y=: 0.0000  Density= 1.2018
 Domain #:    136  at x=: 0.0000  at y=: 0.0000  Density= 1.2018
 Domain #:    137  at x=: 0.0000  at y=: 0.0000  Density= 1.2018
 time=  0.154679589653560     
 Domain #:    120  at x=: 0.0000  at y=: 0.0000  Density= 1.2022
 Domain #:    121  at x=: 0.0000  at y=: 0.0000  Density= 1.2023
 Domain #:    136  at x=: 0.0000  at y=: 0.0000  Density= 1.2022
 Domain #:    137  at x=: 0.0000  at y=: 0.0000  Density= 1.2023
 time=  0.155968586234006     
 Domain #:    120  at x=: 0.0000  at y=: 0.0000  Density= 1.2026
 Domain #:    121  at x=: 0.0000  at y=: 0.0000  Density= 1.2027
 Domain #:    136  at x=: 0.0000  at y=: 0.0000  Density= 1.2027
 Domain #:    137  at x=: 0.0000  at y=: 0.0000  Density= 1.2027
 time=  0.157257582814453     
 Domain #:    120  at x=: 0.0000  at y=: 0.0000  Density= 1.2030
 Domain #:    121  at x=: 0.0000  at y=: 0.0000  Density= 1.2031
 Domain #:    136  at x=: 0.0000  at y=: 0.0000  Density= 1.2031
 Domain #:    137  at x=: 0.0000  at y=: 0.0000  Density= 1.2031
 time=  0.158546579394899     
 Domain #:    120  at x=: 0.0000  at y=: 0.0000  Density= 1.2034
 Domain #:    121  at x=: 0.0000  at y=: 0.0000  Density= 1.2035
 Domain #:    136  at x=: 0.0000  at y=: 0.0000  Density= 1.2035
 Domain #:    137  at x=: 0.0000  at y=: 0.0000  Density= 1.2035
 time=  0.159835575975345     
 Domain #:    120  at x=: 0.0000  at y=: 0.0000  Density= 1.2039
 Domain #:    121  at x=: 0.0000  at y=: 0.0000  Density= 1.2039
 Domain #:    136  at x=: 0.0000  at y=: 0.0000  Density= 1.2039
 Domain #:    137  at x=: 0.0000  at y=: 0.0000  Density= 1.2039
 time=  0.161124572555792     
 Domain #:    120  at x=: 0.0000  at y=: 0.0000  Density= 1.2043
 Domain #:    121  at x=: 0.0000  at y=: 0.0000  Density= 1.2044
 Domain #:    136  at x=: 0.0000  at y=: 0.0000  Density= 1.2043
 Domain #:    137  at x=: 0.0000  at y=: 0.0000  Density= 1.2043
 time=  0.162413569136238     
 Domain #:    120  at x=: 0.0000  at y=: 0.0000  Density= 1.2047
 Domain #:    121  at x=: 0.0000  at y=: 0.0000  Density= 1.2048
 Domain #:    136  at x=: 0.0000  at y=: 0.0000  Density= 1.2047
 Domain #:    137  at x=: 0.0000  at y=: 0.0000  Density= 1.2047
 time=  0.163702565716684     
 Domain #:    120  at x=: 0.0000  at y=: 0.0000  Density= 1.2051
 Domain #:    121  at x=: 0.0000  at y=: 0.0000  Density= 1.2052
 Domain #:    136  at x=: 0.0000  at y=: 0.0000  Density= 1.2051
 Domain #:    137  at x=: 0.0000  at y=: 0.0000  Density= 1.2051
 time=  0.164991562297131     
 Domain #:    120  at x=: 0.0000  at y=: 0.0000  Density= 1.2055
 Domain #:    121  at x=: 0.0000  at y=: 0.0000  Density= 1.2056
 Domain #:    136  at x=: 0.0000  at y=: 0.0000  Density= 1.2055
 Domain #:    137  at x=: 0.0000  at y=: 0.0000  Density= 1.2055
 time=  0.166280558877577     
 Domain #:    120  at x=: 0.0000  at y=: 0.0000  Density= 1.2059
 Domain #:    121  at x=: 0.0000  at y=: 0.0000  Density= 1.2060
 Domain #:    136  at x=: 0.0000  at y=: 0.0000  Density= 1.2059
 Domain #:    137  at x=: 0.0000  at y=: 0.0000  Density= 1.2059
 time=  0.167569555458023     
 Domain #:    120  at x=: 0.0000  at y=: 0.0000  Density= 1.2063
 Domain #:    121  at x=: 0.0000  at y=: 0.0000  Density= 1.2063
 Domain #:    136  at x=: 0.0000  at y=: 0.0000  Density= 1.2063
 Domain #:    137  at x=: 0.0000  at y=: 0.0000  Density= 1.2063
 time=  0.168858552038470     
 Domain #:    120  at x=: 0.0000  at y=: 0.0000  Density= 1.2067
 Domain #:    121  at x=: 0.0000  at y=: 0.0000  Density= 1.2067
 Domain #:    136  at x=: 0.0000  at y=: 0.0000  Density= 1.2067
 Domain #:    137  at x=: 0.0000  at y=: 0.0000  Density= 1.2067
 time=  0.170147548618916     
 Domain #:    120  at x=: 0.0000  at y=: 0.0000  Density= 1.2071
 Domain #:    121  at x=: 0.0000  at y=: 0.0000  Density= 1.2071
 Domain #:    136  at x=: 0.0000  at y=: 0.0000  Density= 1.2071
 Domain #:    137  at x=: 0.0000  at y=: 0.0000  Density= 1.2071
 time=  0.171436545199363     
 Domain #:    120  at x=: 0.0000  at y=: 0.0000  Density= 1.2074
 Domain #:    121  at x=: 0.0000  at y=: 0.0000  Density= 1.2075
 Domain #:    136  at x=: 0.0000  at y=: 0.0000  Density= 1.2075
 Domain #:    137  at x=: 0.0000  at y=: 0.0000  Density= 1.2075
 time=  0.172725541779809     
 Domain #:    120  at x=: 0.0000  at y=: 0.0000  Density= 1.2078
 Domain #:    121  at x=: 0.0000  at y=: 0.0000  Density= 1.2079
 Domain #:    136  at x=: 0.0000  at y=: 0.0000  Density= 1.2078
 Domain #:    137  at x=: 0.0000  at y=: 0.0000  Density= 1.2078
 time=  0.174014538360255     
 Domain #:    120  at x=: 0.0000  at y=: 0.0000  Density= 1.2082
 Domain #:    121  at x=: 0.0000  at y=: 0.0000  Density= 1.2082
 Domain #:    136  at x=: 0.0000  at y=: 0.0000  Density= 1.2082
 Domain #:    137  at x=: 0.0000  at y=: 0.0000  Density= 1.2082
 time=  0.175303534940702     
 Domain #:    120  at x=: 0.0000  at y=: 0.0000  Density= 1.2086
 Domain #:    121  at x=: 0.0000  at y=: 0.0000  Density= 1.2086
 Domain #:    136  at x=: 0.0000  at y=: 0.0000  Density= 1.2086
 Domain #:    137  at x=: 0.0000  at y=: 0.0000  Density= 1.2086
 time=  0.176592531521148     
 Domain #:    120  at x=: 0.0000  at y=: 0.0000  Density= 1.2089
 Domain #:    121  at x=: 0.0000  at y=: 0.0000  Density= 1.2090
 Domain #:    136  at x=: 0.0000  at y=: 0.0000  Density= 1.2089
 Domain #:    137  at x=: 0.0000  at y=: 0.0000  Density= 1.2090
 time=  0.177881528101594     
 Domain #:    120  at x=: 0.0000  at y=: 0.0000  Density= 1.2093
 Domain #:    121  at x=: 0.0000  at y=: 0.0000  Density= 1.2094
 Domain #:    136  at x=: 0.0000  at y=: 0.0000  Density= 1.2093
 Domain #:    137  at x=: 0.0000  at y=: 0.0000  Density= 1.2093
 time=  0.179170524682041     
 Domain #:    120  at x=: 0.0000  at y=: 0.0000  Density= 1.2097
 Domain #:    121  at x=: 0.0000  at y=: 0.0000  Density= 1.2097
 Domain #:    136  at x=: 0.0000  at y=: 0.0000  Density= 1.2097
 Domain #:    137  at x=: 0.0000  at y=: 0.0000  Density= 1.2097
 time=  0.180459521262487     
 Domain #:    120  at x=: 0.0000  at y=: 0.0000  Density= 1.2100
 Domain #:    121  at x=: 0.0000  at y=: 0.0000  Density= 1.2101
 Domain #:    136  at x=: 0.0000  at y=: 0.0000  Density= 1.2100
 Domain #:    137  at x=: 0.0000  at y=: 0.0000  Density= 1.2100
 time=  0.181748517842933     
 Domain #:    120  at x=: 0.0000  at y=: 0.0000  Density= 1.2104
 Domain #:    121  at x=: 0.0000  at y=: 0.0000  Density= 1.2104
 Domain #:    136  at x=: 0.0000  at y=: 0.0000  Density= 1.2104
 Domain #:    137  at x=: 0.0000  at y=: 0.0000  Density= 1.2104
 time=  0.183037514423380     
 Domain #:    120  at x=: 0.0000  at y=: 0.0000  Density= 1.2107
 Domain #:    121  at x=: 0.0000  at y=: 0.0000  Density= 1.2108
 Domain #:    136  at x=: 0.0000  at y=: 0.0000  Density= 1.2107
 Domain #:    137  at x=: 0.0000  at y=: 0.0000  Density= 1.2107
 time=  0.184326511003826     
 Domain #:    120  at x=: 0.0000  at y=: 0.0000  Density= 1.2111
 Domain #:    121  at x=: 0.0000  at y=: 0.0000  Density= 1.2111
 Domain #:    136  at x=: 0.0000  at y=: 0.0000  Density= 1.2111
 Domain #:    137  at x=: 0.0000  at y=: 0.0000  Density= 1.2111
 time=  0.185615507584272     
 Domain #:    120  at x=: 0.0000  at y=: 0.0000  Density= 1.2114
 Domain #:    121  at x=: 0.0000  at y=: 0.0000  Density= 1.2115
 Domain #:    136  at x=: 0.0000  at y=: 0.0000  Density= 1.2114
 Domain #:    137  at x=: 0.0000  at y=: 0.0000  Density= 1.2114
 time=  0.186904504164719     
 Domain #:    120  at x=: 0.0000  at y=: 0.0000  Density= 1.2118
 Domain #:    121  at x=: 0.0000  at y=: 0.0000  Density= 1.2118
 Domain #:    136  at x=: 0.0000  at y=: 0.0000  Density= 1.2118
 Domain #:    137  at x=: 0.0000  at y=: 0.0000  Density= 1.2118
 time=  0.188193500745165     
 Domain #:    120  at x=: 0.0000  at y=: 0.0000  Density= 1.2121
 Domain #:    121  at x=: 0.0000  at y=: 0.0000  Density= 1.2121
 Domain #:    136  at x=: 0.0000  at y=: 0.0000  Density= 1.2121
 Domain #:    137  at x=: 0.0000  at y=: 0.0000  Density= 1.2121
 time=  0.189482497325611     
 Domain #:    120  at x=: 0.0000  at y=: 0.0000  Density= 1.2124
 Domain #:    121  at x=: 0.0000  at y=: 0.0000  Density= 1.2125
 Domain #:    136  at x=: 0.0000  at y=: 0.0000  Density= 1.2124
 Domain #:    137  at x=: 0.0000  at y=: 0.0000  Density= 1.2125
 time=  0.190771493906058     
 Domain #:    120  at x=: 0.0000  at y=: 0.0000  Density= 1.2128
 Domain #:    121  at x=: 0.0000  at y=: 0.0000  Density= 1.2128
 Domain #:    136  at x=: 0.0000  at y=: 0.0000  Density= 1.2128
 Domain #:    137  at x=: 0.0000  at y=: 0.0000  Density= 1.2128
 time=  0.192060490486504     
 Domain #:    120  at x=: 0.0000  at y=: 0.0000  Density= 1.2131
 Domain #:    121  at x=: 0.0000  at y=: 0.0000  Density= 1.2131
 Domain #:    136  at x=: 0.0000  at y=: 0.0000  Density= 1.2131
 Domain #:    137  at x=: 0.0000  at y=: 0.0000  Density= 1.2131
 time=  0.193349487066950     
 Domain #:    120  at x=: 0.0000  at y=: 0.0000  Density= 1.2134
 Domain #:    121  at x=: 0.0000  at y=: 0.0000  Density= 1.2135
 Domain #:    136  at x=: 0.0000  at y=: 0.0000  Density= 1.2134
 Domain #:    137  at x=: 0.0000  at y=: 0.0000  Density= 1.2134
 time=  0.194638483647397     
 Domain #:    120  at x=: 0.0000  at y=: 0.0000  Density= 1.2138
 Domain #:    121  at x=: 0.0000  at y=: 0.0000  Density= 1.2138
 Domain #:    136  at x=: 0.0000  at y=: 0.0000  Density= 1.2138
 Domain #:    137  at x=: 0.0000  at y=: 0.0000  Density= 1.2138
 time=  0.195927480227843     
 Domain #:    120  at x=: 0.0000  at y=: 0.0000  Density= 1.2141
 Domain #:    121  at x=: 0.0000  at y=: 0.0000  Density= 1.2141
 Domain #:    136  at x=: 0.0000  at y=: 0.0000  Density= 1.2141
 Domain #:    137  at x=: 0.0000  at y=: 0.0000  Density= 1.2141
 time=  0.197216476808289     
 Domain #:    120  at x=: 0.0000  at y=: 0.0000  Density= 1.2144
 Domain #:    121  at x=: 0.0000  at y=: 0.0000  Density= 1.2144
 Domain #:    136  at x=: 0.0000  at y=: 0.0000  Density= 1.2144
 Domain #:    137  at x=: 0.0000  at y=: 0.0000  Density= 1.2144
 time=  0.198505473388736     
 Domain #:    120  at x=: 0.0000  at y=: 0.0000  Density= 1.2147
 Domain #:    121  at x=: 0.0000  at y=: 0.0000  Density= 1.2148
 Domain #:    136  at x=: 0.0000  at y=: 0.0000  Density= 1.2147
 Domain #:    137  at x=: 0.0000  at y=: 0.0000  Density= 1.2147
 time=  0.199794469969182     
 Domain #:    120  at x=: 0.0000  at y=: 0.0000  Density= 1.2140
 Domain #:    121  at x=: 0.0000  at y=: 0.0000  Density= 1.2140
 Domain #:    136  at x=: 0.0000  at y=: 0.0000  Density= 1.2140
 Domain #:    137  at x=: 0.0000  at y=: 0.0000  Density= 1.2140
 time=  0.200000000000000     
 error_L2=   1.41421356203219      error_max=  0.999938347155609     
Fortran, cost  1592.533898 s
