 Number of Domains=
 ./Parameter/00256Ndom.in      
 ./Parameter/00256Nedg.in      
          20
 GH  -5.38748089001123       -4.60368244955074       -3.94476404011563     
  -3.34785456738322       -2.78880605842813       -2.25497400208928     
  -1.73853771211659       -1.23407621539532      -0.737473728545395     
 -0.245340708300902       0.245340708300902       0.737473728545395     
   1.23407621539532        1.73853771211659        2.25497400208928     
   2.78880605842813        3.34785456738322        3.94476404011563     
   4.60368244955074        5.38748089001123     
 GHW  0.898591961453179       0.704332961176934       0.622278696191411     
  0.575262442852504       0.544851742364519       0.524080350948556     
  0.509679027117457       0.499920871336290       0.493843385272053     
  0.490921500666746       0.490921500666746       0.493843385272053     
  0.499920871336290       0.509679027117457       0.524080350948556     
  0.544851742364519       0.575262442852504       0.622278696191411     
  0.704332961176934       0.898591961453179     
 wp  0.898591935634613       0.704332947731018       0.622278690338135     
  0.575262427330017       0.544851720333099       0.524080336093903     
  0.509679019451141       0.499920874834061       0.493843376636505     
  0.490921497344971       0.490921497344971       0.493843376636505     
  0.499920874834061       0.509679019451141       0.524080336093903     
  0.544851720333099       0.575262427330017       0.622278690338135     
  0.704332947731018       0.898591935634613     
  -5.38748089001123       -4.60368244955074       -3.94476404011563     
  -3.34785456738322       -2.78880605842813       -2.25497400208928     
  -1.73853771211659       -1.23407621539532      -0.737473728545395     
 -0.245340708300902       0.245340708300902       0.737473728545395     
   1.23407621539532        1.73853771211659        2.25497400208928     
   2.78880605842813        3.34785456738322        3.94476404011563     
   4.60368244955074        5.38748089001123     
 Theta           0 I_prob           3
 Ux1 -0.750000000000000       0.749999781320639       0.749999781320640     
  0.749999781320640       0.749999781320639       0.749999781320639     
  0.749999781320640       0.749999781320639       0.749999781320639     
  0.749999781320640       0.749999781320639       0.749999781320640     
  0.749999781320639       0.749999781320639       0.749999781320639     
  0.749999781320640       0.749999781320640     
 Uy1 -0.500000000000000       0.499999951176769       0.499999951176769     
  0.499999951176770       0.499999951176769       0.499999951176769     
  0.499999951176770       0.499999951176769       0.499999951176770     
  0.499999951176770       0.499999951176770       0.499999951176770     
  0.499999951176769       0.499999951176769       0.499999951176769     
  0.499999951176770       0.499999951176769     
 Z1  0.142000000000000       0.142000106001401       0.142000106001398     
  0.142000106001403       0.142000106001398       0.142000106001396     
  0.142000106001395       0.142000106001400       0.142000106001396     
  0.142000106001405       0.142000106001400       0.142000106001406     
  0.142000106001400       0.142000106001400       0.142000106001400     
  0.142000106001403       0.142000106001399     
 T1   2.07800000000000        2.07799836093688        2.07799836093688     
   2.07799836093688        2.07799836093688        2.07799836093688     
   2.07799836093688        2.07799836093688        2.07799836093688     
   2.07799836093688        2.07799836093688        2.07799836093688     
   2.07799836093688        2.07799836093688        2.07799836093688     
   2.07799836093688        2.07799836093688     
 R_loc  0.927008554655442       0.927008554655426       0.927008554655452     
  0.927008554655422       0.927008554655410       0.927008554655406     
  0.927008554655436       0.927008554655410       0.927008554655466     
  0.927008554655436       0.927008554655472       0.927008554655436     
  0.927008554655437       0.927008554655436       0.927008554655453     
  0.927008554655431     
 End of DG2D Initial
 a_max   5.38748089001123     
 dt =   1.288996580446333E-003 Deg=           4
 Domain #:     86  at x=:-0.2500  at y=:-0.2500  Density= 0.9267
 Domain #:     87  at x=:-0.2500  at y=:-0.2500  Density= 0.9267
 Domain #:    102  at x=:-0.2500  at y=:-0.2500  Density= 0.9270
 Domain #:    103  at x=:-0.2500  at y=:-0.2500  Density= 0.9270
 time=  1.288996580446333E-003
 Domain #:     86  at x=:-0.2500  at y=:-0.2500  Density= 0.9268
 Domain #:     87  at x=:-0.2500  at y=:-0.2500  Density= 0.9270
 Domain #:    102  at x=:-0.2500  at y=:-0.2500  Density= 0.9272
 Domain #:    103  at x=:-0.2500  at y=:-0.2500  Density= 0.9274
 time=  2.577993160892666E-003
 Domain #:     86  at x=:-0.2500  at y=:-0.2500  Density= 0.9270
 Domain #:     87  at x=:-0.2500  at y=:-0.2500  Density= 0.9273
 Domain #:    102  at x=:-0.2500  at y=:-0.2500  Density= 0.9274
 Domain #:    103  at x=:-0.2500  at y=:-0.2500  Density= 0.9277
 time=  3.866989741338998E-003
 Domain #:     86  at x=:-0.2500  at y=:-0.2500  Density= 0.9272
 Domain #:     87  at x=:-0.2500  at y=:-0.2500  Density= 0.9276
 Domain #:    102  at x=:-0.2500  at y=:-0.2500  Density= 0.9276
 Domain #:    103  at x=:-0.2500  at y=:-0.2500  Density= 0.9279
 time=  5.155986321785331E-003
 Domain #:     86  at x=:-0.2500  at y=:-0.2500  Density= 0.9274
 Domain #:     87  at x=:-0.2500  at y=:-0.2500  Density= 0.9277
 Domain #:    102  at x=:-0.2500  at y=:-0.2500  Density= 0.9276
 Domain #:    103  at x=:-0.2500  at y=:-0.2500  Density= 0.9279
 time=  6.444982902231665E-003
 Domain #:     86  at x=:-0.2500  at y=:-0.2500  Density= 0.9274
 Domain #:     87  at x=:-0.2500  at y=:-0.2500  Density= 0.9277
 Domain #:    102  at x=:-0.2500  at y=:-0.2500  Density= 0.9275
 Domain #:    103  at x=:-0.2500  at y=:-0.2500  Density= 0.9278
 time=  7.733979482677998E-003
 Domain #:     86  at x=:-0.2500  at y=:-0.2500  Density= 0.9275
 Domain #:     87  at x=:-0.2500  at y=:-0.2500  Density= 0.9277
 Domain #:    102  at x=:-0.2500  at y=:-0.2500  Density= 0.9275
 Domain #:    103  at x=:-0.2500  at y=:-0.2500  Density= 0.9277
 time=  9.022976063124331E-003
 Domain #:     86  at x=:-0.2500  at y=:-0.2500  Density= 0.9274
 Domain #:     87  at x=:-0.2500  at y=:-0.2500  Density= 0.9276
 Domain #:    102  at x=:-0.2500  at y=:-0.2500  Density= 0.9273
 Domain #:    103  at x=:-0.2500  at y=:-0.2500  Density= 0.9275
 time=  1.031197264357066E-002
 Domain #:     86  at x=:-0.2500  at y=:-0.2500  Density= 0.9273
 Domain #:     87  at x=:-0.2500  at y=:-0.2500  Density= 0.9274
 Domain #:    102  at x=:-0.2500  at y=:-0.2500  Density= 0.9272
 Domain #:    103  at x=:-0.2500  at y=:-0.2500  Density= 0.9273
 time=  1.160096922401700E-002
 Domain #:     86  at x=:-0.2500  at y=:-0.2500  Density= 0.9272
 Domain #:     87  at x=:-0.2500  at y=:-0.2500  Density= 0.9273
 Domain #:    102  at x=:-0.2500  at y=:-0.2500  Density= 0.9271
 Domain #:    103  at x=:-0.2500  at y=:-0.2500  Density= 0.9272
 time=  1.288996580446333E-002
 Domain #:     86  at x=:-0.2500  at y=:-0.2500  Density= 0.9271
 Domain #:     87  at x=:-0.2500  at y=:-0.2500  Density= 0.9271
 Domain #:    102  at x=:-0.2500  at y=:-0.2500  Density= 0.9270
 Domain #:    103  at x=:-0.2500  at y=:-0.2500  Density= 0.9270
 time=  1.417896238490966E-002
 Domain #:     86  at x=:-0.2500  at y=:-0.2500  Density= 0.9270
 Domain #:     87  at x=:-0.2500  at y=:-0.2500  Density= 0.9270
 Domain #:    102  at x=:-0.2500  at y=:-0.2500  Density= 0.9270
 Domain #:    103  at x=:-0.2500  at y=:-0.2500  Density= 0.9270
 time=  1.546795896535599E-002
 Domain #:     86  at x=:-0.2500  at y=:-0.2500  Density= 0.9269
 Domain #:     87  at x=:-0.2500  at y=:-0.2500  Density= 0.9269
 Domain #:    102  at x=:-0.2500  at y=:-0.2500  Density= 0.9270
 Domain #:    103  at x=:-0.2500  at y=:-0.2500  Density= 0.9269
 time=  1.675695554580232E-002
 Domain #:     86  at x=:-0.2500  at y=:-0.2500  Density= 0.9269
 Domain #:     87  at x=:-0.2500  at y=:-0.2500  Density= 0.9268
 Domain #:    102  at x=:-0.2500  at y=:-0.2500  Density= 0.9270
 Domain #:    103  at x=:-0.2500  at y=:-0.2500  Density= 0.9269
 time=  1.804595212624866E-002
 Domain #:     86  at x=:-0.2500  at y=:-0.2500  Density= 0.9269
 Domain #:     87  at x=:-0.2500  at y=:-0.2500  Density= 0.9268
 Domain #:    102  at x=:-0.2500  at y=:-0.2500  Density= 0.9270
 Domain #:    103  at x=:-0.2500  at y=:-0.2500  Density= 0.9269
 time=  1.933494870669499E-002
 Domain #:     86  at x=:-0.2500  at y=:-0.2500  Density= 0.9268
 Domain #:     87  at x=:-0.2500  at y=:-0.2500  Density= 0.9268
 Domain #:    102  at x=:-0.2500  at y=:-0.2500  Density= 0.9270
 Domain #:    103  at x=:-0.2500  at y=:-0.2500  Density= 0.9270
 time=  2.062394528714133E-002
 Domain #:     86  at x=:-0.2500  at y=:-0.2500  Density= 0.9268
 Domain #:     87  at x=:-0.2500  at y=:-0.2500  Density= 0.9269
 Domain #:    102  at x=:-0.2500  at y=:-0.2500  Density= 0.9270
 Domain #:    103  at x=:-0.2500  at y=:-0.2500  Density= 0.9270
 time=  2.191294186758766E-002
 Domain #:     86  at x=:-0.2500  at y=:-0.2500  Density= 0.9269
 Domain #:     87  at x=:-0.2500  at y=:-0.2500  Density= 0.9269
 Domain #:    102  at x=:-0.2500  at y=:-0.2500  Density= 0.9270
 Domain #:    103  at x=:-0.2500  at y=:-0.2500  Density= 0.9271
 time=  2.320193844803399E-002
 Domain #:     86  at x=:-0.2500  at y=:-0.2500  Density= 0.9269
 Domain #:     87  at x=:-0.2500  at y=:-0.2500  Density= 0.9270
 Domain #:    102  at x=:-0.2500  at y=:-0.2500  Density= 0.9271
 Domain #:    103  at x=:-0.2500  at y=:-0.2500  Density= 0.9272
 time=  2.449093502848033E-002
 Domain #:     86  at x=:-0.2500  at y=:-0.2500  Density= 0.9269
 Domain #:     87  at x=:-0.2500  at y=:-0.2500  Density= 0.9270
 Domain #:    102  at x=:-0.2500  at y=:-0.2500  Density= 0.9271
 Domain #:    103  at x=:-0.2500  at y=:-0.2500  Density= 0.9272
 time=  2.577993160892666E-002
 Domain #:     86  at x=:-0.2500  at y=:-0.2500  Density= 0.9270
 Domain #:     87  at x=:-0.2500  at y=:-0.2500  Density= 0.9271
 Domain #:    102  at x=:-0.2500  at y=:-0.2500  Density= 0.9271
 Domain #:    103  at x=:-0.2500  at y=:-0.2500  Density= 0.9273
 time=  2.706892818937300E-002
 Domain #:     86  at x=:-0.2500  at y=:-0.2500  Density= 0.9270
 Domain #:     87  at x=:-0.2500  at y=:-0.2500  Density= 0.9271
 Domain #:    102  at x=:-0.2500  at y=:-0.2500  Density= 0.9272
 Domain #:    103  at x=:-0.2500  at y=:-0.2500  Density= 0.9273
 time=  2.835792476981933E-002
 Domain #:     86  at x=:-0.2500  at y=:-0.2500  Density= 0.9270
 Domain #:     87  at x=:-0.2500  at y=:-0.2500  Density= 0.9272
 Domain #:    102  at x=:-0.2500  at y=:-0.2500  Density= 0.9272
 Domain #:    103  at x=:-0.2500  at y=:-0.2500  Density= 0.9273
 time=  2.964692135026566E-002
 Domain #:     86  at x=:-0.2500  at y=:-0.2500  Density= 0.9271
 Domain #:     87  at x=:-0.2500  at y=:-0.2500  Density= 0.9272
 Domain #:    102  at x=:-0.2500  at y=:-0.2500  Density= 0.9272
 Domain #:    103  at x=:-0.2500  at y=:-0.2500  Density= 0.9273
 time=  3.093591793071200E-002
 Domain #:     86  at x=:-0.2500  at y=:-0.2500  Density= 0.9271
 Domain #:     87  at x=:-0.2500  at y=:-0.2500  Density= 0.9273
 Domain #:    102  at x=:-0.2500  at y=:-0.2500  Density= 0.9272
 Domain #:    103  at x=:-0.2500  at y=:-0.2500  Density= 0.9273
 time=  3.222491451115833E-002
 Domain #:     86  at x=:-0.2500  at y=:-0.2500  Density= 0.9271
 Domain #:     87  at x=:-0.2500  at y=:-0.2500  Density= 0.9273
 Domain #:    102  at x=:-0.2500  at y=:-0.2500  Density= 0.9272
 Domain #:    103  at x=:-0.2500  at y=:-0.2500  Density= 0.9273
 time=  3.351391109160466E-002
 Domain #:     86  at x=:-0.2500  at y=:-0.2500  Density= 0.9271
 Domain #:     87  at x=:-0.2500  at y=:-0.2500  Density= 0.9273
 Domain #:    102  at x=:-0.2500  at y=:-0.2500  Density= 0.9271
 Domain #:    103  at x=:-0.2500  at y=:-0.2500  Density= 0.9273
 time=  3.480290767205099E-002
 Domain #:     86  at x=:-0.2500  at y=:-0.2500  Density= 0.9272
 Domain #:     87  at x=:-0.2500  at y=:-0.2500  Density= 0.9273
 Domain #:    102  at x=:-0.2500  at y=:-0.2500  Density= 0.9271
 Domain #:    103  at x=:-0.2500  at y=:-0.2500  Density= 0.9273
 time=  3.609190425249732E-002
 Domain #:     86  at x=:-0.2500  at y=:-0.2500  Density= 0.9272
 Domain #:     87  at x=:-0.2500  at y=:-0.2500  Density= 0.9273
 Domain #:    102  at x=:-0.2500  at y=:-0.2500  Density= 0.9271
 Domain #:    103  at x=:-0.2500  at y=:-0.2500  Density= 0.9272
 time=  3.738090083294365E-002
 Domain #:     86  at x=:-0.2500  at y=:-0.2500  Density= 0.9272
 Domain #:     87  at x=:-0.2500  at y=:-0.2500  Density= 0.9273
 Domain #:    102  at x=:-0.2500  at y=:-0.2500  Density= 0.9271
 Domain #:    103  at x=:-0.2500  at y=:-0.2500  Density= 0.9272
 time=  3.866989741338998E-002
 Domain #:     86  at x=:-0.2500  at y=:-0.2500  Density= 0.9271
 Domain #:     87  at x=:-0.2500  at y=:-0.2500  Density= 0.9273
 Domain #:    102  at x=:-0.2500  at y=:-0.2500  Density= 0.9271
 Domain #:    103  at x=:-0.2500  at y=:-0.2500  Density= 0.9272
 time=  3.995889399383631E-002
 Domain #:     86  at x=:-0.2500  at y=:-0.2500  Density= 0.9271
 Domain #:     87  at x=:-0.2500  at y=:-0.2500  Density= 0.9272
 Domain #:    102  at x=:-0.2500  at y=:-0.2500  Density= 0.9270
 Domain #:    103  at x=:-0.2500  at y=:-0.2500  Density= 0.9271
 time=  4.124789057428264E-002
 Domain #:     86  at x=:-0.2500  at y=:-0.2500  Density= 0.9271
 Domain #:     87  at x=:-0.2500  at y=:-0.2500  Density= 0.9272
 Domain #:    102  at x=:-0.2500  at y=:-0.2500  Density= 0.9270
 Domain #:    103  at x=:-0.2500  at y=:-0.2500  Density= 0.9271
 time=  4.253688715472898E-002
 Domain #:     86  at x=:-0.2500  at y=:-0.2500  Density= 0.9271
 Domain #:     87  at x=:-0.2500  at y=:-0.2500  Density= 0.9272
 Domain #:    102  at x=:-0.2500  at y=:-0.2500  Density= 0.9270
 Domain #:    103  at x=:-0.2500  at y=:-0.2500  Density= 0.9271
 time=  4.382588373517531E-002
 Domain #:     86  at x=:-0.2500  at y=:-0.2500  Density= 0.9271
 Domain #:     87  at x=:-0.2500  at y=:-0.2500  Density= 0.9271
 Domain #:    102  at x=:-0.2500  at y=:-0.2500  Density= 0.9270
 Domain #:    103  at x=:-0.2500  at y=:-0.2500  Density= 0.9271
 time=  4.511488031562164E-002
 Domain #:     86  at x=:-0.2500  at y=:-0.2500  Density= 0.9271
 Domain #:     87  at x=:-0.2500  at y=:-0.2500  Density= 0.9271
 Domain #:    102  at x=:-0.2500  at y=:-0.2500  Density= 0.9270
 Domain #:    103  at x=:-0.2500  at y=:-0.2500  Density= 0.9270
 time=  4.640387689606797E-002
 Domain #:     86  at x=:-0.2500  at y=:-0.2500  Density= 0.9270
 Domain #:     87  at x=:-0.2500  at y=:-0.2500  Density= 0.9271
 Domain #:    102  at x=:-0.2500  at y=:-0.2500  Density= 0.9270
 Domain #:    103  at x=:-0.2500  at y=:-0.2500  Density= 0.9270
 time=  4.769287347651430E-002
 Domain #:     86  at x=:-0.2500  at y=:-0.2500  Density= 0.9270
 Domain #:     87  at x=:-0.2500  at y=:-0.2500  Density= 0.9271
 Domain #:    102  at x=:-0.2500  at y=:-0.2500  Density= 0.9270
 Domain #:    103  at x=:-0.2500  at y=:-0.2500  Density= 0.9270
 time=  4.898187005696063E-002
 Domain #:     86  at x=:-0.2500  at y=:-0.2500  Density= 0.9270
 Domain #:     87  at x=:-0.2500  at y=:-0.2500  Density= 0.9270
 Domain #:    102  at x=:-0.2500  at y=:-0.2500  Density= 0.9270
 Domain #:    103  at x=:-0.2500  at y=:-0.2500  Density= 0.9270
 time=  5.027086663740696E-002
 Domain #:     86  at x=:-0.2500  at y=:-0.2500  Density= 0.9270
 Domain #:     87  at x=:-0.2500  at y=:-0.2500  Density= 0.9270
 Domain #:    102  at x=:-0.2500  at y=:-0.2500  Density= 0.9270
 Domain #:    103  at x=:-0.2500  at y=:-0.2500  Density= 0.9270
 time=  5.155986321785329E-002
 Domain #:     86  at x=:-0.2500  at y=:-0.2500  Density= 0.9270
 Domain #:     87  at x=:-0.2500  at y=:-0.2500  Density= 0.9270
 Domain #:    102  at x=:-0.2500  at y=:-0.2500  Density= 0.9270
 Domain #:    103  at x=:-0.2500  at y=:-0.2500  Density= 0.9270
 time=  5.284885979829962E-002
 Domain #:     86  at x=:-0.2500  at y=:-0.2500  Density= 0.9270
 Domain #:     87  at x=:-0.2500  at y=:-0.2500  Density= 0.9270
 Domain #:    102  at x=:-0.2500  at y=:-0.2500  Density= 0.9270
 Domain #:    103  at x=:-0.2500  at y=:-0.2500  Density= 0.9270
 time=  5.413785637874595E-002
 Domain #:     86  at x=:-0.2500  at y=:-0.2500  Density= 0.9270
 Domain #:     87  at x=:-0.2500  at y=:-0.2500  Density= 0.9270
 Domain #:    102  at x=:-0.2500  at y=:-0.2500  Density= 0.9270
 Domain #:    103  at x=:-0.2500  at y=:-0.2500  Density= 0.9270
 time=  5.542685295919228E-002
 Domain #:     86  at x=:-0.2500  at y=:-0.2500  Density= 0.9270
 Domain #:     87  at x=:-0.2500  at y=:-0.2500  Density= 0.9270
 Domain #:    102  at x=:-0.2500  at y=:-0.2500  Density= 0.9270
 Domain #:    103  at x=:-0.2500  at y=:-0.2500  Density= 0.9270
 time=  5.671584953963861E-002
 Domain #:     86  at x=:-0.2500  at y=:-0.2500  Density= 0.9270
 Domain #:     87  at x=:-0.2500  at y=:-0.2500  Density= 0.9270
 Domain #:    102  at x=:-0.2500  at y=:-0.2500  Density= 0.9270
 Domain #:    103  at x=:-0.2500  at y=:-0.2500  Density= 0.9270
 time=  5.800484612008494E-002
 Domain #:     86  at x=:-0.2500  at y=:-0.2500  Density= 0.9270
 Domain #:     87  at x=:-0.2500  at y=:-0.2500  Density= 0.9270
 Domain #:    102  at x=:-0.2500  at y=:-0.2500  Density= 0.9270
 Domain #:    103  at x=:-0.2500  at y=:-0.2500  Density= 0.9270
 time=  5.929384270053127E-002
 Domain #:     86  at x=:-0.2500  at y=:-0.2500  Density= 0.9270
 Domain #:     87  at x=:-0.2500  at y=:-0.2500  Density= 0.9270
 Domain #:    102  at x=:-0.2500  at y=:-0.2500  Density= 0.9270
 Domain #:    103  at x=:-0.2500  at y=:-0.2500  Density= 0.9270
 time=  6.058283928097760E-002
 Domain #:     86  at x=:-0.2500  at y=:-0.2500  Density= 0.9270
 Domain #:     87  at x=:-0.2500  at y=:-0.2500  Density= 0.9270
 Domain #:    102  at x=:-0.2500  at y=:-0.2500  Density= 0.9270
 Domain #:    103  at x=:-0.2500  at y=:-0.2500  Density= 0.9270
 time=  6.187183586142393E-002
 Domain #:     86  at x=:-0.2500  at y=:-0.2500  Density= 0.9270
 Domain #:     87  at x=:-0.2500  at y=:-0.2500  Density= 0.9270
 Domain #:    102  at x=:-0.2500  at y=:-0.2500  Density= 0.9270
 Domain #:    103  at x=:-0.2500  at y=:-0.2500  Density= 0.9270
 time=  6.316083244187026E-002
 Domain #:     86  at x=:-0.2500  at y=:-0.2500  Density= 0.9270
 Domain #:     87  at x=:-0.2500  at y=:-0.2500  Density= 0.9270
 Domain #:    102  at x=:-0.2500  at y=:-0.2500  Density= 0.9270
 Domain #:    103  at x=:-0.2500  at y=:-0.2500  Density= 0.9270
 time=  6.444982902231659E-002
 Domain #:     86  at x=:-0.2500  at y=:-0.2500  Density= 0.9270
 Domain #:     87  at x=:-0.2500  at y=:-0.2500  Density= 0.9270
 Domain #:    102  at x=:-0.2500  at y=:-0.2500  Density= 0.9270
 Domain #:    103  at x=:-0.2500  at y=:-0.2500  Density= 0.9270
 time=  6.573882560276292E-002
 Domain #:     86  at x=:-0.2500  at y=:-0.2500  Density= 0.9270
 Domain #:     87  at x=:-0.2500  at y=:-0.2500  Density= 0.9270
 Domain #:    102  at x=:-0.2500  at y=:-0.2500  Density= 0.9270
 Domain #:    103  at x=:-0.2500  at y=:-0.2500  Density= 0.9270
 time=  6.702782218320925E-002
 Domain #:     86  at x=:-0.2500  at y=:-0.2500  Density= 0.9270
 Domain #:     87  at x=:-0.2500  at y=:-0.2500  Density= 0.9270
 Domain #:    102  at x=:-0.2500  at y=:-0.2500  Density= 0.9270
 Domain #:    103  at x=:-0.2500  at y=:-0.2500  Density= 0.9270
 time=  6.831681876365558E-002
 Domain #:     86  at x=:-0.2500  at y=:-0.2500  Density= 0.9270
 Domain #:     87  at x=:-0.2500  at y=:-0.2500  Density= 0.9270
 Domain #:    102  at x=:-0.2500  at y=:-0.2500  Density= 0.9270
 Domain #:    103  at x=:-0.2500  at y=:-0.2500  Density= 0.9270
 time=  6.960581534410192E-002
 Domain #:     86  at x=:-0.2500  at y=:-0.2500  Density= 0.9270
 Domain #:     87  at x=:-0.2500  at y=:-0.2500  Density= 0.9270
 Domain #:    102  at x=:-0.2500  at y=:-0.2500  Density= 0.9270
 Domain #:    103  at x=:-0.2500  at y=:-0.2500  Density= 0.9270
 time=  7.089481192454825E-002
 Domain #:     86  at x=:-0.2500  at y=:-0.2500  Density= 0.9270
 Domain #:     87  at x=:-0.2500  at y=:-0.2500  Density= 0.9270
 Domain #:    102  at x=:-0.2500  at y=:-0.2500  Density= 0.9270
 Domain #:    103  at x=:-0.2500  at y=:-0.2500  Density= 0.9270
 time=  7.218380850499458E-002
 Domain #:     86  at x=:-0.2500  at y=:-0.2500  Density= 0.9270
 Domain #:     87  at x=:-0.2500  at y=:-0.2500  Density= 0.9270
 Domain #:    102  at x=:-0.2500  at y=:-0.2500  Density= 0.9270
 Domain #:    103  at x=:-0.2500  at y=:-0.2500  Density= 0.9271
 time=  7.347280508544091E-002
 Domain #:     86  at x=:-0.2500  at y=:-0.2500  Density= 0.9270
 Domain #:     87  at x=:-0.2500  at y=:-0.2500  Density= 0.9270
 Domain #:    102  at x=:-0.2500  at y=:-0.2500  Density= 0.9270
 Domain #:    103  at x=:-0.2500  at y=:-0.2500  Density= 0.9271
 time=  7.476180166588724E-002
 Domain #:     86  at x=:-0.2500  at y=:-0.2500  Density= 0.9270
 Domain #:     87  at x=:-0.2500  at y=:-0.2500  Density= 0.9270
 Domain #:    102  at x=:-0.2500  at y=:-0.2500  Density= 0.9270
 Domain #:    103  at x=:-0.2500  at y=:-0.2500  Density= 0.9271
 time=  7.605079824633357E-002
 Domain #:     86  at x=:-0.2500  at y=:-0.2500  Density= 0.9270
 Domain #:     87  at x=:-0.2500  at y=:-0.2500  Density= 0.9271
 Domain #:    102  at x=:-0.2500  at y=:-0.2500  Density= 0.9270
 Domain #:    103  at x=:-0.2500  at y=:-0.2500  Density= 0.9271
 time=  7.733979482677990E-002
 Domain #:     86  at x=:-0.2500  at y=:-0.2500  Density= 0.9270
 Domain #:     87  at x=:-0.2500  at y=:-0.2500  Density= 0.9271
 Domain #:    102  at x=:-0.2500  at y=:-0.2500  Density= 0.9270
 Domain #:    103  at x=:-0.2500  at y=:-0.2500  Density= 0.9271
 time=  7.862879140722623E-002
 Domain #:     86  at x=:-0.2500  at y=:-0.2500  Density= 0.9270
 Domain #:     87  at x=:-0.2500  at y=:-0.2500  Density= 0.9271
 Domain #:    102  at x=:-0.2500  at y=:-0.2500  Density= 0.9270
 Domain #:    103  at x=:-0.2500  at y=:-0.2500  Density= 0.9271
 time=  7.991778798767256E-002
 Domain #:     86  at x=:-0.2500  at y=:-0.2500  Density= 0.9270
 Domain #:     87  at x=:-0.2500  at y=:-0.2500  Density= 0.9271
 Domain #:    102  at x=:-0.2500  at y=:-0.2500  Density= 0.9270
 Domain #:    103  at x=:-0.2500  at y=:-0.2500  Density= 0.9271
 time=  8.120678456811889E-002
 Domain #:     86  at x=:-0.2500  at y=:-0.2500  Density= 0.9270
 Domain #:     87  at x=:-0.2500  at y=:-0.2500  Density= 0.9271
 Domain #:    102  at x=:-0.2500  at y=:-0.2500  Density= 0.9270
 Domain #:    103  at x=:-0.2500  at y=:-0.2500  Density= 0.9271
 time=  8.249578114856522E-002
 Domain #:     86  at x=:-0.2500  at y=:-0.2500  Density= 0.9270
 Domain #:     87  at x=:-0.2500  at y=:-0.2500  Density= 0.9271
 Domain #:    102  at x=:-0.2500  at y=:-0.2500  Density= 0.9270
 Domain #:    103  at x=:-0.2500  at y=:-0.2500  Density= 0.9271
 time=  8.378477772901155E-002
 Domain #:     86  at x=:-0.2500  at y=:-0.2500  Density= 0.9270
 Domain #:     87  at x=:-0.2500  at y=:-0.2500  Density= 0.9271
 Domain #:    102  at x=:-0.2500  at y=:-0.2500  Density= 0.9270
 Domain #:    103  at x=:-0.2500  at y=:-0.2500  Density= 0.9271
 time=  8.507377430945788E-002
 Domain #:     86  at x=:-0.2500  at y=:-0.2500  Density= 0.9270
 Domain #:     87  at x=:-0.2500  at y=:-0.2500  Density= 0.9271
 Domain #:    102  at x=:-0.2500  at y=:-0.2500  Density= 0.9270
 Domain #:    103  at x=:-0.2500  at y=:-0.2500  Density= 0.9271
 time=  8.636277088990421E-002
 Domain #:     86  at x=:-0.2500  at y=:-0.2500  Density= 0.9270
 Domain #:     87  at x=:-0.2500  at y=:-0.2500  Density= 0.9271
 Domain #:    102  at x=:-0.2500  at y=:-0.2500  Density= 0.9270
 Domain #:    103  at x=:-0.2500  at y=:-0.2500  Density= 0.9271
 time=  8.765176747035054E-002
 Domain #:     86  at x=:-0.2500  at y=:-0.2500  Density= 0.9270
 Domain #:     87  at x=:-0.2500  at y=:-0.2500  Density= 0.9271
 Domain #:    102  at x=:-0.2500  at y=:-0.2500  Density= 0.9270
 Domain #:    103  at x=:-0.2500  at y=:-0.2500  Density= 0.9271
 time=  8.894076405079687E-002
 Domain #:     86  at x=:-0.2500  at y=:-0.2500  Density= 0.9270
 Domain #:     87  at x=:-0.2500  at y=:-0.2500  Density= 0.9271
 Domain #:    102  at x=:-0.2500  at y=:-0.2500  Density= 0.9270
 Domain #:    103  at x=:-0.2500  at y=:-0.2500  Density= 0.9271
 time=  9.022976063124320E-002
 Domain #:     86  at x=:-0.2500  at y=:-0.2500  Density= 0.9270
 Domain #:     87  at x=:-0.2500  at y=:-0.2500  Density= 0.9271
 Domain #:    102  at x=:-0.2500  at y=:-0.2500  Density= 0.9270
 Domain #:    103  at x=:-0.2500  at y=:-0.2500  Density= 0.9270
 time=  9.151875721168953E-002
 Domain #:     86  at x=:-0.2500  at y=:-0.2500  Density= 0.9270
 Domain #:     87  at x=:-0.2500  at y=:-0.2500  Density= 0.9271
 Domain #:    102  at x=:-0.2500  at y=:-0.2500  Density= 0.9270
 Domain #:    103  at x=:-0.2500  at y=:-0.2500  Density= 0.9270
 time=  9.280775379213586E-002
 Domain #:     86  at x=:-0.2500  at y=:-0.2500  Density= 0.9270
 Domain #:     87  at x=:-0.2500  at y=:-0.2500  Density= 0.9271
 Domain #:    102  at x=:-0.2500  at y=:-0.2500  Density= 0.9270
 Domain #:    103  at x=:-0.2500  at y=:-0.2500  Density= 0.9270
 time=  9.409675037258219E-002
 Domain #:     86  at x=:-0.2500  at y=:-0.2500  Density= 0.9270
 Domain #:     87  at x=:-0.2500  at y=:-0.2500  Density= 0.9271
 Domain #:    102  at x=:-0.2500  at y=:-0.2500  Density= 0.9270
 Domain #:    103  at x=:-0.2500  at y=:-0.2500  Density= 0.9270
 time=  9.538574695302852E-002
 Domain #:     86  at x=:-0.2500  at y=:-0.2500  Density= 0.9270
 Domain #:     87  at x=:-0.2500  at y=:-0.2500  Density= 0.9270
 Domain #:    102  at x=:-0.2500  at y=:-0.2500  Density= 0.9270
 Domain #:    103  at x=:-0.2500  at y=:-0.2500  Density= 0.9270
 time=  9.667474353347486E-002
 Domain #:     86  at x=:-0.2500  at y=:-0.2500  Density= 0.9270
 Domain #:     87  at x=:-0.2500  at y=:-0.2500  Density= 0.9270
 Domain #:    102  at x=:-0.2500  at y=:-0.2500  Density= 0.9270
 Domain #:    103  at x=:-0.2500  at y=:-0.2500  Density= 0.9270
 time=  9.796374011392119E-002
 Domain #:     86  at x=:-0.2500  at y=:-0.2500  Density= 0.9270
 Domain #:     87  at x=:-0.2500  at y=:-0.2500  Density= 0.9270
 Domain #:    102  at x=:-0.2500  at y=:-0.2500  Density= 0.9270
 Domain #:    103  at x=:-0.2500  at y=:-0.2500  Density= 0.9270
 time=  9.925273669436752E-002
 Domain #:     86  at x=:-0.2500  at y=:-0.2500  Density= 0.9270
 Domain #:     87  at x=:-0.2500  at y=:-0.2500  Density= 0.9270
 Domain #:    102  at x=:-0.2500  at y=:-0.2500  Density= 0.9270
 Domain #:    103  at x=:-0.2500  at y=:-0.2500  Density= 0.9270
 time=  0.100541733274814     
 Domain #:     86  at x=:-0.2500  at y=:-0.2500  Density= 0.9270
 Domain #:     87  at x=:-0.2500  at y=:-0.2500  Density= 0.9270
 Domain #:    102  at x=:-0.2500  at y=:-0.2500  Density= 0.9270
 Domain #:    103  at x=:-0.2500  at y=:-0.2500  Density= 0.9270
 time=  0.101830729855260     
 Domain #:     86  at x=:-0.2500  at y=:-0.2500  Density= 0.9270
 Domain #:     87  at x=:-0.2500  at y=:-0.2500  Density= 0.9270
 Domain #:    102  at x=:-0.2500  at y=:-0.2500  Density= 0.9270
 Domain #:    103  at x=:-0.2500  at y=:-0.2500  Density= 0.9270
 time=  0.103119726435707     
 Domain #:     86  at x=:-0.2500  at y=:-0.2500  Density= 0.9270
 Domain #:     87  at x=:-0.2500  at y=:-0.2500  Density= 0.9270
 Domain #:    102  at x=:-0.2500  at y=:-0.2500  Density= 0.9270
 Domain #:    103  at x=:-0.2500  at y=:-0.2500  Density= 0.9270
 time=  0.104408723016153     
 Domain #:     86  at x=:-0.2500  at y=:-0.2500  Density= 0.9270
 Domain #:     87  at x=:-0.2500  at y=:-0.2500  Density= 0.9270
 Domain #:    102  at x=:-0.2500  at y=:-0.2500  Density= 0.9269
 Domain #:    103  at x=:-0.2500  at y=:-0.2500  Density= 0.9270
 time=  0.105697719596599     
 Domain #:     86  at x=:-0.2500  at y=:-0.2500  Density= 0.9270
 Domain #:     87  at x=:-0.2500  at y=:-0.2500  Density= 0.9270
 Domain #:    102  at x=:-0.2500  at y=:-0.2500  Density= 0.9269
 Domain #:    103  at x=:-0.2500  at y=:-0.2500  Density= 0.9270
 time=  0.106986716177045     
 Domain #:     86  at x=:-0.2500  at y=:-0.2500  Density= 0.9270
 Domain #:     87  at x=:-0.2500  at y=:-0.2500  Density= 0.9270
 Domain #:    102  at x=:-0.2500  at y=:-0.2500  Density= 0.9269
 Domain #:    103  at x=:-0.2500  at y=:-0.2500  Density= 0.9270
 time=  0.108275712757492     
 Domain #:     86  at x=:-0.2500  at y=:-0.2500  Density= 0.9269
 Domain #:     87  at x=:-0.2500  at y=:-0.2500  Density= 0.9270
 Domain #:    102  at x=:-0.2500  at y=:-0.2500  Density= 0.9269
 Domain #:    103  at x=:-0.2500  at y=:-0.2500  Density= 0.9269
 time=  0.109564709337938     
 Domain #:     86  at x=:-0.2500  at y=:-0.2500  Density= 0.9269
 Domain #:     87  at x=:-0.2500  at y=:-0.2500  Density= 0.9270
 Domain #:    102  at x=:-0.2500  at y=:-0.2500  Density= 0.9269
 Domain #:    103  at x=:-0.2500  at y=:-0.2500  Density= 0.9269
 time=  0.110853705918384     
 Domain #:     86  at x=:-0.2500  at y=:-0.2500  Density= 0.9269
 Domain #:     87  at x=:-0.2500  at y=:-0.2500  Density= 0.9269
 Domain #:    102  at x=:-0.2500  at y=:-0.2500  Density= 0.9269
 Domain #:    103  at x=:-0.2500  at y=:-0.2500  Density= 0.9269
 time=  0.112142702498831     
 Domain #:     86  at x=:-0.2500  at y=:-0.2500  Density= 0.9269
 Domain #:     87  at x=:-0.2500  at y=:-0.2500  Density= 0.9269
 Domain #:    102  at x=:-0.2500  at y=:-0.2500  Density= 0.9269
 Domain #:    103  at x=:-0.2500  at y=:-0.2500  Density= 0.9269
 time=  0.113431699079277     
 Domain #:     86  at x=:-0.2500  at y=:-0.2500  Density= 0.9269
 Domain #:     87  at x=:-0.2500  at y=:-0.2500  Density= 0.9269
 Domain #:    102  at x=:-0.2500  at y=:-0.2500  Density= 0.9269
 Domain #:    103  at x=:-0.2500  at y=:-0.2500  Density= 0.9269
 time=  0.114720695659723     
 Domain #:     86  at x=:-0.2500  at y=:-0.2500  Density= 0.9269
 Domain #:     87  at x=:-0.2500  at y=:-0.2500  Density= 0.9269
 Domain #:    102  at x=:-0.2500  at y=:-0.2500  Density= 0.9269
 Domain #:    103  at x=:-0.2500  at y=:-0.2500  Density= 0.9269
 time=  0.116009692240170     
 Domain #:     86  at x=:-0.2500  at y=:-0.2500  Density= 0.9269
 Domain #:     87  at x=:-0.2500  at y=:-0.2500  Density= 0.9269
 Domain #:    102  at x=:-0.2500  at y=:-0.2500  Density= 0.9269
 Domain #:    103  at x=:-0.2500  at y=:-0.2500  Density= 0.9269
 time=  0.117298688820616     
 Domain #:     86  at x=:-0.2500  at y=:-0.2500  Density= 0.9269
 Domain #:     87  at x=:-0.2500  at y=:-0.2500  Density= 0.9269
 Domain #:    102  at x=:-0.2500  at y=:-0.2500  Density= 0.9269
 Domain #:    103  at x=:-0.2500  at y=:-0.2500  Density= 0.9269
 time=  0.118587685401062     
 Domain #:     86  at x=:-0.2500  at y=:-0.2500  Density= 0.9269
 Domain #:     87  at x=:-0.2500  at y=:-0.2500  Density= 0.9269
 Domain #:    102  at x=:-0.2500  at y=:-0.2500  Density= 0.9269
 Domain #:    103  at x=:-0.2500  at y=:-0.2500  Density= 0.9269
 time=  0.119876681981509     
 Domain #:     86  at x=:-0.2500  at y=:-0.2500  Density= 0.9269
 Domain #:     87  at x=:-0.2500  at y=:-0.2500  Density= 0.9269
 Domain #:    102  at x=:-0.2500  at y=:-0.2500  Density= 0.9269
 Domain #:    103  at x=:-0.2500  at y=:-0.2500  Density= 0.9269
 time=  0.121165678561955     
 Domain #:     86  at x=:-0.2500  at y=:-0.2500  Density= 0.9269
 Domain #:     87  at x=:-0.2500  at y=:-0.2500  Density= 0.9269
 Domain #:    102  at x=:-0.2500  at y=:-0.2500  Density= 0.9269
 Domain #:    103  at x=:-0.2500  at y=:-0.2500  Density= 0.9269
 time=  0.122454675142401     
 Domain #:     86  at x=:-0.2500  at y=:-0.2500  Density= 0.9269
 Domain #:     87  at x=:-0.2500  at y=:-0.2500  Density= 0.9269
 Domain #:    102  at x=:-0.2500  at y=:-0.2500  Density= 0.9269
 Domain #:    103  at x=:-0.2500  at y=:-0.2500  Density= 0.9269
 time=  0.123743671722848     
 Domain #:     86  at x=:-0.2500  at y=:-0.2500  Density= 0.9269
 Domain #:     87  at x=:-0.2500  at y=:-0.2500  Density= 0.9269
 Domain #:    102  at x=:-0.2500  at y=:-0.2500  Density= 0.9269
 Domain #:    103  at x=:-0.2500  at y=:-0.2500  Density= 0.9269
 time=  0.125032668303294     
 Domain #:     86  at x=:-0.2500  at y=:-0.2500  Density= 0.9269
 Domain #:     87  at x=:-0.2500  at y=:-0.2500  Density= 0.9269
 Domain #:    102  at x=:-0.2500  at y=:-0.2500  Density= 0.9269
 Domain #:    103  at x=:-0.2500  at y=:-0.2500  Density= 0.9269
 time=  0.126321664883740     
 Domain #:     86  at x=:-0.2500  at y=:-0.2500  Density= 0.9269
 Domain #:     87  at x=:-0.2500  at y=:-0.2500  Density= 0.9269
 Domain #:    102  at x=:-0.2500  at y=:-0.2500  Density= 0.9269
 Domain #:    103  at x=:-0.2500  at y=:-0.2500  Density= 0.9269
 time=  0.127610661464187     
 Domain #:     86  at x=:-0.2500  at y=:-0.2500  Density= 0.9269
 Domain #:     87  at x=:-0.2500  at y=:-0.2500  Density= 0.9268
 Domain #:    102  at x=:-0.2500  at y=:-0.2500  Density= 0.9269
 Domain #:    103  at x=:-0.2500  at y=:-0.2500  Density= 0.9268
 time=  0.128899658044633     
 Domain #:     86  at x=:-0.2500  at y=:-0.2500  Density= 0.9268
 Domain #:     87  at x=:-0.2500  at y=:-0.2500  Density= 0.9268
 Domain #:    102  at x=:-0.2500  at y=:-0.2500  Density= 0.9268
 Domain #:    103  at x=:-0.2500  at y=:-0.2500  Density= 0.9268
 time=  0.130188654625080     
 Domain #:     86  at x=:-0.2500  at y=:-0.2500  Density= 0.9268
 Domain #:     87  at x=:-0.2500  at y=:-0.2500  Density= 0.9268
 Domain #:    102  at x=:-0.2500  at y=:-0.2500  Density= 0.9268
 Domain #:    103  at x=:-0.2500  at y=:-0.2500  Density= 0.9268
 time=  0.131477651205526     
 Domain #:     86  at x=:-0.2500  at y=:-0.2500  Density= 0.9268
 Domain #:     87  at x=:-0.2500  at y=:-0.2500  Density= 0.9268
 Domain #:    102  at x=:-0.2500  at y=:-0.2500  Density= 0.9268
 Domain #:    103  at x=:-0.2500  at y=:-0.2500  Density= 0.9268
 time=  0.132766647785972     
 Domain #:     86  at x=:-0.2500  at y=:-0.2500  Density= 0.9268
 Domain #:     87  at x=:-0.2500  at y=:-0.2500  Density= 0.9268
 Domain #:    102  at x=:-0.2500  at y=:-0.2500  Density= 0.9268
 Domain #:    103  at x=:-0.2500  at y=:-0.2500  Density= 0.9268
 time=  0.134055644366419     
 Domain #:     86  at x=:-0.2500  at y=:-0.2500  Density= 0.9268
 Domain #:     87  at x=:-0.2500  at y=:-0.2500  Density= 0.9268
 Domain #:    102  at x=:-0.2500  at y=:-0.2500  Density= 0.9268
 Domain #:    103  at x=:-0.2500  at y=:-0.2500  Density= 0.9268
 time=  0.135344640946865     
 Domain #:     86  at x=:-0.2500  at y=:-0.2500  Density= 0.9268
 Domain #:     87  at x=:-0.2500  at y=:-0.2500  Density= 0.9268
 Domain #:    102  at x=:-0.2500  at y=:-0.2500  Density= 0.9268
 Domain #:    103  at x=:-0.2500  at y=:-0.2500  Density= 0.9268
 time=  0.136633637527311     
 Domain #:     86  at x=:-0.2500  at y=:-0.2500  Density= 0.9268
 Domain #:     87  at x=:-0.2500  at y=:-0.2500  Density= 0.9268
 Domain #:    102  at x=:-0.2500  at y=:-0.2500  Density= 0.9268
 Domain #:    103  at x=:-0.2500  at y=:-0.2500  Density= 0.9268
 time=  0.137922634107758     
 Domain #:     86  at x=:-0.2500  at y=:-0.2500  Density= 0.9268
 Domain #:     87  at x=:-0.2500  at y=:-0.2500  Density= 0.9267
 Domain #:    102  at x=:-0.2500  at y=:-0.2500  Density= 0.9268
 Domain #:    103  at x=:-0.2500  at y=:-0.2500  Density= 0.9268
 time=  0.139211630688204     
 Domain #:     86  at x=:-0.2500  at y=:-0.2500  Density= 0.9267
 Domain #:     87  at x=:-0.2500  at y=:-0.2500  Density= 0.9267
 Domain #:    102  at x=:-0.2500  at y=:-0.2500  Density= 0.9268
 Domain #:    103  at x=:-0.2500  at y=:-0.2500  Density= 0.9267
 time=  0.140500627268650     
 Domain #:     86  at x=:-0.2500  at y=:-0.2500  Density= 0.9267
 Domain #:     87  at x=:-0.2500  at y=:-0.2500  Density= 0.9267
 Domain #:    102  at x=:-0.2500  at y=:-0.2500  Density= 0.9267
 Domain #:    103  at x=:-0.2500  at y=:-0.2500  Density= 0.9267
 time=  0.141789623849097     
 Domain #:     86  at x=:-0.2500  at y=:-0.2500  Density= 0.9267
 Domain #:     87  at x=:-0.2500  at y=:-0.2500  Density= 0.9267
 Domain #:    102  at x=:-0.2500  at y=:-0.2500  Density= 0.9267
 Domain #:    103  at x=:-0.2500  at y=:-0.2500  Density= 0.9267
 time=  0.143078620429543     
 Domain #:     86  at x=:-0.2500  at y=:-0.2500  Density= 0.9267
 Domain #:     87  at x=:-0.2500  at y=:-0.2500  Density= 0.9267
 Domain #:    102  at x=:-0.2500  at y=:-0.2500  Density= 0.9267
 Domain #:    103  at x=:-0.2500  at y=:-0.2500  Density= 0.9267
 time=  0.144367617009989     
 Domain #:     86  at x=:-0.2500  at y=:-0.2500  Density= 0.9267
 Domain #:     87  at x=:-0.2500  at y=:-0.2500  Density= 0.9267
 Domain #:    102  at x=:-0.2500  at y=:-0.2500  Density= 0.9267
 Domain #:    103  at x=:-0.2500  at y=:-0.2500  Density= 0.9267
 time=  0.145656613590436     
 Domain #:     86  at x=:-0.2500  at y=:-0.2500  Density= 0.9267
 Domain #:     87  at x=:-0.2500  at y=:-0.2500  Density= 0.9266
 Domain #:    102  at x=:-0.2500  at y=:-0.2500  Density= 0.9267
 Domain #:    103  at x=:-0.2500  at y=:-0.2500  Density= 0.9267
 time=  0.146945610170882     
 Domain #:     86  at x=:-0.2500  at y=:-0.2500  Density= 0.9266
 Domain #:     87  at x=:-0.2500  at y=:-0.2500  Density= 0.9266
 Domain #:    102  at x=:-0.2500  at y=:-0.2500  Density= 0.9267
 Domain #:    103  at x=:-0.2500  at y=:-0.2500  Density= 0.9266
 time=  0.148234606751328     
 Domain #:     86  at x=:-0.2500  at y=:-0.2500  Density= 0.9266
 Domain #:     87  at x=:-0.2500  at y=:-0.2500  Density= 0.9266
 Domain #:    102  at x=:-0.2500  at y=:-0.2500  Density= 0.9266
 Domain #:    103  at x=:-0.2500  at y=:-0.2500  Density= 0.9266
 time=  0.149523603331775     
 Domain #:     86  at x=:-0.2500  at y=:-0.2500  Density= 0.9266
 Domain #:     87  at x=:-0.2500  at y=:-0.2500  Density= 0.9266
 Domain #:    102  at x=:-0.2500  at y=:-0.2500  Density= 0.9266
 Domain #:    103  at x=:-0.2500  at y=:-0.2500  Density= 0.9266
 time=  0.150812599912221     
 Domain #:     86  at x=:-0.2500  at y=:-0.2500  Density= 0.9266
 Domain #:     87  at x=:-0.2500  at y=:-0.2500  Density= 0.9266
 Domain #:    102  at x=:-0.2500  at y=:-0.2500  Density= 0.9266
 Domain #:    103  at x=:-0.2500  at y=:-0.2500  Density= 0.9266
 time=  0.152101596492667     
 Domain #:     86  at x=:-0.2500  at y=:-0.2500  Density= 0.9265
 Domain #:     87  at x=:-0.2500  at y=:-0.2500  Density= 0.9265
 Domain #:    102  at x=:-0.2500  at y=:-0.2500  Density= 0.9266
 Domain #:    103  at x=:-0.2500  at y=:-0.2500  Density= 0.9266
 time=  0.153390593073114     
 Domain #:     86  at x=:-0.2500  at y=:-0.2500  Density= 0.9265
 Domain #:     87  at x=:-0.2500  at y=:-0.2500  Density= 0.9265
 Domain #:    102  at x=:-0.2500  at y=:-0.2500  Density= 0.9266
 Domain #:    103  at x=:-0.2500  at y=:-0.2500  Density= 0.9265
 time=  0.154679589653560     
 Domain #:     86  at x=:-0.2500  at y=:-0.2500  Density= 0.9265
 Domain #:     87  at x=:-0.2500  at y=:-0.2500  Density= 0.9265
 Domain #:    102  at x=:-0.2500  at y=:-0.2500  Density= 0.9265
 Domain #:    103  at x=:-0.2500  at y=:-0.2500  Density= 0.9265
 time=  0.155968586234006     
 Domain #:     86  at x=:-0.2500  at y=:-0.2500  Density= 0.9265
 Domain #:     87  at x=:-0.2500  at y=:-0.2500  Density= 0.9265
 Domain #:    102  at x=:-0.2500  at y=:-0.2500  Density= 0.9265
 Domain #:    103  at x=:-0.2500  at y=:-0.2500  Density= 0.9265
 time=  0.157257582814453     
 Domain #:     86  at x=:-0.2500  at y=:-0.2500  Density= 0.9265
 Domain #:     87  at x=:-0.2500  at y=:-0.2500  Density= 0.9264
 Domain #:    102  at x=:-0.2500  at y=:-0.2500  Density= 0.9265
 Domain #:    103  at x=:-0.2500  at y=:-0.2500  Density= 0.9265
 time=  0.158546579394899     
 Domain #:     86  at x=:-0.2500  at y=:-0.2500  Density= 0.9264
 Domain #:     87  at x=:-0.2500  at y=:-0.2500  Density= 0.9264
 Domain #:    102  at x=:-0.2500  at y=:-0.2500  Density= 0.9265
 Domain #:    103  at x=:-0.2500  at y=:-0.2500  Density= 0.9265
 time=  0.159835575975345     
 Domain #:     86  at x=:-0.2500  at y=:-0.2500  Density= 0.9264
 Domain #:     87  at x=:-0.2500  at y=:-0.2500  Density= 0.9264
 Domain #:    102  at x=:-0.2500  at y=:-0.2500  Density= 0.9264
 Domain #:    103  at x=:-0.2500  at y=:-0.2500  Density= 0.9264
 time=  0.161124572555792     
 Domain #:     86  at x=:-0.2500  at y=:-0.2500  Density= 0.9264
 Domain #:     87  at x=:-0.2500  at y=:-0.2500  Density= 0.9264
 Domain #:    102  at x=:-0.2500  at y=:-0.2500  Density= 0.9264
 Domain #:    103  at x=:-0.2500  at y=:-0.2500  Density= 0.9264
 time=  0.162413569136238     
 Domain #:     86  at x=:-0.2500  at y=:-0.2500  Density= 0.9264
 Domain #:     87  at x=:-0.2500  at y=:-0.2500  Density= 0.9263
 Domain #:    102  at x=:-0.2500  at y=:-0.2500  Density= 0.9264
 Domain #:    103  at x=:-0.2500  at y=:-0.2500  Density= 0.9264
 time=  0.163702565716684     
 Domain #:     86  at x=:-0.2500  at y=:-0.2500  Density= 0.9263
 Domain #:     87  at x=:-0.2500  at y=:-0.2500  Density= 0.9263
 Domain #:    102  at x=:-0.2500  at y=:-0.2500  Density= 0.9264
 Domain #:    103  at x=:-0.2500  at y=:-0.2500  Density= 0.9264
 time=  0.164991562297131     
 Domain #:     86  at x=:-0.2500  at y=:-0.2500  Density= 0.9263
 Domain #:     87  at x=:-0.2500  at y=:-0.2500  Density= 0.9263
 Domain #:    102  at x=:-0.2500  at y=:-0.2500  Density= 0.9264
 Domain #:    103  at x=:-0.2500  at y=:-0.2500  Density= 0.9264
 time=  0.166280558877577     
 Domain #:     86  at x=:-0.2500  at y=:-0.2500  Density= 0.9263
 Domain #:     87  at x=:-0.2500  at y=:-0.2500  Density= 0.9263
 Domain #:    102  at x=:-0.2500  at y=:-0.2500  Density= 0.9263
 Domain #:    103  at x=:-0.2500  at y=:-0.2500  Density= 0.9263
 time=  0.167569555458023     
 Domain #:     86  at x=:-0.2500  at y=:-0.2500  Density= 0.9263
 Domain #:     87  at x=:-0.2500  at y=:-0.2500  Density= 0.9263
 Domain #:    102  at x=:-0.2500  at y=:-0.2500  Density= 0.9263
 Domain #:    103  at x=:-0.2500  at y=:-0.2500  Density= 0.9263
 time=  0.168858552038470     
 Domain #:     86  at x=:-0.2500  at y=:-0.2500  Density= 0.9263
 Domain #:     87  at x=:-0.2500  at y=:-0.2500  Density= 0.9263
 Domain #:    102  at x=:-0.2500  at y=:-0.2500  Density= 0.9263
 Domain #:    103  at x=:-0.2500  at y=:-0.2500  Density= 0.9263
 time=  0.170147548618916     
 Domain #:     86  at x=:-0.2500  at y=:-0.2500  Density= 0.9262
 Domain #:     87  at x=:-0.2500  at y=:-0.2500  Density= 0.9262
 Domain #:    102  at x=:-0.2500  at y=:-0.2500  Density= 0.9263
 Domain #:    103  at x=:-0.2500  at y=:-0.2500  Density= 0.9263
 time=  0.171436545199363     
 Domain #:     86  at x=:-0.2500  at y=:-0.2500  Density= 0.9262
 Domain #:     87  at x=:-0.2500  at y=:-0.2500  Density= 0.9262
 Domain #:    102  at x=:-0.2500  at y=:-0.2500  Density= 0.9263
 Domain #:    103  at x=:-0.2500  at y=:-0.2500  Density= 0.9263
 time=  0.172725541779809     
 Domain #:     86  at x=:-0.2500  at y=:-0.2500  Density= 0.9262
 Domain #:     87  at x=:-0.2500  at y=:-0.2500  Density= 0.9262
 Domain #:    102  at x=:-0.2500  at y=:-0.2500  Density= 0.9263
 Domain #:    103  at x=:-0.2500  at y=:-0.2500  Density= 0.9263
 time=  0.174014538360255     
 Domain #:     86  at x=:-0.2500  at y=:-0.2500  Density= 0.9262
 Domain #:     87  at x=:-0.2500  at y=:-0.2500  Density= 0.9262
 Domain #:    102  at x=:-0.2500  at y=:-0.2500  Density= 0.9263
 Domain #:    103  at x=:-0.2500  at y=:-0.2500  Density= 0.9262
 time=  0.175303534940702     
 Domain #:     86  at x=:-0.2500  at y=:-0.2500  Density= 0.9262
 Domain #:     87  at x=:-0.2500  at y=:-0.2500  Density= 0.9262
 Domain #:    102  at x=:-0.2500  at y=:-0.2500  Density= 0.9263
 Domain #:    103  at x=:-0.2500  at y=:-0.2500  Density= 0.9262
 time=  0.176592531521148     
 Domain #:     86  at x=:-0.2500  at y=:-0.2500  Density= 0.9262
 Domain #:     87  at x=:-0.2500  at y=:-0.2500  Density= 0.9262
 Domain #:    102  at x=:-0.2500  at y=:-0.2500  Density= 0.9263
 Domain #:    103  at x=:-0.2500  at y=:-0.2500  Density= 0.9262
 time=  0.177881528101594     
 Domain #:     86  at x=:-0.2500  at y=:-0.2500  Density= 0.9262
 Domain #:     87  at x=:-0.2500  at y=:-0.2500  Density= 0.9262
 Domain #:    102  at x=:-0.2500  at y=:-0.2500  Density= 0.9262
 Domain #:    103  at x=:-0.2500  at y=:-0.2500  Density= 0.9262
 time=  0.179170524682041     
 Domain #:     86  at x=:-0.2500  at y=:-0.2500  Density= 0.9262
 Domain #:     87  at x=:-0.2500  at y=:-0.2500  Density= 0.9262
 Domain #:    102  at x=:-0.2500  at y=:-0.2500  Density= 0.9262
 Domain #:    103  at x=:-0.2500  at y=:-0.2500  Density= 0.9262
 time=  0.180459521262487     
 Domain #:     86  at x=:-0.2500  at y=:-0.2500  Density= 0.9262
 Domain #:     87  at x=:-0.2500  at y=:-0.2500  Density= 0.9262
 Domain #:    102  at x=:-0.2500  at y=:-0.2500  Density= 0.9263
 Domain #:    103  at x=:-0.2500  at y=:-0.2500  Density= 0.9262
 time=  0.181748517842933     
 Domain #:     86  at x=:-0.2500  at y=:-0.2500  Density= 0.9262
 Domain #:     87  at x=:-0.2500  at y=:-0.2500  Density= 0.9262
 Domain #:    102  at x=:-0.2500  at y=:-0.2500  Density= 0.9263
 Domain #:    103  at x=:-0.2500  at y=:-0.2500  Density= 0.9262
 time=  0.183037514423380     
 Domain #:     86  at x=:-0.2500  at y=:-0.2500  Density= 0.9262
 Domain #:     87  at x=:-0.2500  at y=:-0.2500  Density= 0.9262
 Domain #:    102  at x=:-0.2500  at y=:-0.2500  Density= 0.9263
 Domain #:    103  at x=:-0.2500  at y=:-0.2500  Density= 0.9262
 time=  0.184326511003826     
 Domain #:     86  at x=:-0.2500  at y=:-0.2500  Density= 0.9262
 Domain #:     87  at x=:-0.2500  at y=:-0.2500  Density= 0.9262
 Domain #:    102  at x=:-0.2500  at y=:-0.2500  Density= 0.9263
 Domain #:    103  at x=:-0.2500  at y=:-0.2500  Density= 0.9263
 time=  0.185615507584272     
 Domain #:     86  at x=:-0.2500  at y=:-0.2500  Density= 0.9262
 Domain #:     87  at x=:-0.2500  at y=:-0.2500  Density= 0.9262
 Domain #:    102  at x=:-0.2500  at y=:-0.2500  Density= 0.9263
 Domain #:    103  at x=:-0.2500  at y=:-0.2500  Density= 0.9263
 time=  0.186904504164719     
 Domain #:     86  at x=:-0.2500  at y=:-0.2500  Density= 0.9263
 Domain #:     87  at x=:-0.2500  at y=:-0.2500  Density= 0.9263
 Domain #:    102  at x=:-0.2500  at y=:-0.2500  Density= 0.9263
 Domain #:    103  at x=:-0.2500  at y=:-0.2500  Density= 0.9263
 time=  0.188193500745165     
 Domain #:     86  at x=:-0.2500  at y=:-0.2500  Density= 0.9263
 Domain #:     87  at x=:-0.2500  at y=:-0.2500  Density= 0.9263
 Domain #:    102  at x=:-0.2500  at y=:-0.2500  Density= 0.9263
 Domain #:    103  at x=:-0.2500  at y=:-0.2500  Density= 0.9263
 time=  0.189482497325611     
 Domain #:     86  at x=:-0.2500  at y=:-0.2500  Density= 0.9263
 Domain #:     87  at x=:-0.2500  at y=:-0.2500  Density= 0.9263
 Domain #:    102  at x=:-0.2500  at y=:-0.2500  Density= 0.9263
 Domain #:    103  at x=:-0.2500  at y=:-0.2500  Density= 0.9263
 time=  0.190771493906058     
 Domain #:     86  at x=:-0.2500  at y=:-0.2500  Density= 0.9263
 Domain #:     87  at x=:-0.2500  at y=:-0.2500  Density= 0.9263
 Domain #:    102  at x=:-0.2500  at y=:-0.2500  Density= 0.9264
 Domain #:    103  at x=:-0.2500  at y=:-0.2500  Density= 0.9264
 time=  0.192060490486504     
 Domain #:     86  at x=:-0.2500  at y=:-0.2500  Density= 0.9264
 Domain #:     87  at x=:-0.2500  at y=:-0.2500  Density= 0.9264
 Domain #:    102  at x=:-0.2500  at y=:-0.2500  Density= 0.9264
 Domain #:    103  at x=:-0.2500  at y=:-0.2500  Density= 0.9264
 time=  0.193349487066950     
 Domain #:     86  at x=:-0.2500  at y=:-0.2500  Density= 0.9264
 Domain #:     87  at x=:-0.2500  at y=:-0.2500  Density= 0.9264
 Domain #:    102  at x=:-0.2500  at y=:-0.2500  Density= 0.9264
 Domain #:    103  at x=:-0.2500  at y=:-0.2500  Density= 0.9264
 time=  0.194638483647397     
 Domain #:     86  at x=:-0.2500  at y=:-0.2500  Density= 0.9264
 Domain #:     87  at x=:-0.2500  at y=:-0.2500  Density= 0.9264
 Domain #:    102  at x=:-0.2500  at y=:-0.2500  Density= 0.9265
 Domain #:    103  at x=:-0.2500  at y=:-0.2500  Density= 0.9265
 time=  0.195927480227843     
 Domain #:     86  at x=:-0.2500  at y=:-0.2500  Density= 0.9265
 Domain #:     87  at x=:-0.2500  at y=:-0.2500  Density= 0.9265
 Domain #:    102  at x=:-0.2500  at y=:-0.2500  Density= 0.9265
 Domain #:    103  at x=:-0.2500  at y=:-0.2500  Density= 0.9265
 time=  0.197216476808289     
 Domain #:     86  at x=:-0.2500  at y=:-0.2500  Density= 0.9265
 Domain #:     87  at x=:-0.2500  at y=:-0.2500  Density= 0.9265
 Domain #:    102  at x=:-0.2500  at y=:-0.2500  Density= 0.9266
 Domain #:    103  at x=:-0.2500  at y=:-0.2500  Density= 0.9266
 time=  0.198505473388736     
 Domain #:     86  at x=:-0.2500  at y=:-0.2500  Density= 0.9266
 Domain #:     87  at x=:-0.2500  at y=:-0.2500  Density= 0.9266
 Domain #:    102  at x=:-0.2500  at y=:-0.2500  Density= 0.9266
 Domain #:    103  at x=:-0.2500  at y=:-0.2500  Density= 0.9266
 time=  0.199794469969182     
 Domain #:     86  at x=:-0.2500  at y=:-0.2500  Density= 0.9265
 Domain #:     87  at x=:-0.2500  at y=:-0.2500  Density= 0.9265
 Domain #:    102  at x=:-0.2500  at y=:-0.2500  Density= 0.9265
 Domain #:    103  at x=:-0.2500  at y=:-0.2500  Density= 0.9265
 time=  0.200000000000000     
 error_L2=   1.41421356203219      error_max=  0.999938347155609     
Fortran, cost  1701.446342 s
